Removed Pin From Net: NetName=B+_$ChannelName Pin=R9.B1-2
Removed Pin From Net: NetName=B+_$ChannelName Pin=R9.B2-2
Removed Pin From Net: NetName=B+_$ChannelName Pin=R9.B3-2
Removed Pin From Net: NetName=B+_$ChannelName Pin=R9.B4-2
Removed Pin From Net: NetName=B+_$ChannelName Pin=R9.B5-2
Change Component Designator: OldDesignator=R3.B1 NewDesignator=R22.B1
Change Component Designator: OldDesignator=R3.B2 NewDesignator=R22.B2
Change Component Designator: OldDesignator=R3.B3 NewDesignator=R22.B3
Change Component Designator: OldDesignator=R3.B4 NewDesignator=R22.B4
Change Component Designator: OldDesignator=R3.B5 NewDesignator=R22.B5
Change Component Designator: OldDesignator=R3.B6 NewDesignator=R22.B6
Change Component Designator: OldDesignator=R5.B1 NewDesignator=R7.B1
Change Component Designator: OldDesignator=R5.B2 NewDesignator=R7.B2
Change Component Designator: OldDesignator=R5.B3 NewDesignator=R7.B3
Change Component Designator: OldDesignator=R5.B4 NewDesignator=R7.B4
Change Component Designator: OldDesignator=R5.B5 NewDesignator=R7.B5
Change Component Designator: OldDesignator=R5.B6 NewDesignator=R7.B6
Change Component Designator: OldDesignator=R6.B1 NewDesignator=R8.B1
Change Component Designator: OldDesignator=R6.B2 NewDesignator=R8.B2
Change Component Designator: OldDesignator=R6.B3 NewDesignator=R8.B3
Change Component Designator: OldDesignator=R6.B4 NewDesignator=R8.B4
Change Component Designator: OldDesignator=R6.B5 NewDesignator=R8.B5
Change Component Designator: OldDesignator=R6.B6 NewDesignator=R8.B6
Change Component Designator: OldDesignator=R7.B1 NewDesignator=R9.B1
Change Component Designator: OldDesignator=R7.B2 NewDesignator=R9.B2
Change Component Designator: OldDesignator=R7.B3 NewDesignator=R9.B3
Change Component Designator: OldDesignator=R7.B4 NewDesignator=R9.B4
Change Component Designator: OldDesignator=R7.B5 NewDesignator=R9.B5
Change Component Designator: OldDesignator=R7.B6 NewDesignator=R9.B6
Change Component Designator: OldDesignator=R8.B1 NewDesignator=R10.B1
Change Component Designator: OldDesignator=R8.B2 NewDesignator=R10.B2
Change Component Designator: OldDesignator=R8.B3 NewDesignator=R10.B3
Change Component Designator: OldDesignator=R8.B4 NewDesignator=R10.B4
Change Component Designator: OldDesignator=R8.B5 NewDesignator=R10.B5
Change Component Designator: OldDesignator=R8.B6 NewDesignator=R10.B6
Change Component Designator: OldDesignator=R9.B1 NewDesignator=R11.B1
Change Component Designator: OldDesignator=R9.B2 NewDesignator=R11.B2
Change Component Designator: OldDesignator=R9.B3 NewDesignator=R11.B3
Change Component Designator: OldDesignator=R9.B4 NewDesignator=R11.B4
Change Component Designator: OldDesignator=R9.B5 NewDesignator=R11.B5
Change Component Designator: OldDesignator=R9.B6 NewDesignator=R11.B6
Change Component Designator: OldDesignator=R10.B1 NewDesignator=R12.B1
Change Component Designator: OldDesignator=R10.B2 NewDesignator=R12.B2
Change Component Designator: OldDesignator=R10.B3 NewDesignator=R12.B3
Change Component Designator: OldDesignator=R10.B4 NewDesignator=R12.B4
Change Component Designator: OldDesignator=R10.B5 NewDesignator=R12.B5
Change Component Designator: OldDesignator=R10.B6 NewDesignator=R12.B6
Change Component Designator: OldDesignator=R11.B1 NewDesignator=R13.B1
Change Component Designator: OldDesignator=R11.B2 NewDesignator=R13.B2
Change Component Designator: OldDesignator=R11.B3 NewDesignator=R13.B3
Change Component Designator: OldDesignator=R11.B4 NewDesignator=R13.B4
Change Component Designator: OldDesignator=R11.B5 NewDesignator=R13.B5
Change Component Designator: OldDesignator=R11.B6 NewDesignator=R13.B6
Change Component Designator: OldDesignator=R12.B1 NewDesignator=R14.B1
Change Component Designator: OldDesignator=R12.B2 NewDesignator=R14.B2
Change Component Designator: OldDesignator=R12.B3 NewDesignator=R14.B3
Change Component Designator: OldDesignator=R12.B4 NewDesignator=R14.B4
Change Component Designator: OldDesignator=R12.B5 NewDesignator=R14.B5
Change Component Designator: OldDesignator=R12.B6 NewDesignator=R14.B6
Change Component Designator: OldDesignator=R13.B1 NewDesignator=R15.B1
Change Component Designator: OldDesignator=R13.B2 NewDesignator=R15.B2
Change Component Designator: OldDesignator=R13.B3 NewDesignator=R15.B3
Change Component Designator: OldDesignator=R13.B4 NewDesignator=R15.B4
Change Component Designator: OldDesignator=R13.B5 NewDesignator=R15.B5
Change Component Designator: OldDesignator=R13.B6 NewDesignator=R15.B6
Change Component Designator: OldDesignator=R14.B1 NewDesignator=R16.B1
Change Component Designator: OldDesignator=R14.B2 NewDesignator=R16.B2
Change Component Designator: OldDesignator=R14.B3 NewDesignator=R16.B3
Change Component Designator: OldDesignator=R14.B4 NewDesignator=R16.B4
Change Component Designator: OldDesignator=R14.B5 NewDesignator=R16.B5
Change Component Designator: OldDesignator=R14.B6 NewDesignator=R16.B6
Change Component Designator: OldDesignator=R15.B1 NewDesignator=R17.B1
Change Component Designator: OldDesignator=R15.B2 NewDesignator=R17.B2
Change Component Designator: OldDesignator=R15.B3 NewDesignator=R17.B3
Change Component Designator: OldDesignator=R15.B4 NewDesignator=R17.B4
Change Component Designator: OldDesignator=R15.B5 NewDesignator=R17.B5
Change Component Designator: OldDesignator=R15.B6 NewDesignator=R17.B6
Change Component Designator: OldDesignator=R16 NewDesignator=R18
Change Component Designator: OldDesignator=R17 NewDesignator=R19
Change Component Designator: OldDesignator=R18 NewDesignator=R20
Change Component Designator: OldDesignator=R19 NewDesignator=R21
Added Pin To Net: NetName=B+_$ChannelName Pin=R11.B1-2
Added Pin To Net: NetName=B+_$ChannelName Pin=R11.B2-2
Added Pin To Net: NetName=B+_$ChannelName Pin=R11.B3-2
Added Pin To Net: NetName=B+_$ChannelName Pin=R11.B4-2
Added Pin To Net: NetName=B+_$ChannelName Pin=R11.B5-2
Change Net Name : Old Net Name=NetR9.B1_1 New Net Name=NetR11.B1_1
Change Net Name : Old Net Name=NetR9.B2_1 New Net Name=NetR11.B2_1
Change Net Name : Old Net Name=NetR9.B3_1 New Net Name=NetR11.B3_1
Change Net Name : Old Net Name=NetR9.B4_1 New Net Name=NetR11.B4_1
Change Net Name : Old Net Name=NetR9.B5_1 New Net Name=NetR11.B5_1
Change Net Name : Old Net Name=NetR9.B6_1 New Net Name=NetR11.B6_1
Added Member To Class: ClassName=B1 Member=Component R16.B1 (R16) Res3
Added Member To Class: ClassName=B2 Member=Component R16.B2 (R16) Res3
Added Member To Class: ClassName=B3 Member=Component R16.B3 (R16) Res3
Added Member To Class: ClassName=B4 Member=Component R16.B4 (R16) Res3
Added Member To Class: ClassName=B5 Member=Component R16.B5 (R16) Res3
Added Member To Class: ClassName=B6 Member=Component R16.B6 (R16) Res3
Added Member To Class: ClassName=B1 Member=Component R17.B1 (R17) Res3
Added Member To Class: ClassName=B2 Member=Component R17.B2 (R17) Res3
Added Member To Class: ClassName=B3 Member=Component R17.B3 (R17) Res3
Added Member To Class: ClassName=B4 Member=Component R17.B4 (R17) Res3
Added Member To Class: ClassName=B5 Member=Component R17.B5 (R17) Res3
Added Member To Class: ClassName=B6 Member=Component R17.B6 (R17) Res3
Added Member To Class: ClassName=B1 Member=Component R22.B1 (R22) Res3
Added Member To Class: ClassName=B2 Member=Component R22.B2 (R22) Res3
Added Member To Class: ClassName=B3 Member=Component R22.B3 (R22) Res3
Added Member To Class: ClassName=B4 Member=Component R22.B4 (R22) Res3
Added Member To Class: ClassName=B5 Member=Component R22.B5 (R22) Res3
Added Member To Class: ClassName=B6 Member=Component R22.B6 (R22) Res3
