Removed Pin From Net: NetName=NetNMOS_Bat1_1 Pin=OC_1_Bat1-3
Removed Pin From Net: NetName=NetOC_1_Bat1_4 Pin=OC_1_Bat1-4
Removed Pin From Net: NetName=NetNMOS_Bat2_1 Pin=OC_1_Bat2-3
Removed Pin From Net: NetName=NetOC_1_Bat2_4 Pin=OC_1_Bat2-4
Removed Pin From Net: NetName=NetNMOS_Bat3_1 Pin=OC_1_Bat3-3
Removed Pin From Net: NetName=NetOC_1_Bat3_4 Pin=OC_1_Bat3-4
Removed Pin From Net: NetName=NetNMOS_Bat4_1 Pin=OC_1_Bat4-3
Removed Pin From Net: NetName=NetOC_1_Bat4_4 Pin=OC_1_Bat4-4
Removed Pin From Net: NetName=NetNMOS_Bat5_1 Pin=OC_1_Bat5-3
Removed Pin From Net: NetName=NetOC_1_Bat5_4 Pin=OC_1_Bat5-4
Removed Pin From Net: NetName=NetNMOS_Bat6_1 Pin=OC_1_Bat6-3
Removed Pin From Net: NetName=NetOC_1_Bat6_4 Pin=OC_1_Bat6-4
Removed Pin From Net: NetName=NetOC_2_Bat1_3 Pin=PMos_Bat1-4
Removed Pin From Net: NetName=NetOC_2_Bat2_3 Pin=PMos_Bat2-4
Removed Pin From Net: NetName=NetOC_2_Bat3_3 Pin=PMos_Bat3-4
Removed Pin From Net: NetName=NetOC_2_Bat4_3 Pin=PMos_Bat4-4
Removed Pin From Net: NetName=NetOC_2_Bat5_3 Pin=PMos_Bat5-4
Removed Pin From Net: NetName=NetOC_2_Bat6_3 Pin=PMos_Bat6-4
Removed Pin From Net: NetName=NetOC_2_Bat1_3 Pin=R1_Bat1-1
Removed Pin From Net: NetName=NetOC_2_Bat2_3 Pin=R1_Bat2-1
Removed Pin From Net: NetName=NetOC_2_Bat3_3 Pin=R1_Bat3-1
Removed Pin From Net: NetName=NetOC_2_Bat4_3 Pin=R1_Bat4-1
Removed Pin From Net: NetName=NetOC_2_Bat5_3 Pin=R1_Bat5-1
Removed Pin From Net: NetName=NetOC_2_Bat6_3 Pin=R1_Bat6-1
Removed Pin From Net: NetName=NetOC_2_Bat1_4 Pin=R8_Bat1-2
Removed Pin From Net: NetName=NetOC_2_Bat2_4 Pin=R8_Bat2-2
Removed Pin From Net: NetName=NetOC_2_Bat3_4 Pin=R8_Bat3-2
Removed Pin From Net: NetName=NetOC_2_Bat4_4 Pin=R8_Bat4-2
Removed Pin From Net: NetName=NetOC_2_Bat5_4 Pin=R8_Bat5-2
Removed Pin From Net: NetName=NetOC_2_Bat6_4 Pin=R8_Bat6-2
Added Pin To Net: NetName=NetOC_1_Bat1_4 Pin=OC_1_Bat1-3
Added Pin To Net: NetName=NetNMOS_Bat1_1 Pin=OC_1_Bat1-4
Added Pin To Net: NetName=NetOC_1_Bat2_4 Pin=OC_1_Bat2-3
Added Pin To Net: NetName=NetNMOS_Bat2_1 Pin=OC_1_Bat2-4
Added Pin To Net: NetName=NetOC_1_Bat3_4 Pin=OC_1_Bat3-3
Added Pin To Net: NetName=NetNMOS_Bat3_1 Pin=OC_1_Bat3-4
Added Pin To Net: NetName=NetOC_1_Bat4_4 Pin=OC_1_Bat4-3
Added Pin To Net: NetName=NetNMOS_Bat4_1 Pin=OC_1_Bat4-4
Added Pin To Net: NetName=NetOC_1_Bat5_4 Pin=OC_1_Bat5-3
Added Pin To Net: NetName=NetNMOS_Bat5_1 Pin=OC_1_Bat5-4
Added Pin To Net: NetName=NetOC_1_Bat6_4 Pin=OC_1_Bat6-3
Added Pin To Net: NetName=NetNMOS_Bat6_1 Pin=OC_1_Bat6-4
Added Pin To Net: NetName=NCTRL1 Pin=OC_2_Bat1-3
Added Pin To Net: NetName=NCTRL2 Pin=OC_2_Bat2-3
Added Pin To Net: NetName=NCTRL3 Pin=OC_2_Bat3-3
Added Pin To Net: NetName=NCTRL4 Pin=OC_2_Bat4-3
Added Pin To Net: NetName=NCTRL5 Pin=OC_2_Bat5-3
Added Pin To Net: NetName=NCTRL6 Pin=OC_2_Bat6-3
Added Pin To Net: NetName=NetOC_2_Bat1_4 Pin=PMos_Bat1-4
Added Pin To Net: NetName=NetOC_2_Bat2_4 Pin=PMos_Bat2-4
Added Pin To Net: NetName=NetOC_2_Bat3_4 Pin=PMos_Bat3-4
Added Pin To Net: NetName=NetOC_2_Bat4_4 Pin=PMos_Bat4-4
Added Pin To Net: NetName=NetOC_2_Bat5_4 Pin=PMos_Bat5-4
Added Pin To Net: NetName=NetOC_2_Bat6_4 Pin=PMos_Bat6-4
Added Pin To Net: NetName=NetOC_2_Bat1_4 Pin=R1_Bat1-1
Added Pin To Net: NetName=NetOC_2_Bat2_4 Pin=R1_Bat2-1
Added Pin To Net: NetName=NetOC_2_Bat3_4 Pin=R1_Bat3-1
Added Pin To Net: NetName=NetOC_2_Bat4_4 Pin=R1_Bat4-1
Added Pin To Net: NetName=NetOC_2_Bat5_4 Pin=R1_Bat5-1
Added Pin To Net: NetName=NetOC_2_Bat6_4 Pin=R1_Bat6-1
Added Pin To Net: NetName=NetOC_2_Bat1_3 Pin=R8_Bat1-2
Added Pin To Net: NetName=NetOC_2_Bat2_3 Pin=R8_Bat2-2
Added Pin To Net: NetName=NetOC_2_Bat3_3 Pin=R8_Bat3-2
Added Pin To Net: NetName=NetOC_2_Bat4_3 Pin=R8_Bat4-2
Added Pin To Net: NetName=NetOC_2_Bat5_3 Pin=R8_Bat5-2
Added Pin To Net: NetName=NetOC_2_Bat6_3 Pin=R8_Bat6-2
Change Net Name : Old Net Name=NetOC_1_Bat1_4 New Net Name=NetOC_1_Bat1_3
Change Net Name : Old Net Name=NetOC_1_Bat2_4 New Net Name=NetOC_1_Bat2_3
Change Net Name : Old Net Name=NetOC_1_Bat3_4 New Net Name=NetOC_1_Bat3_3
Change Net Name : Old Net Name=NetOC_1_Bat4_4 New Net Name=NetOC_1_Bat4_3
Change Net Name : Old Net Name=NetOC_1_Bat5_4 New Net Name=NetOC_1_Bat5_3
Change Net Name : Old Net Name=NetOC_1_Bat6_4 New Net Name=NetOC_1_Bat6_3
