Removed Pin From Net: NetName=NCTRL1 Pin=*1-2
Removed Pin From Net: NetName=PCTRL1 Pin=*1-3
Removed Pin From Net: NetName=NCTRL2 Pin=*1-4
Removed Pin From Net: NetName=+5 Pin=*1-20
Removed Pin From Net: NetName=GND Pin=*1-21
Removed Pin From Net: NetName=ADC- Pin=*1-27
Removed Pin From Net: NetName=ADC+ Pin=*1-28
Removed Pin From Net: NetName=MP_A3 Pin=*1-29
Removed Pin From Net: NetName=MP_A2 Pin=*1-30
Removed Pin From Net: NetName=MP_A1 Pin=*1-31
Added Component: Designator=I2C(HDR1X4)
Added Component: Designator=Serial(HDR1X4)
Added Pin To Net: NetName=NCTRL1 Pin=*1-1
Added Pin To Net: NetName=PCTRL1 Pin=*1-2
Added Pin To Net: NetName=NCTRL2 Pin=*1-5
Added Pin To Net: NetName=MP_A1 Pin=*1-21
Added Pin To Net: NetName=MP_A2 Pin=*1-22
Added Pin To Net: NetName=MP_A3 Pin=*1-23
Added Pin To Net: NetName=ADC+ Pin=*1-24
Added Pin To Net: NetName=ADC- Pin=*1-25
Added Pin To Net: NetName=GND Pin=*1-31
Added Pin To Net: NetName=+5 Pin=*1-32
Added Pin To Net: NetName=+5 Pin=I2C-1
Added Pin To Net: NetName=GND Pin=I2C-4
Added Pin To Net: NetName=+5 Pin=Serial-1
Added Pin To Net: NetName=GND Pin=Serial-4
Added Pin To Net: NetName=Net*1_3 Pin=*1-3
Added Pin To Net: NetName=Net*1_3 Pin=Serial-3
Added Net: Name=Net*1_3
Added Pin To Net: NetName=Net*1_4 Pin=*1-4
Added Pin To Net: NetName=Net*1_4 Pin=Serial-2
Added Net: Name=Net*1_4
Added Pin To Net: NetName=Net*1_7 Pin=*1-7
Added Pin To Net: NetName=Net*1_7 Pin=I2C-3
Added Net: Name=Net*1_7
Added Pin To Net: NetName=Net*1_8 Pin=*1-8
Added Pin To Net: NetName=Net*1_8 Pin=I2C-2
Added Net: Name=Net*1_8
Added Member To Class: ClassName=u1 Member=Component I2C I2C Header
Added Member To Class: ClassName=u1 Member=Component Serial SerialHeader
