Removed Pin From Net: NetName=NetNMOS_Bat1_1 Pin=NMOS_Bat1-1
Removed Pin From Net: NetName=B-2 Pin=NMOS_Bat1-2
Removed Pin From Net: NetName=B-7 Pin=NMOS_Bat1-3
Removed Pin From Net: NetName=NetNMOS_Bat2_1 Pin=NMOS_Bat2-1
Removed Pin From Net: NetName=B-3 Pin=NMOS_Bat2-2
Removed Pin From Net: NetName=B-2 Pin=NMOS_Bat2-3
Removed Pin From Net: NetName=NetNMOS_Bat3_1 Pin=NMOS_Bat3-1
Removed Pin From Net: NetName=B-4 Pin=NMOS_Bat3-2
Removed Pin From Net: NetName=B-3 Pin=NMOS_Bat3-3
Removed Pin From Net: NetName=NetNMOS_Bat4_1 Pin=NMOS_Bat4-1
Removed Pin From Net: NetName=B-5 Pin=NMOS_Bat4-2
Removed Pin From Net: NetName=B-4 Pin=NMOS_Bat4-3
Removed Pin From Net: NetName=NetNMOS_Bat5_1 Pin=NMOS_Bat5-1
Removed Pin From Net: NetName=B-6 Pin=NMOS_Bat5-2
Removed Pin From Net: NetName=B-5 Pin=NMOS_Bat5-3
Removed Pin From Net: NetName=NetNMOS_Bat6_1 Pin=NMOS_Bat6-1
Removed Pin From Net: NetName=B+7 Pin=NMOS_Bat6-2
Removed Pin From Net: NetName=B-6 Pin=NMOS_Bat6-3
Added Pin To Net: NetName=B-2 Pin=NMOS_Bat1-1
Added Pin To Net: NetName=NetNMOS_Bat1_1 Pin=NMOS_Bat1-4
Added Pin To Net: NetName=B-7 Pin=NMOS_Bat1-5
Added Pin To Net: NetName=B-3 Pin=NMOS_Bat2-1
Added Pin To Net: NetName=NetNMOS_Bat2_1 Pin=NMOS_Bat2-4
Added Pin To Net: NetName=B-2 Pin=NMOS_Bat2-5
Added Pin To Net: NetName=B-4 Pin=NMOS_Bat3-1
Added Pin To Net: NetName=NetNMOS_Bat3_1 Pin=NMOS_Bat3-4
Added Pin To Net: NetName=B-3 Pin=NMOS_Bat3-5
Added Pin To Net: NetName=B-5 Pin=NMOS_Bat4-1
Added Pin To Net: NetName=NetNMOS_Bat4_1 Pin=NMOS_Bat4-4
Added Pin To Net: NetName=B-4 Pin=NMOS_Bat4-5
Added Pin To Net: NetName=B-6 Pin=NMOS_Bat5-1
Added Pin To Net: NetName=NetNMOS_Bat5_1 Pin=NMOS_Bat5-4
Added Pin To Net: NetName=B-5 Pin=NMOS_Bat5-5
Added Pin To Net: NetName=B+7 Pin=NMOS_Bat6-1
Added Pin To Net: NetName=NetNMOS_Bat6_1 Pin=NMOS_Bat6-4
Added Pin To Net: NetName=B-6 Pin=NMOS_Bat6-5
