Removed Pin From Net: NetName=B+_$ChannelName Pin=R9.B1-2
Removed Pin From Net: NetName=B+_$ChannelName Pin=R9.B2-2
Removed Pin From Net: NetName=B+_$ChannelName Pin=R9.B3-2
Removed Pin From Net: NetName=B+_$ChannelName Pin=R9.B4-2
Removed Pin From Net: NetName=B+_$ChannelName Pin=R9.B5-2
Removed Member From Class: ClassName=B1 Member=D1.B2
Removed Member From Class: ClassName=B1 Member=D2.B5
Removed Member From Class: ClassName=B1 Member=R23.B6
Added Pin To Net: NetName=B+_$ChannelName Pin=R9.B1-2
Added Pin To Net: NetName=B+_$ChannelName Pin=R9.B2-2
Added Pin To Net: NetName=B+_$ChannelName Pin=R9.B3-2
Added Pin To Net: NetName=B+_$ChannelName Pin=R9.B4-2
Added Pin To Net: NetName=B+_$ChannelName Pin=R9.B5-2
Added Member To Class: ClassName=B1 Member=Component D1.B1 (D1) LED1
Added Member To Class: ClassName=B1 Member=Component D2.B1 (D2) LED1
Added Member To Class: ClassName=B1 Member=Component R3.B1 (R22) Res3
Added Member To Class: ClassName=B2 Member=Component R3.B2 (R22) Res3
Added Member To Class: ClassName=B3 Member=Component R3.B3 (R22) Res3
Added Member To Class: ClassName=B4 Member=Component R3.B4 (R22) Res3
Added Member To Class: ClassName=B5 Member=Component R3.B5 (R22) Res3
Added Member To Class: ClassName=B6 Member=Component R3.B6 (R22) Res3
Added Member To Class: ClassName=B1 Member=Component R5.B1 (R7) Res3
Added Member To Class: ClassName=B2 Member=Component R5.B2 (R7) Res3
Added Member To Class: ClassName=B3 Member=Component R5.B3 (R7) Res3
Added Member To Class: ClassName=B4 Member=Component R5.B4 (R7) Res3
Added Member To Class: ClassName=B5 Member=Component R5.B5 (R7) Res3
Added Member To Class: ClassName=B6 Member=Component R5.B6 (R7) Res3
Added Member To Class: ClassName=B1 Member=Component R6.B1 (R8) Res3
Added Member To Class: ClassName=B2 Member=Component R6.B2 (R8) Res3
Added Member To Class: ClassName=B3 Member=Component R6.B3 (R8) Res3
Added Member To Class: ClassName=B4 Member=Component R6.B4 (R8) Res3
Added Member To Class: ClassName=B5 Member=Component R6.B5 (R8) Res3
Added Member To Class: ClassName=B6 Member=Component R6.B6 (R8) Res3
Added Member To Class: ClassName=B1 Member=Component R23.B1 (R23) Res3
