Removed Member From Class: ClassName=B+[7..1] Member=B+7
Removed Member From Class: ClassName=B-[7..1] Member=B-7
Added Component: Designator=*1(DIP34)
Added Component: Designator=*_$ChannelName(DIP18)
Added Component: Designator=*_$ChannelName(DIP18)
Added Component: Designator=*_$ChannelName(DIP18)
Added Component: Designator=*_$ChannelName(DIP18)
Added Component: Designator=*_$ChannelName(DIP18)
Added Component: Designator=*_$ChannelName(DIP18)
Added Component: Designator=Batt_$ChannelName(18650_PCB_HOLDER)
Added Component: Designator=Batt_$ChannelName(18650_PCB_HOLDER)
Added Component: Designator=Batt_$ChannelName(18650_PCB_HOLDER)
Added Component: Designator=Batt_$ChannelName(18650_PCB_HOLDER)
Added Component: Designator=Batt_$ChannelName(18650_PCB_HOLDER)
Added Component: Designator=Batt_$ChannelName(18650_PCB_HOLDER)
Added Component: Designator=D?_$ChannelName(LED Strip)
Added Component: Designator=D?_$ChannelName(LED Strip)
Added Component: Designator=D?_$ChannelName(LED Strip)
Added Component: Designator=D?_$ChannelName(LED Strip)
Added Component: Designator=D?_$ChannelName(LED Strip)
Added Component: Designator=D?_$ChannelName(LED Strip)
Added Component: Designator=MP1(SOIC24)
Added Component: Designator=NMOS_$ChannelName(MOSFET)
Added Component: Designator=NMOS_$ChannelName(MOSFET)
Added Component: Designator=NMOS_$ChannelName(MOSFET)
Added Component: Designator=NMOS_$ChannelName(MOSFET)
Added Component: Designator=NMOS_$ChannelName(MOSFET)
Added Component: Designator=NMOS_$ChannelName(MOSFET)
Added Component: Designator=OC_1_$ChannelName(SMDIP4)
Added Component: Designator=OC_1_$ChannelName(SMDIP4)
Added Component: Designator=OC_1_$ChannelName(SMDIP4)
Added Component: Designator=OC_1_$ChannelName(SMDIP4)
Added Component: Designator=OC_1_$ChannelName(SMDIP4)
Added Component: Designator=OC_1_$ChannelName(SMDIP4)
Added Component: Designator=OC_2_$ChannelName(SMDIP4)
Added Component: Designator=OC_2_$ChannelName(SMDIP4)
Added Component: Designator=OC_2_$ChannelName(SMDIP4)
Added Component: Designator=OC_2_$ChannelName(SMDIP4)
Added Component: Designator=OC_2_$ChannelName(SMDIP4)
Added Component: Designator=OC_2_$ChannelName(SMDIP4)
Added Component: Designator=PMos_$ChannelName(MOSFET)
Added Component: Designator=PMos_$ChannelName(MOSFET)
Added Component: Designator=PMos_$ChannelName(MOSFET)
Added Component: Designator=PMos_$ChannelName(MOSFET)
Added Component: Designator=PMos_$ChannelName(MOSFET)
Added Component: Designator=PMos_$ChannelName(MOSFET)
Added Component: Designator=R1_$ChannelName(J1-0603)
Added Component: Designator=R1_$ChannelName(J1-0603)
Added Component: Designator=R1_$ChannelName(J1-0603)
Added Component: Designator=R1_$ChannelName(J1-0603)
Added Component: Designator=R1_$ChannelName(J1-0603)
Added Component: Designator=R1_$ChannelName(J1-0603)
Added Component: Designator=R2_$ChannelName(J1-0603)
Added Component: Designator=R2_$ChannelName(J1-0603)
Added Component: Designator=R2_$ChannelName(J1-0603)
Added Component: Designator=R2_$ChannelName(J1-0603)
Added Component: Designator=R2_$ChannelName(J1-0603)
Added Component: Designator=R2_$ChannelName(J1-0603)
Added Component: Designator=R3_$ChannelName(J1-0603)
Added Component: Designator=R3_$ChannelName(J1-0603)
Added Component: Designator=R3_$ChannelName(J1-0603)
Added Component: Designator=R3_$ChannelName(J1-0603)
Added Component: Designator=R3_$ChannelName(J1-0603)
Added Component: Designator=R3_$ChannelName(J1-0603)
Added Component: Designator=R4_$ChannelName(J1-0603)
Added Component: Designator=R4_$ChannelName(J1-0603)
Added Component: Designator=R4_$ChannelName(J1-0603)
Added Component: Designator=R4_$ChannelName(J1-0603)
Added Component: Designator=R4_$ChannelName(J1-0603)
Added Component: Designator=R4_$ChannelName(J1-0603)
Added Component: Designator=R5_$ChannelName(J1-0603)
Added Component: Designator=R5_$ChannelName(J1-0603)
Added Component: Designator=R5_$ChannelName(J1-0603)
Added Component: Designator=R5_$ChannelName(J1-0603)
Added Component: Designator=R5_$ChannelName(J1-0603)
Added Component: Designator=R5_$ChannelName(J1-0603)
Added Component: Designator=R6_$ChannelName(J1-0603)
Added Component: Designator=R6_$ChannelName(J1-0603)
Added Component: Designator=R6_$ChannelName(J1-0603)
Added Component: Designator=R6_$ChannelName(J1-0603)
Added Component: Designator=R6_$ChannelName(J1-0603)
Added Component: Designator=R6_$ChannelName(J1-0603)
Added Component: Designator=R7_$ChannelName(J1-0603)
Added Component: Designator=R7_$ChannelName(J1-0603)
Added Component: Designator=R7_$ChannelName(J1-0603)
Added Component: Designator=R7_$ChannelName(J1-0603)
Added Component: Designator=R7_$ChannelName(J1-0603)
Added Component: Designator=R7_$ChannelName(J1-0603)
Added Component: Designator=R8_$ChannelName(J1-0603)
Added Component: Designator=R8_$ChannelName(J1-0603)
Added Component: Designator=R8_$ChannelName(J1-0603)
Added Component: Designator=R8_$ChannelName(J1-0603)
Added Component: Designator=R8_$ChannelName(J1-0603)
Added Component: Designator=R8_$ChannelName(J1-0603)
Added Component: Designator=R9_$ChannelName(J1-0603)
Added Component: Designator=R9_$ChannelName(J1-0603)
Added Component: Designator=R9_$ChannelName(J1-0603)
Added Component: Designator=R9_$ChannelName(J1-0603)
Added Component: Designator=R9_$ChannelName(J1-0603)
Added Component: Designator=R9_$ChannelName(J1-0603)
Added Component: Designator=R10_$ChannelName(J1-0603)
Added Component: Designator=R10_$ChannelName(J1-0603)
Added Component: Designator=R10_$ChannelName(J1-0603)
Added Component: Designator=R10_$ChannelName(J1-0603)
Added Component: Designator=R10_$ChannelName(J1-0603)
Added Component: Designator=R10_$ChannelName(J1-0603)
Added Component: Designator=R11_$ChannelName(J1-0603)
Added Component: Designator=R11_$ChannelName(J1-0603)
Added Component: Designator=R11_$ChannelName(J1-0603)
Added Component: Designator=R11_$ChannelName(J1-0603)
Added Component: Designator=R11_$ChannelName(J1-0603)
Added Component: Designator=R11_$ChannelName(J1-0603)
Added Component: Designator=R12_$ChannelName(J1-0603)
Added Component: Designator=R12_$ChannelName(J1-0603)
Added Component: Designator=R12_$ChannelName(J1-0603)
Added Component: Designator=R12_$ChannelName(J1-0603)
Added Component: Designator=R12_$ChannelName(J1-0603)
Added Component: Designator=R12_$ChannelName(J1-0603)
Added Component: Designator=R13(J1-0603)
Added Component: Designator=R14(J1-0603)
Added Component: Designator=R15(J1-0603)
Added Component: Designator=R16(J1-0603)
Added Component: Designator=R17(J1-0603)
Added Component: Designator=R18(J1-0603)
Added Component: Designator=R19(J1-0603)
Added Component: Designator=R20(J1-0603)
Added Component: Designator=R21(J1-0603)
Added Component: Designator=R22(J1-0603)
Added Component: Designator=R23(J1-0603)
Added Component: Designator=R24(J1-0603)
Added Component: Designator=R25(J1-0603)
Added Component: Designator=R26(J1-0603)
Added Component: Designator=R27(J1-0603)
Added Component: Designator=R28(J1-0603)
Added Component: Designator=R29(J1-0603)
Added Component: Designator=R30(J1-0603)
Added Component: Designator=R31(J1-0603)
Added Component: Designator=R32(J1-0603)
Added Component: Designator=R33(J1-0603)
Added Component: Designator=R34(J1-0603)
Added Component: Designator=R35(J1-0603)
Added Component: Designator=R36(J1-0603)
Added Component: Designator=R37(J1-0603)
Added Component: Designator=R38(J1-0603)
Added Component: Designator=R39(J1-0603)
Added Component: Designator=R40(J1-0603)
Added Pin To Net: NetName=NCTRL1 Pin=*1-2
Added Pin To Net: NetName=NCTRL2 Pin=*1-3
Added Pin To Net: NetName=NCTRL3 Pin=*1-4
Added Pin To Net: NetName=NCTRL4 Pin=*1-9
Added Pin To Net: NetName=NCTRL5 Pin=*1-10
Added Pin To Net: NetName=NCTRL6 Pin=*1-11
Added Pin To Net: NetName=PCTRL1 Pin=*1-12
Added Pin To Net: NetName=PCTRL2 Pin=*1-13
Added Pin To Net: NetName=PCTRL3 Pin=*1-14
Added Pin To Net: NetName=PCTRL4 Pin=*1-15
Added Pin To Net: NetName=PCTRL5 Pin=*1-16
Added Pin To Net: NetName=PCTRL6 Pin=*1-17
Added Pin To Net: NetName=+5 Pin=*1-20
Added Pin To Net: NetName=GND Pin=*1-21
Added Pin To Net: NetName=ADC- Pin=*1-27
Added Pin To Net: NetName=ADC+ Pin=*1-28
Added Pin To Net: NetName=MP_A3 Pin=*1-29
Added Pin To Net: NetName=MP_A2 Pin=*1-30
Added Pin To Net: NetName=MP_A1 Pin=*1-31
Added Pin To Net: NetName=B-2 Pin=*_$ChannelName-2
Added Pin To Net: NetName=B-3 Pin=*_$ChannelName-2
Added Pin To Net: NetName=B-4 Pin=*_$ChannelName-2
Added Pin To Net: NetName=B-5 Pin=*_$ChannelName-2
Added Pin To Net: NetName=B-6 Pin=*_$ChannelName-2
Added Pin To Net: NetName=B+1 Pin=*_$ChannelName-3
Added Pin To Net: NetName=B+2 Pin=*_$ChannelName-3
Added Pin To Net: NetName=B+3 Pin=*_$ChannelName-3
Added Pin To Net: NetName=B+4 Pin=*_$ChannelName-3
Added Pin To Net: NetName=B+5 Pin=*_$ChannelName-3
Added Pin To Net: NetName=B+6 Pin=*_$ChannelName-3
Added Pin To Net: NetName=B+1 Pin=*_$ChannelName-9
Added Pin To Net: NetName=B+2 Pin=*_$ChannelName-9
Added Pin To Net: NetName=B+3 Pin=*_$ChannelName-9
Added Pin To Net: NetName=B+4 Pin=*_$ChannelName-9
Added Pin To Net: NetName=B+5 Pin=*_$ChannelName-9
Added Pin To Net: NetName=B+6 Pin=*_$ChannelName-9
Added Pin To Net: NetName=B-2 Pin=Batt_$ChannelName-N
Added Pin To Net: NetName=B-2 Pin=Batt_$ChannelName-N
Added Pin To Net: NetName=B-2 Pin=Batt_$ChannelName-N
Added Pin To Net: NetName=B-3 Pin=Batt_$ChannelName-N
Added Pin To Net: NetName=B-3 Pin=Batt_$ChannelName-N
Added Pin To Net: NetName=B-3 Pin=Batt_$ChannelName-N
Added Pin To Net: NetName=B-4 Pin=Batt_$ChannelName-N
Added Pin To Net: NetName=B-4 Pin=Batt_$ChannelName-N
Added Pin To Net: NetName=B-4 Pin=Batt_$ChannelName-N
Added Pin To Net: NetName=B-5 Pin=Batt_$ChannelName-N
Added Pin To Net: NetName=B-5 Pin=Batt_$ChannelName-N
Added Pin To Net: NetName=B-5 Pin=Batt_$ChannelName-N
Added Pin To Net: NetName=B-6 Pin=Batt_$ChannelName-N
Added Pin To Net: NetName=B-6 Pin=Batt_$ChannelName-N
Added Pin To Net: NetName=B-6 Pin=Batt_$ChannelName-N
Added Pin To Net: NetName=B+1 Pin=Batt_$ChannelName-P
Added Pin To Net: NetName=B+1 Pin=Batt_$ChannelName-P
Added Pin To Net: NetName=B+1 Pin=Batt_$ChannelName-P
Added Pin To Net: NetName=B+2 Pin=Batt_$ChannelName-P
Added Pin To Net: NetName=B+2 Pin=Batt_$ChannelName-P
Added Pin To Net: NetName=B+2 Pin=Batt_$ChannelName-P
Added Pin To Net: NetName=B+3 Pin=Batt_$ChannelName-P
Added Pin To Net: NetName=B+3 Pin=Batt_$ChannelName-P
Added Pin To Net: NetName=B+3 Pin=Batt_$ChannelName-P
Added Pin To Net: NetName=B+4 Pin=Batt_$ChannelName-P
Added Pin To Net: NetName=B+4 Pin=Batt_$ChannelName-P
Added Pin To Net: NetName=B+4 Pin=Batt_$ChannelName-P
Added Pin To Net: NetName=B+5 Pin=Batt_$ChannelName-P
Added Pin To Net: NetName=B+5 Pin=Batt_$ChannelName-P
Added Pin To Net: NetName=B+5 Pin=Batt_$ChannelName-P
Added Pin To Net: NetName=B+6 Pin=Batt_$ChannelName-P
Added Pin To Net: NetName=B+6 Pin=Batt_$ChannelName-P
Added Pin To Net: NetName=B+6 Pin=Batt_$ChannelName-P
Added Pin To Net: NetName=B+1 Pin=D?_$ChannelName-1
Added Pin To Net: NetName=B+2 Pin=D?_$ChannelName-1
Added Pin To Net: NetName=B+3 Pin=D?_$ChannelName-1
Added Pin To Net: NetName=B+4 Pin=D?_$ChannelName-1
Added Pin To Net: NetName=B+5 Pin=D?_$ChannelName-1
Added Pin To Net: NetName=B+6 Pin=D?_$ChannelName-1
Added Pin To Net: NetName=B+1 Pin=D?_$ChannelName-3
Added Pin To Net: NetName=B+2 Pin=D?_$ChannelName-3
Added Pin To Net: NetName=B+3 Pin=D?_$ChannelName-3
Added Pin To Net: NetName=B+4 Pin=D?_$ChannelName-3
Added Pin To Net: NetName=B+5 Pin=D?_$ChannelName-3
Added Pin To Net: NetName=B+6 Pin=D?_$ChannelName-3
Added Pin To Net: NetName=B+1 Pin=D?_$ChannelName-5
Added Pin To Net: NetName=B+2 Pin=D?_$ChannelName-5
Added Pin To Net: NetName=B+3 Pin=D?_$ChannelName-5
Added Pin To Net: NetName=B+4 Pin=D?_$ChannelName-5
Added Pin To Net: NetName=B+5 Pin=D?_$ChannelName-5
Added Pin To Net: NetName=B+6 Pin=D?_$ChannelName-5
Added Pin To Net: NetName=B+1 Pin=D?_$ChannelName-7
Added Pin To Net: NetName=B+2 Pin=D?_$ChannelName-7
Added Pin To Net: NetName=B+3 Pin=D?_$ChannelName-7
Added Pin To Net: NetName=B+4 Pin=D?_$ChannelName-7
Added Pin To Net: NetName=B+5 Pin=D?_$ChannelName-7
Added Pin To Net: NetName=B+6 Pin=D?_$ChannelName-7
Added Pin To Net: NetName=B+1 Pin=D?_$ChannelName-9
Added Pin To Net: NetName=B+2 Pin=D?_$ChannelName-9
Added Pin To Net: NetName=B+3 Pin=D?_$ChannelName-9
Added Pin To Net: NetName=B+4 Pin=D?_$ChannelName-9
Added Pin To Net: NetName=B+5 Pin=D?_$ChannelName-9
Added Pin To Net: NetName=B+6 Pin=D?_$ChannelName-9
Added Pin To Net: NetName=B+1 Pin=D?_$ChannelName-11
Added Pin To Net: NetName=B+2 Pin=D?_$ChannelName-11
Added Pin To Net: NetName=B+3 Pin=D?_$ChannelName-11
Added Pin To Net: NetName=B+4 Pin=D?_$ChannelName-11
Added Pin To Net: NetName=B+5 Pin=D?_$ChannelName-11
Added Pin To Net: NetName=B+6 Pin=D?_$ChannelName-11
Added Pin To Net: NetName=B+1 Pin=D?_$ChannelName-13
Added Pin To Net: NetName=B+2 Pin=D?_$ChannelName-13
Added Pin To Net: NetName=B+3 Pin=D?_$ChannelName-13
Added Pin To Net: NetName=B+4 Pin=D?_$ChannelName-13
Added Pin To Net: NetName=B+5 Pin=D?_$ChannelName-13
Added Pin To Net: NetName=B+6 Pin=D?_$ChannelName-13
Added Pin To Net: NetName=ADC+ Pin=MP1-1
Added Pin To Net: NetName=NetMP1_x6 Pin=MP1-3
Added Pin To Net: NetName=NetMP1_x5 Pin=MP1-4
Added Pin To Net: NetName=NetMP1_x4 Pin=MP1-5
Added Pin To Net: NetName=NetMP1_x3 Pin=MP1-6
Added Pin To Net: NetName=NetMP1_x2 Pin=MP1-7
Added Pin To Net: NetName=NetMP1_x1 Pin=MP1-8
Added Pin To Net: NetName=NetMP1_x0 Pin=MP1-9
Added Pin To Net: NetName=MP_A1 Pin=MP1-10
Added Pin To Net: NetName=MP_A2 Pin=MP1-11
Added Pin To Net: NetName=GND Pin=MP1-12
Added Pin To Net: NetName=GND Pin=MP1-13
Added Pin To Net: NetName=MP_A3 Pin=MP1-14
Added Pin To Net: NetName=NetMP1_y6 Pin=MP1-16
Added Pin To Net: NetName=ADC- Pin=MP1-17
Added Pin To Net: NetName=NetMP1_y5 Pin=MP1-18
Added Pin To Net: NetName=NetMP1_y4 Pin=MP1-19
Added Pin To Net: NetName=NetMP1_y3 Pin=MP1-20
Added Pin To Net: NetName=NetMP1_y2 Pin=MP1-21
Added Pin To Net: NetName=NetMP1_y1 Pin=MP1-22
Added Pin To Net: NetName=NetMP1_y0 Pin=MP1-23
Added Pin To Net: NetName=+5 Pin=MP1-24
Added Pin To Net: NetName=B-2 Pin=NMOS_$ChannelName-1
Added Pin To Net: NetName=B-2 Pin=NMOS_$ChannelName-1
Added Pin To Net: NetName=B-2 Pin=NMOS_$ChannelName-1
Added Pin To Net: NetName=B-3 Pin=NMOS_$ChannelName-1
Added Pin To Net: NetName=B-3 Pin=NMOS_$ChannelName-1
Added Pin To Net: NetName=B-3 Pin=NMOS_$ChannelName-1
Added Pin To Net: NetName=B-4 Pin=NMOS_$ChannelName-1
Added Pin To Net: NetName=B-4 Pin=NMOS_$ChannelName-1
Added Pin To Net: NetName=B-4 Pin=NMOS_$ChannelName-1
Added Pin To Net: NetName=B-5 Pin=NMOS_$ChannelName-1
Added Pin To Net: NetName=B-5 Pin=NMOS_$ChannelName-1
Added Pin To Net: NetName=B-5 Pin=NMOS_$ChannelName-1
Added Pin To Net: NetName=B-6 Pin=NMOS_$ChannelName-1
Added Pin To Net: NetName=B-6 Pin=NMOS_$ChannelName-1
Added Pin To Net: NetName=B-6 Pin=NMOS_$ChannelName-1
Added Pin To Net: NetName=NetNMOS_$ChannelName_1 Pin=NMOS_$ChannelName-4
Added Pin To Net: NetName=+5 Pin=OC_1_$ChannelName-1
Added Pin To Net: NetName=+5 Pin=OC_1_$ChannelName-1
Added Pin To Net: NetName=+5 Pin=OC_1_$ChannelName-1
Added Pin To Net: NetName=+5 Pin=OC_1_$ChannelName-1
Added Pin To Net: NetName=+5 Pin=OC_1_$ChannelName-1
Added Pin To Net: NetName=+5 Pin=OC_1_$ChannelName-1
Added Pin To Net: NetName=NCTRL1 Pin=OC_1_$ChannelName-2
Added Pin To Net: NetName=NCTRL2 Pin=OC_1_$ChannelName-2
Added Pin To Net: NetName=NCTRL3 Pin=OC_1_$ChannelName-2
Added Pin To Net: NetName=NCTRL4 Pin=OC_1_$ChannelName-2
Added Pin To Net: NetName=NCTRL5 Pin=OC_1_$ChannelName-2
Added Pin To Net: NetName=NCTRL6 Pin=OC_1_$ChannelName-2
Added Pin To Net: NetName=NetOC_1_$ChannelName_3 Pin=OC_1_$ChannelName-3
Added Pin To Net: NetName=NetNMOS_$ChannelName_1 Pin=OC_1_$ChannelName-4
Added Pin To Net: NetName=+5 Pin=OC_2_$ChannelName-1
Added Pin To Net: NetName=+5 Pin=OC_2_$ChannelName-1
Added Pin To Net: NetName=+5 Pin=OC_2_$ChannelName-1
Added Pin To Net: NetName=+5 Pin=OC_2_$ChannelName-1
Added Pin To Net: NetName=+5 Pin=OC_2_$ChannelName-1
Added Pin To Net: NetName=+5 Pin=OC_2_$ChannelName-1
Added Pin To Net: NetName=PCTRL1 Pin=OC_2_$ChannelName-2
Added Pin To Net: NetName=PCTRL2 Pin=OC_2_$ChannelName-2
Added Pin To Net: NetName=PCTRL3 Pin=OC_2_$ChannelName-2
Added Pin To Net: NetName=PCTRL4 Pin=OC_2_$ChannelName-2
Added Pin To Net: NetName=PCTRL5 Pin=OC_2_$ChannelName-2
Added Pin To Net: NetName=PCTRL6 Pin=OC_2_$ChannelName-2
Added Pin To Net: NetName=NetOC_2_$ChannelName_3 Pin=OC_2_$ChannelName-3
Added Pin To Net: NetName=NetOC_2_$ChannelName_4 Pin=OC_2_$ChannelName-4
Added Pin To Net: NetName=B+1 Pin=PMos_$ChannelName-1
Added Pin To Net: NetName=B+1 Pin=PMos_$ChannelName-1
Added Pin To Net: NetName=B+1 Pin=PMos_$ChannelName-1
Added Pin To Net: NetName=B+2 Pin=PMos_$ChannelName-1
Added Pin To Net: NetName=B+2 Pin=PMos_$ChannelName-1
Added Pin To Net: NetName=B+2 Pin=PMos_$ChannelName-1
Added Pin To Net: NetName=B+3 Pin=PMos_$ChannelName-1
Added Pin To Net: NetName=B+3 Pin=PMos_$ChannelName-1
Added Pin To Net: NetName=B+3 Pin=PMos_$ChannelName-1
Added Pin To Net: NetName=B+4 Pin=PMos_$ChannelName-1
Added Pin To Net: NetName=B+4 Pin=PMos_$ChannelName-1
Added Pin To Net: NetName=B+4 Pin=PMos_$ChannelName-1
Added Pin To Net: NetName=B+5 Pin=PMos_$ChannelName-1
Added Pin To Net: NetName=B+5 Pin=PMos_$ChannelName-1
Added Pin To Net: NetName=B+5 Pin=PMos_$ChannelName-1
Added Pin To Net: NetName=B+6 Pin=PMos_$ChannelName-1
Added Pin To Net: NetName=B+6 Pin=PMos_$ChannelName-1
Added Pin To Net: NetName=B+6 Pin=PMos_$ChannelName-1
Added Pin To Net: NetName=NetOC_2_$ChannelName_4 Pin=PMos_$ChannelName-4
Added Pin To Net: NetName=NetOC_2_$ChannelName_4 Pin=R1_$ChannelName-1
Added Pin To Net: NetName=B+1 Pin=R1_$ChannelName-2
Added Pin To Net: NetName=B+2 Pin=R1_$ChannelName-2
Added Pin To Net: NetName=B+3 Pin=R1_$ChannelName-2
Added Pin To Net: NetName=B+4 Pin=R1_$ChannelName-2
Added Pin To Net: NetName=B+5 Pin=R1_$ChannelName-2
Added Pin To Net: NetName=B+6 Pin=R1_$ChannelName-2
Added Pin To Net: NetName=NetNMOS_$ChannelName_1 Pin=R2_$ChannelName-1
Added Pin To Net: NetName=B+1 Pin=R2_$ChannelName-2
Added Pin To Net: NetName=B+2 Pin=R2_$ChannelName-2
Added Pin To Net: NetName=B+3 Pin=R2_$ChannelName-2
Added Pin To Net: NetName=B+4 Pin=R2_$ChannelName-2
Added Pin To Net: NetName=B+5 Pin=R2_$ChannelName-2
Added Pin To Net: NetName=B+6 Pin=R2_$ChannelName-2
Added Pin To Net: NetName=B-2 Pin=R3_$ChannelName-1
Added Pin To Net: NetName=B-3 Pin=R3_$ChannelName-1
Added Pin To Net: NetName=B-4 Pin=R3_$ChannelName-1
Added Pin To Net: NetName=B-5 Pin=R3_$ChannelName-1
Added Pin To Net: NetName=B-6 Pin=R3_$ChannelName-1
Added Pin To Net: NetName=B-2 Pin=R4_$ChannelName-1
Added Pin To Net: NetName=B-3 Pin=R4_$ChannelName-1
Added Pin To Net: NetName=B-4 Pin=R4_$ChannelName-1
Added Pin To Net: NetName=B-5 Pin=R4_$ChannelName-1
Added Pin To Net: NetName=B-6 Pin=R4_$ChannelName-1
Added Pin To Net: NetName=NetOC_2_$ChannelName_3 Pin=R4_$ChannelName-2
Added Pin To Net: NetName=B-2 Pin=R5_$ChannelName-1
Added Pin To Net: NetName=B-3 Pin=R5_$ChannelName-1
Added Pin To Net: NetName=B-4 Pin=R5_$ChannelName-1
Added Pin To Net: NetName=B-5 Pin=R5_$ChannelName-1
Added Pin To Net: NetName=B-6 Pin=R5_$ChannelName-1
Added Pin To Net: NetName=NetOC_1_$ChannelName_3 Pin=R5_$ChannelName-2
Added Pin To Net: NetName=B+1 Pin=R6_$ChannelName-2
Added Pin To Net: NetName=B+2 Pin=R6_$ChannelName-2
Added Pin To Net: NetName=B+3 Pin=R6_$ChannelName-2
Added Pin To Net: NetName=B+4 Pin=R6_$ChannelName-2
Added Pin To Net: NetName=B+5 Pin=R6_$ChannelName-2
Added Pin To Net: NetName=B+6 Pin=R6_$ChannelName-2
Added Pin To Net: NetName=B-2 Pin=R8_$ChannelName-1
Added Pin To Net: NetName=B-3 Pin=R8_$ChannelName-1
Added Pin To Net: NetName=B-4 Pin=R8_$ChannelName-1
Added Pin To Net: NetName=B-5 Pin=R8_$ChannelName-1
Added Pin To Net: NetName=B-6 Pin=R8_$ChannelName-1
Added Pin To Net: NetName=B-2 Pin=R11_$ChannelName-1
Added Pin To Net: NetName=B-3 Pin=R11_$ChannelName-1
Added Pin To Net: NetName=B-4 Pin=R11_$ChannelName-1
Added Pin To Net: NetName=B-5 Pin=R11_$ChannelName-1
Added Pin To Net: NetName=B-6 Pin=R11_$ChannelName-1
Added Pin To Net: NetName=B-2 Pin=R12_$ChannelName-1
Added Pin To Net: NetName=B-3 Pin=R12_$ChannelName-1
Added Pin To Net: NetName=B-4 Pin=R12_$ChannelName-1
Added Pin To Net: NetName=B-5 Pin=R12_$ChannelName-1
Added Pin To Net: NetName=B-6 Pin=R12_$ChannelName-1
Added Pin To Net: NetName=NetMP1_y0 Pin=R13-2
Added Pin To Net: NetName=NetMP1_x6 Pin=R14-2
Added Pin To Net: NetName=B-2 Pin=R15-1
Added Pin To Net: NetName=NetMP1_y1 Pin=R15-2
Added Pin To Net: NetName=B+6 Pin=R16-1
Added Pin To Net: NetName=NetMP1_x5 Pin=R16-2
Added Pin To Net: NetName=B-3 Pin=R17-1
Added Pin To Net: NetName=NetMP1_y2 Pin=R17-2
Added Pin To Net: NetName=B+5 Pin=R18-1
Added Pin To Net: NetName=NetMP1_x4 Pin=R18-2
Added Pin To Net: NetName=B-4 Pin=R19-1
Added Pin To Net: NetName=NetMP1_y3 Pin=R19-2
Added Pin To Net: NetName=B+4 Pin=R20-1
Added Pin To Net: NetName=NetMP1_x3 Pin=R20-2
Added Pin To Net: NetName=B-5 Pin=R21-1
Added Pin To Net: NetName=NetMP1_y4 Pin=R21-2
Added Pin To Net: NetName=B+3 Pin=R22-1
Added Pin To Net: NetName=NetMP1_x2 Pin=R22-2
Added Pin To Net: NetName=B-6 Pin=R23-1
Added Pin To Net: NetName=NetMP1_y5 Pin=R23-2
Added Pin To Net: NetName=B+2 Pin=R24-1
Added Pin To Net: NetName=NetMP1_x1 Pin=R24-2
Added Pin To Net: NetName=B+1 Pin=R25-1
Added Pin To Net: NetName=NetMP1_x0 Pin=R25-2
Added Pin To Net: NetName=NetMP1_y6 Pin=R26-2
Added Pin To Net: NetName=GND Pin=R27-1
Added Pin To Net: NetName=NetMP1_x0 Pin=R27-2
Added Pin To Net: NetName=GND Pin=R28-1
Added Pin To Net: NetName=NetMP1_x1 Pin=R28-2
Added Pin To Net: NetName=GND Pin=R29-1
Added Pin To Net: NetName=NetMP1_x2 Pin=R29-2
Added Pin To Net: NetName=GND Pin=R30-1
Added Pin To Net: NetName=NetMP1_x3 Pin=R30-2
Added Pin To Net: NetName=GND Pin=R31-1
Added Pin To Net: NetName=NetMP1_x4 Pin=R31-2
Added Pin To Net: NetName=GND Pin=R32-1
Added Pin To Net: NetName=NetMP1_x5 Pin=R32-2
Added Pin To Net: NetName=GND Pin=R33-1
Added Pin To Net: NetName=NetMP1_x6 Pin=R33-2
Added Pin To Net: NetName=GND Pin=R34-1
Added Pin To Net: NetName=NetMP1_y0 Pin=R34-2
Added Pin To Net: NetName=GND Pin=R35-1
Added Pin To Net: NetName=NetMP1_y1 Pin=R35-2
Added Pin To Net: NetName=GND Pin=R36-1
Added Pin To Net: NetName=NetMP1_y2 Pin=R36-2
Added Pin To Net: NetName=GND Pin=R37-1
Added Pin To Net: NetName=NetMP1_y3 Pin=R37-2
Added Pin To Net: NetName=GND Pin=R38-1
Added Pin To Net: NetName=NetMP1_y4 Pin=R38-2
Added Pin To Net: NetName=GND Pin=R39-1
Added Pin To Net: NetName=NetMP1_y5 Pin=R39-2
Added Pin To Net: NetName=GND Pin=R40-1
Added Pin To Net: NetName=NetMP1_y6 Pin=R40-2
Added Pin To Net: NetName=B-1 Pin=*_$ChannelName-2
Added Pin To Net: NetName=B-1 Pin=Batt_$ChannelName-N
Added Pin To Net: NetName=B-1 Pin=Batt_$ChannelName-N
Added Pin To Net: NetName=B-1 Pin=Batt_$ChannelName-N
Added Pin To Net: NetName=B-1 Pin=NMOS_$ChannelName-1
Added Pin To Net: NetName=B-1 Pin=NMOS_$ChannelName-1
Added Pin To Net: NetName=B-1 Pin=NMOS_$ChannelName-1
Added Pin To Net: NetName=B-1 Pin=R3_$ChannelName-1
Added Pin To Net: NetName=B-1 Pin=R4_$ChannelName-1
Added Pin To Net: NetName=B-1 Pin=R5_$ChannelName-1
Added Pin To Net: NetName=B-1 Pin=R8_$ChannelName-1
Added Pin To Net: NetName=B-1 Pin=R11_$ChannelName-1
Added Pin To Net: NetName=B-1 Pin=R12_$ChannelName-1
Added Pin To Net: NetName=B-1 Pin=R13-1
Added Net: Name=B-1
Added Pin To Net: NetName=M+ Pin=R14-1
Added Net: Name=M+
Added Pin To Net: NetName=M- Pin=R26-1
Added Net: Name=M-
Added Pin To Net: NetName=Net*_$ChannelName_4 Pin=*_$ChannelName-4
Added Pin To Net: NetName=Net*_$ChannelName_4 Pin=R9_$ChannelName-1
Added Pin To Net: NetName=Net*_$ChannelName_4 Pin=R11_$ChannelName-2
Added Net: Name=Net*_$ChannelName_4
Added Pin To Net: NetName=Net*_$ChannelName_5 Pin=*_$ChannelName-5
Added Pin To Net: NetName=Net*_$ChannelName_5 Pin=R7_$ChannelName-1
Added Pin To Net: NetName=Net*_$ChannelName_5 Pin=R8_$ChannelName-2
Added Net: Name=Net*_$ChannelName_5
Added Pin To Net: NetName=Net*_$ChannelName_6 Pin=*_$ChannelName-6
Added Pin To Net: NetName=Net*_$ChannelName_6 Pin=*_$ChannelName-7
Added Pin To Net: NetName=Net*_$ChannelName_6 Pin=R9_$ChannelName-2
Added Pin To Net: NetName=Net*_$ChannelName_6 Pin=R10_$ChannelName-2
Added Net: Name=Net*_$ChannelName_6
Added Pin To Net: NetName=Net*_$ChannelName_8 Pin=*_$ChannelName-8
Added Pin To Net: NetName=Net*_$ChannelName_8 Pin=R10_$ChannelName-1
Added Pin To Net: NetName=Net*_$ChannelName_8 Pin=R12_$ChannelName-2
Added Net: Name=Net*_$ChannelName_8
Added Pin To Net: NetName=Net*_$ChannelName_10 Pin=*_$ChannelName-10
Added Pin To Net: NetName=Net*_$ChannelName_10 Pin=D?_$ChannelName-14
Added Net: Name=Net*_$ChannelName_10
Added Pin To Net: NetName=Net*_$ChannelName_11 Pin=*_$ChannelName-11
Added Pin To Net: NetName=Net*_$ChannelName_11 Pin=D?_$ChannelName-12
Added Net: Name=Net*_$ChannelName_11
Added Pin To Net: NetName=Net*_$ChannelName_12 Pin=*_$ChannelName-12
Added Pin To Net: NetName=Net*_$ChannelName_12 Pin=D?_$ChannelName-10
Added Net: Name=Net*_$ChannelName_12
Added Pin To Net: NetName=Net*_$ChannelName_13 Pin=*_$ChannelName-13
Added Pin To Net: NetName=Net*_$ChannelName_13 Pin=D?_$ChannelName-8
Added Net: Name=Net*_$ChannelName_13
Added Pin To Net: NetName=Net*_$ChannelName_14 Pin=*_$ChannelName-14
Added Pin To Net: NetName=Net*_$ChannelName_14 Pin=D?_$ChannelName-6
Added Net: Name=Net*_$ChannelName_14
Added Pin To Net: NetName=Net*_$ChannelName_15 Pin=*_$ChannelName-15
Added Pin To Net: NetName=Net*_$ChannelName_15 Pin=D?_$ChannelName-4
Added Net: Name=Net*_$ChannelName_15
Added Pin To Net: NetName=Net*_$ChannelName_16 Pin=*_$ChannelName-16
Added Pin To Net: NetName=Net*_$ChannelName_16 Pin=D?_$ChannelName-2
Added Net: Name=Net*_$ChannelName_16
Added Pin To Net: NetName=NetNMOS_$ChannelName_2 Pin=NMOS_$ChannelName-5
Added Pin To Net: NetName=NetNMOS_$ChannelName_2 Pin=NMOS_$ChannelName-5
Added Pin To Net: NetName=NetNMOS_$ChannelName_2 Pin=NMOS_$ChannelName-5
Added Pin To Net: NetName=NetNMOS_$ChannelName_2 Pin=NMOS_$ChannelName-5
Added Pin To Net: NetName=NetNMOS_$ChannelName_2 Pin=PMos_$ChannelName-5
Added Pin To Net: NetName=NetNMOS_$ChannelName_2 Pin=PMos_$ChannelName-5
Added Pin To Net: NetName=NetNMOS_$ChannelName_2 Pin=PMos_$ChannelName-5
Added Pin To Net: NetName=NetNMOS_$ChannelName_2 Pin=PMos_$ChannelName-5
Added Pin To Net: NetName=NetNMOS_$ChannelName_2 Pin=R3_$ChannelName-2
Added Net: Name=NetNMOS_$ChannelName_2
Added Pin To Net: NetName=NetR6_$ChannelName_1 Pin=R6_$ChannelName-1
Added Pin To Net: NetName=NetR6_$ChannelName_1 Pin=R7_$ChannelName-2
Added Net: Name=NetR6_$ChannelName_1
Change Class Name : Old Net Name=B+[7..1] New Net Name=B+[6..1]
Change Class Name : Old Net Name=B-[7..1] New Net Name=B-[6..1]
Added Class: Name=BS
Added Member To Class: ClassName=u1 Member=Component *1 Arduino_Micro
Added Member To Class: ClassName=B1 Member=Component *_$ChannelName (*) LM3914
Added Member To Class: ClassName=B2 Member=Component *_$ChannelName (*) LM3914
Added Member To Class: ClassName=B3 Member=Component *_$ChannelName (*) LM3914
Added Member To Class: ClassName=B4 Member=Component *_$ChannelName (*) LM3914
Added Member To Class: ClassName=B5 Member=Component *_$ChannelName (*) LM3914
Added Member To Class: ClassName=B6 Member=Component *_$ChannelName (*) LM3914
Added Member To Class: ClassName=B1 Member=Component Batt_$ChannelName (Batt) Antenna
Added Member To Class: ClassName=B2 Member=Component Batt_$ChannelName (Batt) Antenna
Added Member To Class: ClassName=B3 Member=Component Batt_$ChannelName (Batt) Antenna
Added Member To Class: ClassName=B4 Member=Component Batt_$ChannelName (Batt) Antenna
Added Member To Class: ClassName=B5 Member=Component Batt_$ChannelName (Batt) Antenna
Added Member To Class: ClassName=B6 Member=Component Batt_$ChannelName (Batt) Antenna
Added Member To Class: ClassName=B1 Member=Component D?_$ChannelName (D?) LED
Added Member To Class: ClassName=B2 Member=Component D?_$ChannelName (D?) LED
Added Member To Class: ClassName=B3 Member=Component D?_$ChannelName (D?) LED
Added Member To Class: ClassName=B4 Member=Component D?_$ChannelName (D?) LED
Added Member To Class: ClassName=B5 Member=Component D?_$ChannelName (D?) LED
Added Member To Class: ClassName=B6 Member=Component D?_$ChannelName (D?) LED
Added Member To Class: ClassName=Mutliplex Member=Component MP1 Multiplexer CD4097
Added Member To Class: ClassName=B1 Member=Component NMOS_$ChannelName (NMOS) Mosfet-N
Added Member To Class: ClassName=B2 Member=Component NMOS_$ChannelName (NMOS) Mosfet-N
Added Member To Class: ClassName=B3 Member=Component NMOS_$ChannelName (NMOS) Mosfet-N
Added Member To Class: ClassName=B4 Member=Component NMOS_$ChannelName (NMOS) Mosfet-N
Added Member To Class: ClassName=B5 Member=Component NMOS_$ChannelName (NMOS) Mosfet-N
Added Member To Class: ClassName=B6 Member=Component NMOS_$ChannelName (NMOS) Mosfet-N
Added Member To Class: ClassName=B1 Member=Component OC_1_$ChannelName (OC_1) OptoCoupler
Added Member To Class: ClassName=B2 Member=Component OC_1_$ChannelName (OC_1) OptoCoupler
Added Member To Class: ClassName=B3 Member=Component OC_1_$ChannelName (OC_1) OptoCoupler
Added Member To Class: ClassName=B4 Member=Component OC_1_$ChannelName (OC_1) OptoCoupler
Added Member To Class: ClassName=B5 Member=Component OC_1_$ChannelName (OC_1) OptoCoupler
Added Member To Class: ClassName=B6 Member=Component OC_1_$ChannelName (OC_1) OptoCoupler
Added Member To Class: ClassName=B1 Member=Component OC_2_$ChannelName (OC_2) OptoCoupler
Added Member To Class: ClassName=B2 Member=Component OC_2_$ChannelName (OC_2) OptoCoupler
Added Member To Class: ClassName=B3 Member=Component OC_2_$ChannelName (OC_2) OptoCoupler
Added Member To Class: ClassName=B4 Member=Component OC_2_$ChannelName (OC_2) OptoCoupler
Added Member To Class: ClassName=B5 Member=Component OC_2_$ChannelName (OC_2) OptoCoupler
Added Member To Class: ClassName=B6 Member=Component OC_2_$ChannelName (OC_2) OptoCoupler
Added Member To Class: ClassName=B1 Member=Component PMos_$ChannelName (PMos) Mosfet-P
Added Member To Class: ClassName=B2 Member=Component PMos_$ChannelName (PMos) Mosfet-P
Added Member To Class: ClassName=B3 Member=Component PMos_$ChannelName (PMos) Mosfet-P
Added Member To Class: ClassName=B4 Member=Component PMos_$ChannelName (PMos) Mosfet-P
Added Member To Class: ClassName=B5 Member=Component PMos_$ChannelName (PMos) Mosfet-P
Added Member To Class: ClassName=B6 Member=Component PMos_$ChannelName (PMos) Mosfet-P
Added Member To Class: ClassName=B1 Member=Component R1_$ChannelName (R1) Res3
Added Member To Class: ClassName=B2 Member=Component R1_$ChannelName (R1) Res3
Added Member To Class: ClassName=B3 Member=Component R1_$ChannelName (R1) Res3
Added Member To Class: ClassName=B4 Member=Component R1_$ChannelName (R1) Res3
Added Member To Class: ClassName=B5 Member=Component R1_$ChannelName (R1) Res3
Added Member To Class: ClassName=B6 Member=Component R1_$ChannelName (R1) Res3
Added Member To Class: ClassName=B1 Member=Component R2_$ChannelName (R2) Res3
Added Member To Class: ClassName=B2 Member=Component R2_$ChannelName (R2) Res3
Added Member To Class: ClassName=B3 Member=Component R2_$ChannelName (R2) Res3
Added Member To Class: ClassName=B4 Member=Component R2_$ChannelName (R2) Res3
Added Member To Class: ClassName=B5 Member=Component R2_$ChannelName (R2) Res3
Added Member To Class: ClassName=B6 Member=Component R2_$ChannelName (R2) Res3
Added Member To Class: ClassName=B1 Member=Component R3_$ChannelName (R3) Res3
Added Member To Class: ClassName=B2 Member=Component R3_$ChannelName (R3) Res3
Added Member To Class: ClassName=B3 Member=Component R3_$ChannelName (R3) Res3
Added Member To Class: ClassName=B4 Member=Component R3_$ChannelName (R3) Res3
Added Member To Class: ClassName=B5 Member=Component R3_$ChannelName (R3) Res3
Added Member To Class: ClassName=B6 Member=Component R3_$ChannelName (R3) Res3
Added Member To Class: ClassName=B1 Member=Component R4_$ChannelName (R4) Res3
Added Member To Class: ClassName=B2 Member=Component R4_$ChannelName (R4) Res3
Added Member To Class: ClassName=B3 Member=Component R4_$ChannelName (R4) Res3
Added Member To Class: ClassName=B4 Member=Component R4_$ChannelName (R4) Res3
Added Member To Class: ClassName=B5 Member=Component R4_$ChannelName (R4) Res3
Added Member To Class: ClassName=B6 Member=Component R4_$ChannelName (R4) Res3
Added Member To Class: ClassName=B1 Member=Component R5_$ChannelName (R5) Res3
Added Member To Class: ClassName=B2 Member=Component R5_$ChannelName (R5) Res3
Added Member To Class: ClassName=B3 Member=Component R5_$ChannelName (R5) Res3
Added Member To Class: ClassName=B4 Member=Component R5_$ChannelName (R5) Res3
Added Member To Class: ClassName=B5 Member=Component R5_$ChannelName (R5) Res3
Added Member To Class: ClassName=B6 Member=Component R5_$ChannelName (R5) Res3
Added Member To Class: ClassName=B1 Member=Component R6_$ChannelName (R6) Res3
Added Member To Class: ClassName=B2 Member=Component R6_$ChannelName (R6) Res3
Added Member To Class: ClassName=B3 Member=Component R6_$ChannelName (R6) Res3
Added Member To Class: ClassName=B4 Member=Component R6_$ChannelName (R6) Res3
Added Member To Class: ClassName=B5 Member=Component R6_$ChannelName (R6) Res3
Added Member To Class: ClassName=B6 Member=Component R6_$ChannelName (R6) Res3
Added Member To Class: ClassName=B1 Member=Component R7_$ChannelName (R7) Res3
Added Member To Class: ClassName=B2 Member=Component R7_$ChannelName (R7) Res3
Added Member To Class: ClassName=B3 Member=Component R7_$ChannelName (R7) Res3
Added Member To Class: ClassName=B4 Member=Component R7_$ChannelName (R7) Res3
Added Member To Class: ClassName=B5 Member=Component R7_$ChannelName (R7) Res3
Added Member To Class: ClassName=B6 Member=Component R7_$ChannelName (R7) Res3
Added Member To Class: ClassName=B1 Member=Component R8_$ChannelName (R8) Res3
Added Member To Class: ClassName=B2 Member=Component R8_$ChannelName (R8) Res3
Added Member To Class: ClassName=B3 Member=Component R8_$ChannelName (R8) Res3
Added Member To Class: ClassName=B4 Member=Component R8_$ChannelName (R8) Res3
Added Member To Class: ClassName=B5 Member=Component R8_$ChannelName (R8) Res3
Added Member To Class: ClassName=B6 Member=Component R8_$ChannelName (R8) Res3
Added Member To Class: ClassName=B1 Member=Component R9_$ChannelName (R9) Res3
Added Member To Class: ClassName=B2 Member=Component R9_$ChannelName (R9) Res3
Added Member To Class: ClassName=B3 Member=Component R9_$ChannelName (R9) Res3
Added Member To Class: ClassName=B4 Member=Component R9_$ChannelName (R9) Res3
Added Member To Class: ClassName=B5 Member=Component R9_$ChannelName (R9) Res3
Added Member To Class: ClassName=B6 Member=Component R9_$ChannelName (R9) Res3
Added Member To Class: ClassName=B1 Member=Component R10_$ChannelName (R10) Res3
Added Member To Class: ClassName=B2 Member=Component R10_$ChannelName (R10) Res3
Added Member To Class: ClassName=B3 Member=Component R10_$ChannelName (R10) Res3
Added Member To Class: ClassName=B4 Member=Component R10_$ChannelName (R10) Res3
Added Member To Class: ClassName=B5 Member=Component R10_$ChannelName (R10) Res3
Added Member To Class: ClassName=B6 Member=Component R10_$ChannelName (R10) Res3
Added Member To Class: ClassName=B1 Member=Component R11_$ChannelName (R11) Res3
Added Member To Class: ClassName=B2 Member=Component R11_$ChannelName (R11) Res3
Added Member To Class: ClassName=B3 Member=Component R11_$ChannelName (R11) Res3
Added Member To Class: ClassName=B4 Member=Component R11_$ChannelName (R11) Res3
Added Member To Class: ClassName=B5 Member=Component R11_$ChannelName (R11) Res3
Added Member To Class: ClassName=B6 Member=Component R11_$ChannelName (R11) Res3
Added Member To Class: ClassName=B1 Member=Component R12_$ChannelName (R12) Res3
Added Member To Class: ClassName=B2 Member=Component R12_$ChannelName (R12) Res3
Added Member To Class: ClassName=B3 Member=Component R12_$ChannelName (R12) Res3
Added Member To Class: ClassName=B4 Member=Component R12_$ChannelName (R12) Res3
Added Member To Class: ClassName=B5 Member=Component R12_$ChannelName (R12) Res3
Added Member To Class: ClassName=B6 Member=Component R12_$ChannelName (R12) Res3
Added Member To Class: ClassName=Mutliplex Member=Component R13 Res3
Added Member To Class: ClassName=Mutliplex Member=Component R14 Res3
Added Member To Class: ClassName=Mutliplex Member=Component R15 Res3
Added Member To Class: ClassName=Mutliplex Member=Component R16 Res3
Added Member To Class: ClassName=Mutliplex Member=Component R17 Res3
Added Member To Class: ClassName=Mutliplex Member=Component R18 Res3
Added Member To Class: ClassName=Mutliplex Member=Component R19 Res3
Added Member To Class: ClassName=Mutliplex Member=Component R20 Res3
Added Member To Class: ClassName=Mutliplex Member=Component R21 Res3
Added Member To Class: ClassName=Mutliplex Member=Component R22 Res3
Added Member To Class: ClassName=Mutliplex Member=Component R23 Res3
Added Member To Class: ClassName=Mutliplex Member=Component R24 Res3
Added Member To Class: ClassName=Mutliplex Member=Component R25 Res3
Added Member To Class: ClassName=Mutliplex Member=Component R26 Res3
Added Member To Class: ClassName=Mutliplex Member=Component R27 Res3
Added Member To Class: ClassName=Mutliplex Member=Component R28 Res3
Added Member To Class: ClassName=Mutliplex Member=Component R29 Res3
Added Member To Class: ClassName=Mutliplex Member=Component R30 Res3
Added Member To Class: ClassName=Mutliplex Member=Component R31 Res3
Added Member To Class: ClassName=Mutliplex Member=Component R32 Res3
Added Member To Class: ClassName=Mutliplex Member=Component R33 Res3
Added Member To Class: ClassName=Mutliplex Member=Component R34 Res3
Added Member To Class: ClassName=Mutliplex Member=Component R35 Res3
Added Member To Class: ClassName=Mutliplex Member=Component R36 Res3
Added Member To Class: ClassName=Mutliplex Member=Component R37 Res3
Added Member To Class: ClassName=Mutliplex Member=Component R38 Res3
Added Member To Class: ClassName=Mutliplex Member=Component R39 Res3
Added Member To Class: ClassName=Mutliplex Member=Component R40 Res3
Added Member To Class: ClassName=B-[6..1] Member=Element[1]: B-
Added Room: Name=B1
Added Room: Name=B2
Added Room: Name=B3
Added Room: Name=B4
Added Room: Name=B5
Added Room: Name=B6
Added Room: Name=Mutliplex
Added Room: Name=u1
