Removed Pin From Net: NetName=NetR9.B1_1 Pin=R6.B1-1
Removed Pin From Net: NetName=B+_$ChannelName Pin=R6.B1-2
Removed Pin From Net: NetName=NetR9.B2_1 Pin=R6.B2-1
Removed Pin From Net: NetName=B+_$ChannelName Pin=R6.B2-2
Removed Pin From Net: NetName=NetR9.B3_1 Pin=R6.B3-1
Removed Pin From Net: NetName=B+_$ChannelName Pin=R6.B3-2
Removed Pin From Net: NetName=NetR9.B4_1 Pin=R6.B4-1
Removed Pin From Net: NetName=B+_$ChannelName Pin=R6.B4-2
Removed Pin From Net: NetName=NetR9.B5_1 Pin=R6.B5-1
Removed Pin From Net: NetName=B+_$ChannelName Pin=R6.B5-2
Removed Pin From Net: NetName=NetR9.B6_1 Pin=R6.B6-1
Removed Pin From Net: NetName=B+_$ChannelName Pin=R6.B6-2
Removed Pin From Net: NetName=NetLEDDriver.B1_5 Pin=R7.B1-1
Removed Pin From Net: NetName=NetR9.B1_1 Pin=R7.B1-2
Removed Pin From Net: NetName=NetLEDDriver.B2_5 Pin=R7.B2-1
Removed Pin From Net: NetName=NetR9.B2_1 Pin=R7.B2-2
Removed Pin From Net: NetName=NetLEDDriver.B3_5 Pin=R7.B3-1
Removed Pin From Net: NetName=NetR9.B3_1 Pin=R7.B3-2
Removed Pin From Net: NetName=NetLEDDriver.B4_5 Pin=R7.B4-1
Removed Pin From Net: NetName=NetR9.B4_1 Pin=R7.B4-2
Removed Pin From Net: NetName=NetLEDDriver.B5_5 Pin=R7.B5-1
Removed Pin From Net: NetName=NetR9.B5_1 Pin=R7.B5-2
Removed Pin From Net: NetName=NetLEDDriver.B6_5 Pin=R7.B6-1
Removed Pin From Net: NetName=NetR9.B6_1 Pin=R7.B6-2
Removed Pin From Net: NetName=B_IN1 Pin=R8.B1-1
Removed Pin From Net: NetName=NetLEDDriver.B1_5 Pin=R8.B1-2
Removed Pin From Net: NetName=B_IN2 Pin=R8.B2-1
Removed Pin From Net: NetName=NetLEDDriver.B2_5 Pin=R8.B2-2
Removed Pin From Net: NetName=B_IN3 Pin=R8.B3-1
Removed Pin From Net: NetName=NetLEDDriver.B3_5 Pin=R8.B3-2
Removed Pin From Net: NetName=B_IN4 Pin=R8.B4-1
Removed Pin From Net: NetName=NetLEDDriver.B4_5 Pin=R8.B4-2
Removed Pin From Net: NetName=B_IN5 Pin=R8.B5-1
Removed Pin From Net: NetName=NetLEDDriver.B5_5 Pin=R8.B5-2
Removed Pin From Net: NetName=B_IN6 Pin=R8.B6-1
Removed Pin From Net: NetName=NetLEDDriver.B6_5 Pin=R8.B6-2
Added Component: Designator=R9.B1(J1-0603)
Added Component: Designator=R9.B2(J1-0603)
Added Component: Designator=R9.B3(J1-0603)
Added Component: Designator=R9.B4(J1-0603)
Added Component: Designator=R9.B5(J1-0603)
Added Component: Designator=R9.B6(J1-0603)
Added Component: Designator=R10.B1(J1-0603)
Added Component: Designator=R10.B2(J1-0603)
Added Component: Designator=R10.B3(J1-0603)
Added Component: Designator=R10.B4(J1-0603)
Added Component: Designator=R10.B5(J1-0603)
Added Component: Designator=R10.B6(J1-0603)
Added Component: Designator=R11.B1(J1-0603)
Added Component: Designator=R11.B2(J1-0603)
Added Component: Designator=R11.B3(J1-0603)
Added Component: Designator=R11.B4(J1-0603)
Added Component: Designator=R11.B5(J1-0603)
Added Component: Designator=R11.B6(J1-0603)
Added Pin To Net: NetName=B_IN1 Pin=R6.B1-1
Added Pin To Net: NetName=B-ADC1 Pin=R6.B1-2
Added Pin To Net: NetName=B_IN2 Pin=R6.B2-1
Added Pin To Net: NetName=B-ADC2 Pin=R6.B2-2
Added Pin To Net: NetName=B_IN3 Pin=R6.B3-1
Added Pin To Net: NetName=B-ADC3 Pin=R6.B3-2
Added Pin To Net: NetName=B_IN4 Pin=R6.B4-1
Added Pin To Net: NetName=B-ADC4 Pin=R6.B4-2
Added Pin To Net: NetName=B_IN5 Pin=R6.B5-1
Added Pin To Net: NetName=B-ADC5 Pin=R6.B5-2
Added Pin To Net: NetName=B_IN6 Pin=R6.B6-1
Added Pin To Net: NetName=B-ADC6 Pin=R6.B6-2
Added Pin To Net: NetName=GND Pin=R7.B1-1
Added Pin To Net: NetName=B+ADC1 Pin=R7.B1-2
Added Pin To Net: NetName=GND Pin=R7.B2-1
Added Pin To Net: NetName=B+ADC2 Pin=R7.B2-2
Added Pin To Net: NetName=GND Pin=R7.B3-1
Added Pin To Net: NetName=B+ADC3 Pin=R7.B3-2
Added Pin To Net: NetName=GND Pin=R7.B4-1
Added Pin To Net: NetName=B+ADC4 Pin=R7.B4-2
Added Pin To Net: NetName=GND Pin=R7.B5-1
Added Pin To Net: NetName=B+ADC5 Pin=R7.B5-2
Added Pin To Net: NetName=GND Pin=R7.B6-1
Added Pin To Net: NetName=B+ADC6 Pin=R7.B6-2
Added Pin To Net: NetName=GND Pin=R8.B1-1
Added Pin To Net: NetName=B-ADC1 Pin=R8.B1-2
Added Pin To Net: NetName=GND Pin=R8.B2-1
Added Pin To Net: NetName=B-ADC2 Pin=R8.B2-2
Added Pin To Net: NetName=GND Pin=R8.B3-1
Added Pin To Net: NetName=B-ADC3 Pin=R8.B3-2
Added Pin To Net: NetName=GND Pin=R8.B4-1
Added Pin To Net: NetName=B-ADC4 Pin=R8.B4-2
Added Pin To Net: NetName=GND Pin=R8.B5-1
Added Pin To Net: NetName=B-ADC5 Pin=R8.B5-2
Added Pin To Net: NetName=GND Pin=R8.B6-1
Added Pin To Net: NetName=B-ADC6 Pin=R8.B6-2
Added Pin To Net: NetName=NetR9.B1_1 Pin=R6.B1-1
Added Pin To Net: NetName=B+_$ChannelName Pin=R6.B1-2
Added Pin To Net: NetName=NetR9.B2_1 Pin=R6.B2-1
Added Pin To Net: NetName=B+_$ChannelName Pin=R6.B2-2
Added Pin To Net: NetName=NetR9.B3_1 Pin=R6.B3-1
Added Pin To Net: NetName=B+_$ChannelName Pin=R6.B3-2
Added Pin To Net: NetName=NetR9.B4_1 Pin=R6.B4-1
Added Pin To Net: NetName=B+_$ChannelName Pin=R6.B4-2
Added Pin To Net: NetName=NetR9.B5_1 Pin=R6.B5-1
Added Pin To Net: NetName=B+_$ChannelName Pin=R6.B5-2
Added Pin To Net: NetName=NetR9.B6_1 Pin=R6.B6-1
Added Pin To Net: NetName=B+_$ChannelName Pin=R6.B6-2
Added Pin To Net: NetName=NetLEDDriver.B1_5 Pin=R7.B1-1
Added Pin To Net: NetName=NetR9.B1_1 Pin=R7.B1-2
Added Pin To Net: NetName=NetLEDDriver.B2_5 Pin=R7.B2-1
Added Pin To Net: NetName=NetR9.B2_1 Pin=R7.B2-2
Added Pin To Net: NetName=NetLEDDriver.B3_5 Pin=R7.B3-1
Added Pin To Net: NetName=NetR9.B3_1 Pin=R7.B3-2
Added Pin To Net: NetName=NetLEDDriver.B4_5 Pin=R7.B4-1
Added Pin To Net: NetName=NetR9.B4_1 Pin=R7.B4-2
Added Pin To Net: NetName=NetLEDDriver.B5_5 Pin=R7.B5-1
Added Pin To Net: NetName=NetR9.B5_1 Pin=R7.B5-2
Added Pin To Net: NetName=NetLEDDriver.B6_5 Pin=R7.B6-1
Added Pin To Net: NetName=NetR9.B6_1 Pin=R7.B6-2
Added Pin To Net: NetName=B_IN1 Pin=R8.B1-1
Added Pin To Net: NetName=NetLEDDriver.B1_5 Pin=R8.B1-2
Added Pin To Net: NetName=B_IN2 Pin=R8.B2-1
Added Pin To Net: NetName=NetLEDDriver.B2_5 Pin=R8.B2-2
Added Pin To Net: NetName=B_IN3 Pin=R8.B3-1
Added Pin To Net: NetName=NetLEDDriver.B3_5 Pin=R8.B3-2
Added Pin To Net: NetName=B_IN4 Pin=R8.B4-1
Added Pin To Net: NetName=NetLEDDriver.B4_5 Pin=R8.B4-2
Added Pin To Net: NetName=B_IN5 Pin=R8.B5-1
Added Pin To Net: NetName=NetLEDDriver.B5_5 Pin=R8.B5-2
Added Pin To Net: NetName=B_IN6 Pin=R8.B6-1
Added Pin To Net: NetName=NetLEDDriver.B6_5 Pin=R8.B6-2
Added Member To Class: ClassName=B1 Member=Component R9.B1 (R9) Res3
Added Member To Class: ClassName=B2 Member=Component R9.B2 (R9) Res3
Added Member To Class: ClassName=B3 Member=Component R9.B3 (R9) Res3
Added Member To Class: ClassName=B4 Member=Component R9.B4 (R9) Res3
Added Member To Class: ClassName=B5 Member=Component R9.B5 (R9) Res3
Added Member To Class: ClassName=B6 Member=Component R9.B6 (R9) Res3
Added Member To Class: ClassName=B1 Member=Component R10.B1 (R10) Res3
Added Member To Class: ClassName=B2 Member=Component R10.B2 (R10) Res3
Added Member To Class: ClassName=B3 Member=Component R10.B3 (R10) Res3
Added Member To Class: ClassName=B4 Member=Component R10.B4 (R10) Res3
Added Member To Class: ClassName=B5 Member=Component R10.B5 (R10) Res3
Added Member To Class: ClassName=B6 Member=Component R10.B6 (R10) Res3
Added Member To Class: ClassName=B1 Member=Component R11.B1 (R11) Res3
Added Member To Class: ClassName=B2 Member=Component R11.B2 (R11) Res3
Added Member To Class: ClassName=B3 Member=Component R11.B3 (R11) Res3
Added Member To Class: ClassName=B4 Member=Component R11.B4 (R11) Res3
Added Member To Class: ClassName=B5 Member=Component R11.B5 (R11) Res3
Added Member To Class: ClassName=B6 Member=Component R11.B6 (R11) Res3
Added Room: Name=SwitchingModule
