Removed Pin From Net: NetName=NetR9.B1_1 Pin=R6.B1-1
Removed Pin From Net: NetName=NetR9.B2_1 Pin=R6.B2-1
Removed Pin From Net: NetName=NetR9.B3_1 Pin=R6.B3-1
Removed Pin From Net: NetName=NetR9.B4_1 Pin=R6.B4-1
Removed Pin From Net: NetName=NetR9.B5_1 Pin=R6.B5-1
Removed Pin From Net: NetName=NetR9.B6_1 Pin=R6.B6-1
Removed Pin From Net: NetName=NetLEDDriver.B1_5 Pin=R7.B1-1
Removed Pin From Net: NetName=NetR9.B1_1 Pin=R7.B1-2
Removed Pin From Net: NetName=NetLEDDriver.B2_5 Pin=R7.B2-1
Removed Pin From Net: NetName=NetR9.B2_1 Pin=R7.B2-2
Removed Pin From Net: NetName=NetLEDDriver.B3_5 Pin=R7.B3-1
Removed Pin From Net: NetName=NetR9.B3_1 Pin=R7.B3-2
Removed Pin From Net: NetName=NetLEDDriver.B4_5 Pin=R7.B4-1
Removed Pin From Net: NetName=NetR9.B4_1 Pin=R7.B4-2
Removed Pin From Net: NetName=NetLEDDriver.B5_5 Pin=R7.B5-1
Removed Pin From Net: NetName=NetR9.B5_1 Pin=R7.B5-2
Removed Pin From Net: NetName=NetLEDDriver.B6_5 Pin=R7.B6-1
Removed Pin From Net: NetName=NetR9.B6_1 Pin=R7.B6-2
Removed Pin From Net: NetName=B-1 Pin=R8.B1-1
Removed Pin From Net: NetName=B-2 Pin=R8.B2-1
Removed Pin From Net: NetName=B-3 Pin=R8.B3-1
Removed Pin From Net: NetName=B-4 Pin=R8.B4-1
Removed Pin From Net: NetName=B-5 Pin=R8.B5-1
Removed Pin From Net: NetName=B-6 Pin=R8.B6-1
Removed Member From Class: ClassName=B-[6..1] Member=B-1
Removed Member From Class: ClassName=B-[6..1] Member=B-2
Removed Member From Class: ClassName=B-[6..1] Member=B-3
Removed Member From Class: ClassName=B-[6..1] Member=B-4
Removed Member From Class: ClassName=B-[6..1] Member=B-5
Removed Member From Class: ClassName=B-[6..1] Member=B-6
Added Component: Designator=R9.B1(J1-0603)
Added Component: Designator=R9.B2(J1-0603)
Added Component: Designator=R9.B3(J1-0603)
Added Component: Designator=R9.B4(J1-0603)
Added Component: Designator=R9.B5(J1-0603)
Added Component: Designator=R9.B6(J1-0603)
Added Component: Designator=R10.B1(J1-0603)
Added Component: Designator=R10.B2(J1-0603)
Added Component: Designator=R10.B3(J1-0603)
Added Component: Designator=R10.B4(J1-0603)
Added Component: Designator=R10.B5(J1-0603)
Added Component: Designator=R10.B6(J1-0603)
Added Component: Designator=R11.B1(J1-0603)
Added Component: Designator=R11.B2(J1-0603)
Added Component: Designator=R11.B3(J1-0603)
Added Component: Designator=R11.B4(J1-0603)
Added Component: Designator=R11.B5(J1-0603)
Added Component: Designator=R11.B6(J1-0603)
Added Pin To Net: NetName=B-1 Pin=R6.B1-1
Added Pin To Net: NetName=B-2 Pin=R6.B2-1
Added Pin To Net: NetName=B-3 Pin=R6.B3-1
Added Pin To Net: NetName=B-4 Pin=R6.B4-1
Added Pin To Net: NetName=B-5 Pin=R6.B5-1
Added Pin To Net: NetName=B-6 Pin=R6.B6-1
Added Pin To Net: NetName=GND Pin=R7.B1-1
Added Pin To Net: NetName=NetR5.B1_2 Pin=R7.B1-2
Added Pin To Net: NetName=GND Pin=R7.B2-1
Added Pin To Net: NetName=NetR5.B2_2 Pin=R7.B2-2
Added Pin To Net: NetName=GND Pin=R7.B3-1
Added Pin To Net: NetName=NetR5.B3_2 Pin=R7.B3-2
Added Pin To Net: NetName=GND Pin=R7.B4-1
Added Pin To Net: NetName=NetR5.B4_2 Pin=R7.B4-2
Added Pin To Net: NetName=GND Pin=R7.B5-1
Added Pin To Net: NetName=NetR5.B5_2 Pin=R7.B5-2
Added Pin To Net: NetName=GND Pin=R7.B6-1
Added Pin To Net: NetName=NetR5.B6_2 Pin=R7.B6-2
Added Pin To Net: NetName=GND Pin=R8.B1-1
Added Pin To Net: NetName=GND Pin=R8.B2-1
Added Pin To Net: NetName=GND Pin=R8.B3-1
Added Pin To Net: NetName=GND Pin=R8.B4-1
Added Pin To Net: NetName=GND Pin=R8.B5-1
Added Pin To Net: NetName=GND Pin=R8.B6-1
Added Pin To Net: NetName=NetR9.B1_1 Pin=R6.B1-1
Added Pin To Net: NetName=B+_$ChannelName Pin=R6.B1-2
Added Pin To Net: NetName=NetR9.B2_1 Pin=R6.B2-1
Added Pin To Net: NetName=B+_$ChannelName Pin=R6.B2-2
Added Pin To Net: NetName=NetR9.B3_1 Pin=R6.B3-1
Added Pin To Net: NetName=B+_$ChannelName Pin=R6.B3-2
Added Pin To Net: NetName=NetR9.B4_1 Pin=R6.B4-1
Added Pin To Net: NetName=B+_$ChannelName Pin=R6.B4-2
Added Pin To Net: NetName=NetR9.B5_1 Pin=R6.B5-1
Added Pin To Net: NetName=B+_$ChannelName Pin=R6.B5-2
Added Pin To Net: NetName=NetR9.B6_1 Pin=R6.B6-1
Added Pin To Net: NetName=B+_$ChannelName Pin=R6.B6-2
Added Pin To Net: NetName=NetLEDDriver.B1_5 Pin=R7.B1-1
Added Pin To Net: NetName=NetR9.B1_1 Pin=R7.B1-2
Added Pin To Net: NetName=NetLEDDriver.B2_5 Pin=R7.B2-1
Added Pin To Net: NetName=NetR9.B2_1 Pin=R7.B2-2
Added Pin To Net: NetName=NetLEDDriver.B3_5 Pin=R7.B3-1
Added Pin To Net: NetName=NetR9.B3_1 Pin=R7.B3-2
Added Pin To Net: NetName=NetLEDDriver.B4_5 Pin=R7.B4-1
Added Pin To Net: NetName=NetR9.B4_1 Pin=R7.B4-2
Added Pin To Net: NetName=NetLEDDriver.B5_5 Pin=R7.B5-1
Added Pin To Net: NetName=NetR9.B5_1 Pin=R7.B5-2
Added Pin To Net: NetName=NetLEDDriver.B6_5 Pin=R7.B6-1
Added Pin To Net: NetName=NetR9.B6_1 Pin=R7.B6-2
Added Pin To Net: NetName=B-1 Pin=R8.B1-1
Added Pin To Net: NetName=NetLEDDriver.B1_5 Pin=R8.B1-2
Added Pin To Net: NetName=B-2 Pin=R8.B2-1
Added Pin To Net: NetName=NetLEDDriver.B2_5 Pin=R8.B2-2
Added Pin To Net: NetName=B-3 Pin=R8.B3-1
Added Pin To Net: NetName=NetLEDDriver.B3_5 Pin=R8.B3-2
Added Pin To Net: NetName=B-4 Pin=R8.B4-1
Added Pin To Net: NetName=NetLEDDriver.B4_5 Pin=R8.B4-2
Added Pin To Net: NetName=B-5 Pin=R8.B5-1
Added Pin To Net: NetName=NetLEDDriver.B5_5 Pin=R8.B5-2
Added Pin To Net: NetName=B-6 Pin=R8.B6-1
Added Pin To Net: NetName=NetLEDDriver.B6_5 Pin=R8.B6-2
Change Net Name : Old Net Name=B-1 New Net Name=B_IN1
Change Net Name : Old Net Name=B-2 New Net Name=B_IN2
Change Net Name : Old Net Name=B-3 New Net Name=B_IN3
Change Net Name : Old Net Name=B-4 New Net Name=B_IN4
Change Net Name : Old Net Name=B-5 New Net Name=B_IN5
Change Net Name : Old Net Name=B-6 New Net Name=B_IN6
Change Class Name : Old Net Name=B-[6..1] New Net Name=B_IN[6..1]
Added Member To Class: ClassName=B1 Member=Component R9.B1 (R9) Res3
Added Member To Class: ClassName=B2 Member=Component R9.B2 (R9) Res3
Added Member To Class: ClassName=B3 Member=Component R9.B3 (R9) Res3
Added Member To Class: ClassName=B4 Member=Component R9.B4 (R9) Res3
Added Member To Class: ClassName=B5 Member=Component R9.B5 (R9) Res3
Added Member To Class: ClassName=B6 Member=Component R9.B6 (R9) Res3
Added Member To Class: ClassName=B1 Member=Component R10.B1 (R10) Res3
Added Member To Class: ClassName=B2 Member=Component R10.B2 (R10) Res3
Added Member To Class: ClassName=B3 Member=Component R10.B3 (R10) Res3
Added Member To Class: ClassName=B4 Member=Component R10.B4 (R10) Res3
Added Member To Class: ClassName=B5 Member=Component R10.B5 (R10) Res3
Added Member To Class: ClassName=B6 Member=Component R10.B6 (R10) Res3
Added Member To Class: ClassName=B1 Member=Component R11.B1 (R11) Res3
Added Member To Class: ClassName=B2 Member=Component R11.B2 (R11) Res3
Added Member To Class: ClassName=B3 Member=Component R11.B3 (R11) Res3
Added Member To Class: ClassName=B4 Member=Component R11.B4 (R11) Res3
Added Member To Class: ClassName=B5 Member=Component R11.B5 (R11) Res3
Added Member To Class: ClassName=B6 Member=Component R11.B6 (R11) Res3
Added Member To Class: ClassName=B_IN[6..1] Member=Element[1]: B-_$ChannelName
Added Member To Class: ClassName=B_IN[6..1] Member=Element[2]: B-_$ChannelName
Added Member To Class: ClassName=B_IN[6..1] Member=Element[3]: B-_$ChannelName
Added Member To Class: ClassName=B_IN[6..1] Member=Element[4]: B-_$ChannelName
Added Member To Class: ClassName=B_IN[6..1] Member=Element[5]: B-_$ChannelName
Added Member To Class: ClassName=B_IN[6..1] Member=Element[6]: B-_$ChannelName
