Added Component: Designator=C3.B1(RAD-0.3)
Added Component: Designator=C3.B2(RAD-0.3)
Added Component: Designator=C3.B3(RAD-0.3)
Added Component: Designator=C3.B4(RAD-0.3)
Added Component: Designator=C3.B5(RAD-0.3)
Added Component: Designator=C3.B6(RAD-0.3)
Added Component: Designator=C4.B1(RAD-0.3)
Added Component: Designator=C4.B2(RAD-0.3)
Added Component: Designator=C4.B3(RAD-0.3)
Added Component: Designator=C4.B4(RAD-0.3)
Added Component: Designator=C4.B5(RAD-0.3)
Added Component: Designator=C4.B6(RAD-0.3)
Added Pin To Net: NetName=B_IN2 Pin=C3.B1-1
Added Pin To Net: NetName=NetBatt.B1_P Pin=C3.B1-2
Added Pin To Net: NetName=B_IN3 Pin=C3.B2-1
Added Pin To Net: NetName=NetBatt.B2_P Pin=C3.B2-2
Added Pin To Net: NetName=B_IN4 Pin=C3.B3-1
Added Pin To Net: NetName=NetBatt.B3_P Pin=C3.B3-2
Added Pin To Net: NetName=B_IN5 Pin=C3.B4-1
Added Pin To Net: NetName=NetBatt.B4_P Pin=C3.B4-2
Added Pin To Net: NetName=B_IN6 Pin=C3.B5-1
Added Pin To Net: NetName=NetBatt.B5_P Pin=C3.B5-2
Added Pin To Net: NetName=B_OUT6 Pin=C3.B6-1
Added Pin To Net: NetName=NetBatt.B6_P Pin=C3.B6-2
Added Pin To Net: NetName=B_IN1 Pin=C4.B1-1
Added Pin To Net: NetName=B_IN2 Pin=C4.B1-2
Added Pin To Net: NetName=B_IN2 Pin=C4.B2-1
Added Pin To Net: NetName=B_IN3 Pin=C4.B2-2
Added Pin To Net: NetName=B_IN3 Pin=C4.B3-1
Added Pin To Net: NetName=B_IN4 Pin=C4.B3-2
Added Pin To Net: NetName=B_IN4 Pin=C4.B4-1
Added Pin To Net: NetName=B_IN5 Pin=C4.B4-2
Added Pin To Net: NetName=B_IN5 Pin=C4.B5-1
Added Pin To Net: NetName=B_IN6 Pin=C4.B5-2
Added Pin To Net: NetName=B_IN6 Pin=C4.B6-1
Added Pin To Net: NetName=B_OUT6 Pin=C4.B6-2
Added Member To Class: ClassName=B1 Member=Component C3.B1 (C3) Cap
Added Member To Class: ClassName=B2 Member=Component C3.B2 (C3) Cap
Added Member To Class: ClassName=B3 Member=Component C3.B3 (C3) Cap
Added Member To Class: ClassName=B4 Member=Component C3.B4 (C3) Cap
Added Member To Class: ClassName=B5 Member=Component C3.B5 (C3) Cap
Added Member To Class: ClassName=B6 Member=Component C3.B6 (C3) Cap
Added Member To Class: ClassName=B1 Member=Component C4.B1 (C4) Cap
Added Member To Class: ClassName=B2 Member=Component C4.B2 (C4) Cap
Added Member To Class: ClassName=B3 Member=Component C4.B3 (C4) Cap
Added Member To Class: ClassName=B4 Member=Component C4.B4 (C4) Cap
Added Member To Class: ClassName=B5 Member=Component C4.B5 (C4) Cap
Added Member To Class: ClassName=B6 Member=Component C4.B6 (C4) Cap
