Added Component: Designator=*1(DIP34)
Added Component: Designator=B1_$ChannelName(18650_PCB_HOLDER)
Added Component: Designator=B1_$ChannelName(18650_PCB_HOLDER)
Added Component: Designator=B1_$ChannelName(18650_PCB_HOLDER)
Added Component: Designator=B1_$ChannelName(18650_PCB_HOLDER)
Added Component: Designator=B1_$ChannelName(18650_PCB_HOLDER)
Added Component: Designator=B1_$ChannelName(18650_PCB_HOLDER)
Added Component: Designator=D1_$ChannelName(LED Strip)
Added Component: Designator=D1_$ChannelName(LED Strip)
Added Component: Designator=D1_$ChannelName(LED Strip)
Added Component: Designator=D1_$ChannelName(LED Strip)
Added Component: Designator=D1_$ChannelName(LED Strip)
Added Component: Designator=D1_$ChannelName(LED Strip)
Added Component: Designator=LEDDriver_$ChannelName(DIP18)
Added Component: Designator=LEDDriver_$ChannelName(DIP18)
Added Component: Designator=LEDDriver_$ChannelName(DIP18)
Added Component: Designator=LEDDriver_$ChannelName(DIP18)
Added Component: Designator=LEDDriver_$ChannelName(DIP18)
Added Component: Designator=LEDDriver_$ChannelName(DIP18)
Added Component: Designator=MP1(SOIC24)
Added Component: Designator=NMOS_$ChannelName(MOSFET)
Added Component: Designator=NMOS_$ChannelName(MOSFET)
Added Component: Designator=NMOS_$ChannelName(MOSFET)
Added Component: Designator=NMOS_$ChannelName(MOSFET)
Added Component: Designator=NMOS_$ChannelName(MOSFET)
Added Component: Designator=NMOS_$ChannelName(MOSFET)
Added Component: Designator=OC_1_$ChannelName(SMDIP4)
Added Component: Designator=OC_1_$ChannelName(SMDIP4)
Added Component: Designator=OC_1_$ChannelName(SMDIP4)
Added Component: Designator=OC_1_$ChannelName(SMDIP4)
Added Component: Designator=OC_1_$ChannelName(SMDIP4)
Added Component: Designator=OC_1_$ChannelName(SMDIP4)
Added Component: Designator=OC_2_$ChannelName(SMDIP4)
Added Component: Designator=OC_2_$ChannelName(SMDIP4)
Added Component: Designator=OC_2_$ChannelName(SMDIP4)
Added Component: Designator=OC_2_$ChannelName(SMDIP4)
Added Component: Designator=OC_2_$ChannelName(SMDIP4)
Added Component: Designator=OC_2_$ChannelName(SMDIP4)
Added Component: Designator=PMos_$ChannelName(MOSFET)
Added Component: Designator=PMos_$ChannelName(MOSFET)
Added Component: Designator=PMos_$ChannelName(MOSFET)
Added Component: Designator=PMos_$ChannelName(MOSFET)
Added Component: Designator=PMos_$ChannelName(MOSFET)
Added Component: Designator=PMos_$ChannelName(MOSFET)
Added Component: Designator=R1(J1-0603)
Added Component: Designator=R2(J1-0603)
Added Component: Designator=R3(J1-0603)
Added Component: Designator=R4(J1-0603)
Added Component: Designator=R5(J1-0603)
Added Component: Designator=R6(J1-0603)
Added Component: Designator=R7(J1-0603)
Added Component: Designator=R8(J1-0603)
Added Component: Designator=R9(J1-0603)
Added Component: Designator=R10(J1-0603)
Added Component: Designator=R11(J1-0603)
Added Component: Designator=R12(J1-0603)
Added Component: Designator=R13(J1-0603)
Added Component: Designator=R14(J1-0603)
Added Component: Designator=R15(J1-0603)
Added Component: Designator=R16(J1-0603)
Added Component: Designator=R17(J1-0603)
Added Component: Designator=R18(J1-0603)
Added Component: Designator=R19(J1-0603)
Added Component: Designator=R20(J1-0603)
Added Component: Designator=R21(J1-0603)
Added Component: Designator=R22(J1-0603)
Added Component: Designator=R23(J1-0603)
Added Component: Designator=R24(J1-0603)
Added Component: Designator=R25(J1-0603)
Added Component: Designator=R26(J1-0603)
Added Component: Designator=R27(J1-0603)
Added Component: Designator=R28(J1-0603)
Added Component: Designator=R29_$ChannelName(J1-0603)
Added Component: Designator=R29_$ChannelName(J1-0603)
Added Component: Designator=R29_$ChannelName(J1-0603)
Added Component: Designator=R29_$ChannelName(J1-0603)
Added Component: Designator=R29_$ChannelName(J1-0603)
Added Component: Designator=R29_$ChannelName(J1-0603)
Added Component: Designator=R30_$ChannelName(J1-0603)
Added Component: Designator=R30_$ChannelName(J1-0603)
Added Component: Designator=R30_$ChannelName(J1-0603)
Added Component: Designator=R30_$ChannelName(J1-0603)
Added Component: Designator=R30_$ChannelName(J1-0603)
Added Component: Designator=R30_$ChannelName(J1-0603)
Added Component: Designator=R31_$ChannelName(J1-0603)
Added Component: Designator=R31_$ChannelName(J1-0603)
Added Component: Designator=R31_$ChannelName(J1-0603)
Added Component: Designator=R31_$ChannelName(J1-0603)
Added Component: Designator=R31_$ChannelName(J1-0603)
Added Component: Designator=R31_$ChannelName(J1-0603)
Added Component: Designator=R32_$ChannelName(J1-0603)
Added Component: Designator=R32_$ChannelName(J1-0603)
Added Component: Designator=R32_$ChannelName(J1-0603)
Added Component: Designator=R32_$ChannelName(J1-0603)
Added Component: Designator=R32_$ChannelName(J1-0603)
Added Component: Designator=R32_$ChannelName(J1-0603)
Added Component: Designator=R33_$ChannelName(J1-0603)
Added Component: Designator=R33_$ChannelName(J1-0603)
Added Component: Designator=R33_$ChannelName(J1-0603)
Added Component: Designator=R33_$ChannelName(J1-0603)
Added Component: Designator=R33_$ChannelName(J1-0603)
Added Component: Designator=R33_$ChannelName(J1-0603)
Added Component: Designator=R34_$ChannelName(J1-0603)
Added Component: Designator=R34_$ChannelName(J1-0603)
Added Component: Designator=R34_$ChannelName(J1-0603)
Added Component: Designator=R34_$ChannelName(J1-0603)
Added Component: Designator=R34_$ChannelName(J1-0603)
Added Component: Designator=R34_$ChannelName(J1-0603)
Added Component: Designator=R35_$ChannelName(J1-0603)
Added Component: Designator=R35_$ChannelName(J1-0603)
Added Component: Designator=R35_$ChannelName(J1-0603)
Added Component: Designator=R35_$ChannelName(J1-0603)
Added Component: Designator=R35_$ChannelName(J1-0603)
Added Component: Designator=R35_$ChannelName(J1-0603)
Added Component: Designator=R36_$ChannelName(J1-0603)
Added Component: Designator=R36_$ChannelName(J1-0603)
Added Component: Designator=R36_$ChannelName(J1-0603)
Added Component: Designator=R36_$ChannelName(J1-0603)
Added Component: Designator=R36_$ChannelName(J1-0603)
Added Component: Designator=R36_$ChannelName(J1-0603)
Added Component: Designator=R37_$ChannelName(J1-0603)
Added Component: Designator=R37_$ChannelName(J1-0603)
Added Component: Designator=R37_$ChannelName(J1-0603)
Added Component: Designator=R37_$ChannelName(J1-0603)
Added Component: Designator=R37_$ChannelName(J1-0603)
Added Component: Designator=R37_$ChannelName(J1-0603)
Added Component: Designator=R38_$ChannelName(J1-0603)
Added Component: Designator=R38_$ChannelName(J1-0603)
Added Component: Designator=R38_$ChannelName(J1-0603)
Added Component: Designator=R38_$ChannelName(J1-0603)
Added Component: Designator=R38_$ChannelName(J1-0603)
Added Component: Designator=R38_$ChannelName(J1-0603)
Added Component: Designator=R39_$ChannelName(J1-0603)
Added Component: Designator=R39_$ChannelName(J1-0603)
Added Component: Designator=R39_$ChannelName(J1-0603)
Added Component: Designator=R39_$ChannelName(J1-0603)
Added Component: Designator=R39_$ChannelName(J1-0603)
Added Component: Designator=R39_$ChannelName(J1-0603)
Added Component: Designator=R40_$ChannelName(J1-0603)
Added Component: Designator=R40_$ChannelName(J1-0603)
Added Component: Designator=R40_$ChannelName(J1-0603)
Added Component: Designator=R40_$ChannelName(J1-0603)
Added Component: Designator=R40_$ChannelName(J1-0603)
Added Component: Designator=R40_$ChannelName(J1-0603)
Added Pin To Net: NetName=NCTRL1 Pin=*1-2
Added Pin To Net: NetName=NCTRL2 Pin=*1-3
Added Pin To Net: NetName=NCTRL3 Pin=*1-4
Added Pin To Net: NetName=NCTRL4 Pin=*1-9
Added Pin To Net: NetName=NCTRL5 Pin=*1-10
Added Pin To Net: NetName=NCTRL6 Pin=*1-11
Added Pin To Net: NetName=PCTRL1 Pin=*1-12
Added Pin To Net: NetName=PCTRL2 Pin=*1-13
Added Pin To Net: NetName=PCTRL3 Pin=*1-14
Added Pin To Net: NetName=PCTRL4 Pin=*1-15
Added Pin To Net: NetName=PCTRL5 Pin=*1-16
Added Pin To Net: NetName=PCTRL6 Pin=*1-17
Added Pin To Net: NetName=+5 Pin=*1-20
Added Pin To Net: NetName=GND Pin=*1-21
Added Pin To Net: NetName=ADC- Pin=*1-27
Added Pin To Net: NetName=ADC+ Pin=*1-28
Added Pin To Net: NetName=MP_A3 Pin=*1-29
Added Pin To Net: NetName=MP_A2 Pin=*1-30
Added Pin To Net: NetName=MP_A1 Pin=*1-31
Added Pin To Net: NetName=B-2 Pin=B1_$ChannelName-N
Added Pin To Net: NetName=B-2 Pin=B1_$ChannelName-N
Added Pin To Net: NetName=B-2 Pin=B1_$ChannelName-N
Added Pin To Net: NetName=B-3 Pin=B1_$ChannelName-N
Added Pin To Net: NetName=B-3 Pin=B1_$ChannelName-N
Added Pin To Net: NetName=B-3 Pin=B1_$ChannelName-N
Added Pin To Net: NetName=B-4 Pin=B1_$ChannelName-N
Added Pin To Net: NetName=B-4 Pin=B1_$ChannelName-N
Added Pin To Net: NetName=B-4 Pin=B1_$ChannelName-N
Added Pin To Net: NetName=B-5 Pin=B1_$ChannelName-N
Added Pin To Net: NetName=B-5 Pin=B1_$ChannelName-N
Added Pin To Net: NetName=B-5 Pin=B1_$ChannelName-N
Added Pin To Net: NetName=B-6 Pin=B1_$ChannelName-N
Added Pin To Net: NetName=B-6 Pin=B1_$ChannelName-N
Added Pin To Net: NetName=B-6 Pin=B1_$ChannelName-N
Added Pin To Net: NetName=B-7 Pin=B1_$ChannelName-N
Added Pin To Net: NetName=B-7 Pin=B1_$ChannelName-N
Added Pin To Net: NetName=B-7 Pin=B1_$ChannelName-N
Added Pin To Net: NetName=B+1 Pin=B1_$ChannelName-P
Added Pin To Net: NetName=B+1 Pin=B1_$ChannelName-P
Added Pin To Net: NetName=B+1 Pin=B1_$ChannelName-P
Added Pin To Net: NetName=B+2 Pin=B1_$ChannelName-P
Added Pin To Net: NetName=B+2 Pin=B1_$ChannelName-P
Added Pin To Net: NetName=B+2 Pin=B1_$ChannelName-P
Added Pin To Net: NetName=B+3 Pin=B1_$ChannelName-P
Added Pin To Net: NetName=B+3 Pin=B1_$ChannelName-P
Added Pin To Net: NetName=B+3 Pin=B1_$ChannelName-P
Added Pin To Net: NetName=B+4 Pin=B1_$ChannelName-P
Added Pin To Net: NetName=B+4 Pin=B1_$ChannelName-P
Added Pin To Net: NetName=B+4 Pin=B1_$ChannelName-P
Added Pin To Net: NetName=B+5 Pin=B1_$ChannelName-P
Added Pin To Net: NetName=B+5 Pin=B1_$ChannelName-P
Added Pin To Net: NetName=B+5 Pin=B1_$ChannelName-P
Added Pin To Net: NetName=B+6 Pin=B1_$ChannelName-P
Added Pin To Net: NetName=B+6 Pin=B1_$ChannelName-P
Added Pin To Net: NetName=B+6 Pin=B1_$ChannelName-P
Added Pin To Net: NetName=B+1 Pin=D1_$ChannelName-1
Added Pin To Net: NetName=B+2 Pin=D1_$ChannelName-1
Added Pin To Net: NetName=B+3 Pin=D1_$ChannelName-1
Added Pin To Net: NetName=B+4 Pin=D1_$ChannelName-1
Added Pin To Net: NetName=B+5 Pin=D1_$ChannelName-1
Added Pin To Net: NetName=B+6 Pin=D1_$ChannelName-1
Added Pin To Net: NetName=NetD1_$ChannelName_2 Pin=D1_$ChannelName-2
Added Pin To Net: NetName=B+1 Pin=D1_$ChannelName-3
Added Pin To Net: NetName=B+2 Pin=D1_$ChannelName-3
Added Pin To Net: NetName=B+3 Pin=D1_$ChannelName-3
Added Pin To Net: NetName=B+4 Pin=D1_$ChannelName-3
Added Pin To Net: NetName=B+5 Pin=D1_$ChannelName-3
Added Pin To Net: NetName=B+6 Pin=D1_$ChannelName-3
Added Pin To Net: NetName=NetD1_$ChannelName_4 Pin=D1_$ChannelName-4
Added Pin To Net: NetName=B+1 Pin=D1_$ChannelName-5
Added Pin To Net: NetName=B+2 Pin=D1_$ChannelName-5
Added Pin To Net: NetName=B+3 Pin=D1_$ChannelName-5
Added Pin To Net: NetName=B+4 Pin=D1_$ChannelName-5
Added Pin To Net: NetName=B+5 Pin=D1_$ChannelName-5
Added Pin To Net: NetName=B+6 Pin=D1_$ChannelName-5
Added Pin To Net: NetName=NetD1_$ChannelName_6 Pin=D1_$ChannelName-6
Added Pin To Net: NetName=B+1 Pin=D1_$ChannelName-7
Added Pin To Net: NetName=B+2 Pin=D1_$ChannelName-7
Added Pin To Net: NetName=B+3 Pin=D1_$ChannelName-7
Added Pin To Net: NetName=B+4 Pin=D1_$ChannelName-7
Added Pin To Net: NetName=B+5 Pin=D1_$ChannelName-7
Added Pin To Net: NetName=B+6 Pin=D1_$ChannelName-7
Added Pin To Net: NetName=NetD1_$ChannelName_8 Pin=D1_$ChannelName-8
Added Pin To Net: NetName=B+1 Pin=D1_$ChannelName-9
Added Pin To Net: NetName=B+2 Pin=D1_$ChannelName-9
Added Pin To Net: NetName=B+3 Pin=D1_$ChannelName-9
Added Pin To Net: NetName=B+4 Pin=D1_$ChannelName-9
Added Pin To Net: NetName=B+5 Pin=D1_$ChannelName-9
Added Pin To Net: NetName=B+6 Pin=D1_$ChannelName-9
Added Pin To Net: NetName=NetD1_$ChannelName_10 Pin=D1_$ChannelName-10
Added Pin To Net: NetName=B+1 Pin=D1_$ChannelName-11
Added Pin To Net: NetName=B+2 Pin=D1_$ChannelName-11
Added Pin To Net: NetName=B+3 Pin=D1_$ChannelName-11
Added Pin To Net: NetName=B+4 Pin=D1_$ChannelName-11
Added Pin To Net: NetName=B+5 Pin=D1_$ChannelName-11
Added Pin To Net: NetName=B+6 Pin=D1_$ChannelName-11
Added Pin To Net: NetName=NetD1_$ChannelName_12 Pin=D1_$ChannelName-12
Added Pin To Net: NetName=B+1 Pin=D1_$ChannelName-13
Added Pin To Net: NetName=B+2 Pin=D1_$ChannelName-13
Added Pin To Net: NetName=B+3 Pin=D1_$ChannelName-13
Added Pin To Net: NetName=B+4 Pin=D1_$ChannelName-13
Added Pin To Net: NetName=B+5 Pin=D1_$ChannelName-13
Added Pin To Net: NetName=B+6 Pin=D1_$ChannelName-13
Added Pin To Net: NetName=NetD1_$ChannelName_14 Pin=D1_$ChannelName-14
Added Pin To Net: NetName=B-2 Pin=LEDDriver_$ChannelName-2
Added Pin To Net: NetName=B-3 Pin=LEDDriver_$ChannelName-2
Added Pin To Net: NetName=B-4 Pin=LEDDriver_$ChannelName-2
Added Pin To Net: NetName=B-5 Pin=LEDDriver_$ChannelName-2
Added Pin To Net: NetName=B-6 Pin=LEDDriver_$ChannelName-2
Added Pin To Net: NetName=B-7 Pin=LEDDriver_$ChannelName-2
Added Pin To Net: NetName=B+1 Pin=LEDDriver_$ChannelName-3
Added Pin To Net: NetName=B+2 Pin=LEDDriver_$ChannelName-3
Added Pin To Net: NetName=B+3 Pin=LEDDriver_$ChannelName-3
Added Pin To Net: NetName=B+4 Pin=LEDDriver_$ChannelName-3
Added Pin To Net: NetName=B+5 Pin=LEDDriver_$ChannelName-3
Added Pin To Net: NetName=B+6 Pin=LEDDriver_$ChannelName-3
Added Pin To Net: NetName=NetLEDDriver_$ChannelName_4 Pin=LEDDriver_$ChannelName-4
Added Pin To Net: NetName=NetLEDDriver_$ChannelName_5 Pin=LEDDriver_$ChannelName-5
Added Pin To Net: NetName=NetLEDDriver_$ChannelName_6 Pin=LEDDriver_$ChannelName-6
Added Pin To Net: NetName=NetLEDDriver_$ChannelName_6 Pin=LEDDriver_$ChannelName-7
Added Pin To Net: NetName=NetLEDDriver_$ChannelName_8 Pin=LEDDriver_$ChannelName-8
Added Pin To Net: NetName=B+1 Pin=LEDDriver_$ChannelName-9
Added Pin To Net: NetName=B+2 Pin=LEDDriver_$ChannelName-9
Added Pin To Net: NetName=B+3 Pin=LEDDriver_$ChannelName-9
Added Pin To Net: NetName=B+4 Pin=LEDDriver_$ChannelName-9
Added Pin To Net: NetName=B+5 Pin=LEDDriver_$ChannelName-9
Added Pin To Net: NetName=B+6 Pin=LEDDriver_$ChannelName-9
Added Pin To Net: NetName=NetD1_$ChannelName_14 Pin=LEDDriver_$ChannelName-10
Added Pin To Net: NetName=NetD1_$ChannelName_12 Pin=LEDDriver_$ChannelName-11
Added Pin To Net: NetName=NetD1_$ChannelName_10 Pin=LEDDriver_$ChannelName-12
Added Pin To Net: NetName=NetD1_$ChannelName_8 Pin=LEDDriver_$ChannelName-13
Added Pin To Net: NetName=NetD1_$ChannelName_6 Pin=LEDDriver_$ChannelName-14
Added Pin To Net: NetName=NetD1_$ChannelName_4 Pin=LEDDriver_$ChannelName-15
Added Pin To Net: NetName=NetD1_$ChannelName_2 Pin=LEDDriver_$ChannelName-16
Added Pin To Net: NetName=ADC+ Pin=MP1-1
Added Pin To Net: NetName=NetMP1_x6 Pin=MP1-3
Added Pin To Net: NetName=NetMP1_x5 Pin=MP1-4
Added Pin To Net: NetName=NetMP1_x4 Pin=MP1-5
Added Pin To Net: NetName=NetMP1_x3 Pin=MP1-6
Added Pin To Net: NetName=NetMP1_x2 Pin=MP1-7
Added Pin To Net: NetName=NetMP1_x1 Pin=MP1-8
Added Pin To Net: NetName=NetMP1_x0 Pin=MP1-9
Added Pin To Net: NetName=MP_A1 Pin=MP1-10
Added Pin To Net: NetName=MP_A2 Pin=MP1-11
Added Pin To Net: NetName=GND Pin=MP1-12
Added Pin To Net: NetName=GND Pin=MP1-13
Added Pin To Net: NetName=MP_A3 Pin=MP1-14
Added Pin To Net: NetName=NetMP1_y6 Pin=MP1-16
Added Pin To Net: NetName=ADC- Pin=MP1-17
Added Pin To Net: NetName=NetMP1_y5 Pin=MP1-18
Added Pin To Net: NetName=NetMP1_y4 Pin=MP1-19
Added Pin To Net: NetName=NetMP1_y3 Pin=MP1-20
Added Pin To Net: NetName=NetMP1_y2 Pin=MP1-21
Added Pin To Net: NetName=NetMP1_y1 Pin=MP1-22
Added Pin To Net: NetName=NetMP1_y0 Pin=MP1-23
Added Pin To Net: NetName=+5 Pin=MP1-24
Added Pin To Net: NetName=B-2 Pin=NMOS_$ChannelName-1
Added Pin To Net: NetName=B-2 Pin=NMOS_$ChannelName-1
Added Pin To Net: NetName=B-2 Pin=NMOS_$ChannelName-1
Added Pin To Net: NetName=B-3 Pin=NMOS_$ChannelName-1
Added Pin To Net: NetName=B-3 Pin=NMOS_$ChannelName-1
Added Pin To Net: NetName=B-3 Pin=NMOS_$ChannelName-1
Added Pin To Net: NetName=B-4 Pin=NMOS_$ChannelName-1
Added Pin To Net: NetName=B-4 Pin=NMOS_$ChannelName-1
Added Pin To Net: NetName=B-4 Pin=NMOS_$ChannelName-1
Added Pin To Net: NetName=B-5 Pin=NMOS_$ChannelName-1
Added Pin To Net: NetName=B-5 Pin=NMOS_$ChannelName-1
Added Pin To Net: NetName=B-5 Pin=NMOS_$ChannelName-1
Added Pin To Net: NetName=B-6 Pin=NMOS_$ChannelName-1
Added Pin To Net: NetName=B-6 Pin=NMOS_$ChannelName-1
Added Pin To Net: NetName=B-6 Pin=NMOS_$ChannelName-1
Added Pin To Net: NetName=B-7 Pin=NMOS_$ChannelName-1
Added Pin To Net: NetName=B-7 Pin=NMOS_$ChannelName-1
Added Pin To Net: NetName=B-7 Pin=NMOS_$ChannelName-1
Added Pin To Net: NetName=NetNMOS_$ChannelName_1 Pin=NMOS_$ChannelName-4
Added Pin To Net: NetName=B+7 Pin=NMOS_$ChannelName-5
Added Pin To Net: NetName=B+7 Pin=NMOS_$ChannelName-5
Added Pin To Net: NetName=B+7 Pin=NMOS_$ChannelName-5
Added Pin To Net: NetName=B+7 Pin=NMOS_$ChannelName-5
Added Pin To Net: NetName=B-2 Pin=NMOS_$ChannelName-5
Added Pin To Net: NetName=B-2 Pin=NMOS_$ChannelName-5
Added Pin To Net: NetName=B-2 Pin=NMOS_$ChannelName-5
Added Pin To Net: NetName=B-2 Pin=NMOS_$ChannelName-5
Added Pin To Net: NetName=B-3 Pin=NMOS_$ChannelName-5
Added Pin To Net: NetName=B-3 Pin=NMOS_$ChannelName-5
Added Pin To Net: NetName=B-3 Pin=NMOS_$ChannelName-5
Added Pin To Net: NetName=B-3 Pin=NMOS_$ChannelName-5
Added Pin To Net: NetName=B-4 Pin=NMOS_$ChannelName-5
Added Pin To Net: NetName=B-4 Pin=NMOS_$ChannelName-5
Added Pin To Net: NetName=B-4 Pin=NMOS_$ChannelName-5
Added Pin To Net: NetName=B-4 Pin=NMOS_$ChannelName-5
Added Pin To Net: NetName=B-5 Pin=NMOS_$ChannelName-5
Added Pin To Net: NetName=B-5 Pin=NMOS_$ChannelName-5
Added Pin To Net: NetName=B-5 Pin=NMOS_$ChannelName-5
Added Pin To Net: NetName=B-5 Pin=NMOS_$ChannelName-5
Added Pin To Net: NetName=B-6 Pin=NMOS_$ChannelName-5
Added Pin To Net: NetName=B-6 Pin=NMOS_$ChannelName-5
Added Pin To Net: NetName=B-6 Pin=NMOS_$ChannelName-5
Added Pin To Net: NetName=B-6 Pin=NMOS_$ChannelName-5
Added Pin To Net: NetName=+5 Pin=OC_1_$ChannelName-1
Added Pin To Net: NetName=+5 Pin=OC_1_$ChannelName-1
Added Pin To Net: NetName=+5 Pin=OC_1_$ChannelName-1
Added Pin To Net: NetName=+5 Pin=OC_1_$ChannelName-1
Added Pin To Net: NetName=+5 Pin=OC_1_$ChannelName-1
Added Pin To Net: NetName=+5 Pin=OC_1_$ChannelName-1
Added Pin To Net: NetName=NCTRL1 Pin=OC_1_$ChannelName-2
Added Pin To Net: NetName=NCTRL2 Pin=OC_1_$ChannelName-2
Added Pin To Net: NetName=NCTRL3 Pin=OC_1_$ChannelName-2
Added Pin To Net: NetName=NCTRL4 Pin=OC_1_$ChannelName-2
Added Pin To Net: NetName=NCTRL5 Pin=OC_1_$ChannelName-2
Added Pin To Net: NetName=NCTRL6 Pin=OC_1_$ChannelName-2
Added Pin To Net: NetName=NetOC_1_$ChannelName_3 Pin=OC_1_$ChannelName-3
Added Pin To Net: NetName=NetNMOS_$ChannelName_1 Pin=OC_1_$ChannelName-4
Added Pin To Net: NetName=+5 Pin=OC_2_$ChannelName-1
Added Pin To Net: NetName=+5 Pin=OC_2_$ChannelName-1
Added Pin To Net: NetName=+5 Pin=OC_2_$ChannelName-1
Added Pin To Net: NetName=+5 Pin=OC_2_$ChannelName-1
Added Pin To Net: NetName=+5 Pin=OC_2_$ChannelName-1
Added Pin To Net: NetName=+5 Pin=OC_2_$ChannelName-1
Added Pin To Net: NetName=PCTRL1 Pin=OC_2_$ChannelName-2
Added Pin To Net: NetName=PCTRL2 Pin=OC_2_$ChannelName-2
Added Pin To Net: NetName=PCTRL3 Pin=OC_2_$ChannelName-2
Added Pin To Net: NetName=PCTRL4 Pin=OC_2_$ChannelName-2
Added Pin To Net: NetName=PCTRL5 Pin=OC_2_$ChannelName-2
Added Pin To Net: NetName=PCTRL6 Pin=OC_2_$ChannelName-2
Added Pin To Net: NetName=NetOC_2_$ChannelName_3 Pin=OC_2_$ChannelName-3
Added Pin To Net: NetName=NetOC_2_$ChannelName_4 Pin=OC_2_$ChannelName-4
Added Pin To Net: NetName=B+1 Pin=PMos_$ChannelName-1
Added Pin To Net: NetName=B+1 Pin=PMos_$ChannelName-1
Added Pin To Net: NetName=B+1 Pin=PMos_$ChannelName-1
Added Pin To Net: NetName=B+2 Pin=PMos_$ChannelName-1
Added Pin To Net: NetName=B+2 Pin=PMos_$ChannelName-1
Added Pin To Net: NetName=B+2 Pin=PMos_$ChannelName-1
Added Pin To Net: NetName=B+3 Pin=PMos_$ChannelName-1
Added Pin To Net: NetName=B+3 Pin=PMos_$ChannelName-1
Added Pin To Net: NetName=B+3 Pin=PMos_$ChannelName-1
Added Pin To Net: NetName=B+4 Pin=PMos_$ChannelName-1
Added Pin To Net: NetName=B+4 Pin=PMos_$ChannelName-1
Added Pin To Net: NetName=B+4 Pin=PMos_$ChannelName-1
Added Pin To Net: NetName=B+5 Pin=PMos_$ChannelName-1
Added Pin To Net: NetName=B+5 Pin=PMos_$ChannelName-1
Added Pin To Net: NetName=B+5 Pin=PMos_$ChannelName-1
Added Pin To Net: NetName=B+6 Pin=PMos_$ChannelName-1
Added Pin To Net: NetName=B+6 Pin=PMos_$ChannelName-1
Added Pin To Net: NetName=B+6 Pin=PMos_$ChannelName-1
Added Pin To Net: NetName=NetOC_2_$ChannelName_4 Pin=PMos_$ChannelName-4
Added Pin To Net: NetName=B+7 Pin=PMos_$ChannelName-5
Added Pin To Net: NetName=B+7 Pin=PMos_$ChannelName-5
Added Pin To Net: NetName=B+7 Pin=PMos_$ChannelName-5
Added Pin To Net: NetName=B+7 Pin=PMos_$ChannelName-5
Added Pin To Net: NetName=B-2 Pin=PMos_$ChannelName-5
Added Pin To Net: NetName=B-2 Pin=PMos_$ChannelName-5
Added Pin To Net: NetName=B-2 Pin=PMos_$ChannelName-5
Added Pin To Net: NetName=B-2 Pin=PMos_$ChannelName-5
Added Pin To Net: NetName=B-3 Pin=PMos_$ChannelName-5
Added Pin To Net: NetName=B-3 Pin=PMos_$ChannelName-5
Added Pin To Net: NetName=B-3 Pin=PMos_$ChannelName-5
Added Pin To Net: NetName=B-3 Pin=PMos_$ChannelName-5
Added Pin To Net: NetName=B-4 Pin=PMos_$ChannelName-5
Added Pin To Net: NetName=B-4 Pin=PMos_$ChannelName-5
Added Pin To Net: NetName=B-4 Pin=PMos_$ChannelName-5
Added Pin To Net: NetName=B-4 Pin=PMos_$ChannelName-5
Added Pin To Net: NetName=B-5 Pin=PMos_$ChannelName-5
Added Pin To Net: NetName=B-5 Pin=PMos_$ChannelName-5
Added Pin To Net: NetName=B-5 Pin=PMos_$ChannelName-5
Added Pin To Net: NetName=B-5 Pin=PMos_$ChannelName-5
Added Pin To Net: NetName=B-6 Pin=PMos_$ChannelName-5
Added Pin To Net: NetName=B-6 Pin=PMos_$ChannelName-5
Added Pin To Net: NetName=B-6 Pin=PMos_$ChannelName-5
Added Pin To Net: NetName=B-6 Pin=PMos_$ChannelName-5
Added Pin To Net: NetName=B-7 Pin=R1-1
Added Pin To Net: NetName=NetMP1_y0 Pin=R1-2
Added Pin To Net: NetName=B+7 Pin=R2-1
Added Pin To Net: NetName=NetMP1_x6 Pin=R2-2
Added Pin To Net: NetName=B-2 Pin=R3-1
Added Pin To Net: NetName=NetMP1_y1 Pin=R3-2
Added Pin To Net: NetName=B+6 Pin=R4-1
Added Pin To Net: NetName=NetMP1_x5 Pin=R4-2
Added Pin To Net: NetName=B-3 Pin=R5-1
Added Pin To Net: NetName=NetMP1_y2 Pin=R5-2
Added Pin To Net: NetName=B+5 Pin=R6-1
Added Pin To Net: NetName=NetMP1_x4 Pin=R6-2
Added Pin To Net: NetName=B-4 Pin=R7-1
Added Pin To Net: NetName=NetMP1_y3 Pin=R7-2
Added Pin To Net: NetName=B+4 Pin=R8-1
Added Pin To Net: NetName=NetMP1_x3 Pin=R8-2
Added Pin To Net: NetName=B-5 Pin=R9-1
Added Pin To Net: NetName=NetMP1_y4 Pin=R9-2
Added Pin To Net: NetName=B+3 Pin=R10-1
Added Pin To Net: NetName=NetMP1_x2 Pin=R10-2
Added Pin To Net: NetName=B-6 Pin=R11-1
Added Pin To Net: NetName=NetMP1_y5 Pin=R11-2
Added Pin To Net: NetName=B+2 Pin=R12-1
Added Pin To Net: NetName=NetMP1_x1 Pin=R12-2
Added Pin To Net: NetName=B+1 Pin=R13-1
Added Pin To Net: NetName=NetMP1_x0 Pin=R13-2
Added Pin To Net: NetName=B-7 Pin=R14-1
Added Pin To Net: NetName=NetMP1_y6 Pin=R14-2
Added Pin To Net: NetName=GND Pin=R15-1
Added Pin To Net: NetName=NetMP1_x0 Pin=R15-2
Added Pin To Net: NetName=GND Pin=R16-1
Added Pin To Net: NetName=NetMP1_x1 Pin=R16-2
Added Pin To Net: NetName=GND Pin=R17-1
Added Pin To Net: NetName=NetMP1_x2 Pin=R17-2
Added Pin To Net: NetName=GND Pin=R18-1
Added Pin To Net: NetName=NetMP1_x3 Pin=R18-2
Added Pin To Net: NetName=GND Pin=R19-1
Added Pin To Net: NetName=NetMP1_x4 Pin=R19-2
Added Pin To Net: NetName=GND Pin=R20-1
Added Pin To Net: NetName=NetMP1_x5 Pin=R20-2
Added Pin To Net: NetName=GND Pin=R21-1
Added Pin To Net: NetName=NetMP1_x6 Pin=R21-2
Added Pin To Net: NetName=GND Pin=R22-1
Added Pin To Net: NetName=NetMP1_y0 Pin=R22-2
Added Pin To Net: NetName=GND Pin=R23-1
Added Pin To Net: NetName=NetMP1_y1 Pin=R23-2
Added Pin To Net: NetName=GND Pin=R24-1
Added Pin To Net: NetName=NetMP1_y2 Pin=R24-2
Added Pin To Net: NetName=GND Pin=R25-1
Added Pin To Net: NetName=NetMP1_y3 Pin=R25-2
Added Pin To Net: NetName=GND Pin=R26-1
Added Pin To Net: NetName=NetMP1_y4 Pin=R26-2
Added Pin To Net: NetName=GND Pin=R27-1
Added Pin To Net: NetName=NetMP1_y5 Pin=R27-2
Added Pin To Net: NetName=GND Pin=R28-1
Added Pin To Net: NetName=NetMP1_y6 Pin=R28-2
Added Pin To Net: NetName=NetOC_2_$ChannelName_4 Pin=R29_$ChannelName-1
Added Pin To Net: NetName=B+1 Pin=R29_$ChannelName-2
Added Pin To Net: NetName=B+2 Pin=R29_$ChannelName-2
Added Pin To Net: NetName=B+3 Pin=R29_$ChannelName-2
Added Pin To Net: NetName=B+4 Pin=R29_$ChannelName-2
Added Pin To Net: NetName=B+5 Pin=R29_$ChannelName-2
Added Pin To Net: NetName=B+6 Pin=R29_$ChannelName-2
Added Pin To Net: NetName=NetNMOS_$ChannelName_1 Pin=R30_$ChannelName-1
Added Pin To Net: NetName=B+1 Pin=R30_$ChannelName-2
Added Pin To Net: NetName=B+2 Pin=R30_$ChannelName-2
Added Pin To Net: NetName=B+3 Pin=R30_$ChannelName-2
Added Pin To Net: NetName=B+4 Pin=R30_$ChannelName-2
Added Pin To Net: NetName=B+5 Pin=R30_$ChannelName-2
Added Pin To Net: NetName=B+6 Pin=R30_$ChannelName-2
Added Pin To Net: NetName=B-2 Pin=R31_$ChannelName-1
Added Pin To Net: NetName=B-3 Pin=R31_$ChannelName-1
Added Pin To Net: NetName=B-4 Pin=R31_$ChannelName-1
Added Pin To Net: NetName=B-5 Pin=R31_$ChannelName-1
Added Pin To Net: NetName=B-6 Pin=R31_$ChannelName-1
Added Pin To Net: NetName=B-7 Pin=R31_$ChannelName-1
Added Pin To Net: NetName=B+7 Pin=R31_$ChannelName-2
Added Pin To Net: NetName=B-2 Pin=R31_$ChannelName-2
Added Pin To Net: NetName=B-3 Pin=R31_$ChannelName-2
Added Pin To Net: NetName=B-4 Pin=R31_$ChannelName-2
Added Pin To Net: NetName=B-5 Pin=R31_$ChannelName-2
Added Pin To Net: NetName=B-6 Pin=R31_$ChannelName-2
Added Pin To Net: NetName=B-2 Pin=R32_$ChannelName-1
Added Pin To Net: NetName=B-3 Pin=R32_$ChannelName-1
Added Pin To Net: NetName=B-4 Pin=R32_$ChannelName-1
Added Pin To Net: NetName=B-5 Pin=R32_$ChannelName-1
Added Pin To Net: NetName=B-6 Pin=R32_$ChannelName-1
Added Pin To Net: NetName=B-7 Pin=R32_$ChannelName-1
Added Pin To Net: NetName=NetOC_2_$ChannelName_3 Pin=R32_$ChannelName-2
Added Pin To Net: NetName=B-2 Pin=R33_$ChannelName-1
Added Pin To Net: NetName=B-3 Pin=R33_$ChannelName-1
Added Pin To Net: NetName=B-4 Pin=R33_$ChannelName-1
Added Pin To Net: NetName=B-5 Pin=R33_$ChannelName-1
Added Pin To Net: NetName=B-6 Pin=R33_$ChannelName-1
Added Pin To Net: NetName=B-7 Pin=R33_$ChannelName-1
Added Pin To Net: NetName=NetOC_1_$ChannelName_3 Pin=R33_$ChannelName-2
Added Pin To Net: NetName=NetR34_$ChannelName_1 Pin=R34_$ChannelName-1
Added Pin To Net: NetName=B+1 Pin=R34_$ChannelName-2
Added Pin To Net: NetName=B+2 Pin=R34_$ChannelName-2
Added Pin To Net: NetName=B+3 Pin=R34_$ChannelName-2
Added Pin To Net: NetName=B+4 Pin=R34_$ChannelName-2
Added Pin To Net: NetName=B+5 Pin=R34_$ChannelName-2
Added Pin To Net: NetName=B+6 Pin=R34_$ChannelName-2
Added Pin To Net: NetName=NetLEDDriver_$ChannelName_5 Pin=R35_$ChannelName-1
Added Pin To Net: NetName=NetR34_$ChannelName_1 Pin=R35_$ChannelName-2
Added Pin To Net: NetName=B-2 Pin=R36_$ChannelName-1
Added Pin To Net: NetName=B-3 Pin=R36_$ChannelName-1
Added Pin To Net: NetName=B-4 Pin=R36_$ChannelName-1
Added Pin To Net: NetName=B-5 Pin=R36_$ChannelName-1
Added Pin To Net: NetName=B-6 Pin=R36_$ChannelName-1
Added Pin To Net: NetName=B-7 Pin=R36_$ChannelName-1
Added Pin To Net: NetName=NetLEDDriver_$ChannelName_5 Pin=R36_$ChannelName-2
Added Pin To Net: NetName=NetLEDDriver_$ChannelName_4 Pin=R37_$ChannelName-1
Added Pin To Net: NetName=NetLEDDriver_$ChannelName_6 Pin=R37_$ChannelName-2
Added Pin To Net: NetName=NetLEDDriver_$ChannelName_8 Pin=R38_$ChannelName-1
Added Pin To Net: NetName=NetLEDDriver_$ChannelName_6 Pin=R38_$ChannelName-2
Added Pin To Net: NetName=B-2 Pin=R39_$ChannelName-1
Added Pin To Net: NetName=B-3 Pin=R39_$ChannelName-1
Added Pin To Net: NetName=B-4 Pin=R39_$ChannelName-1
Added Pin To Net: NetName=B-5 Pin=R39_$ChannelName-1
Added Pin To Net: NetName=B-6 Pin=R39_$ChannelName-1
Added Pin To Net: NetName=B-7 Pin=R39_$ChannelName-1
Added Pin To Net: NetName=NetLEDDriver_$ChannelName_4 Pin=R39_$ChannelName-2
Added Pin To Net: NetName=B-2 Pin=R40_$ChannelName-1
Added Pin To Net: NetName=B-3 Pin=R40_$ChannelName-1
Added Pin To Net: NetName=B-4 Pin=R40_$ChannelName-1
Added Pin To Net: NetName=B-5 Pin=R40_$ChannelName-1
Added Pin To Net: NetName=B-6 Pin=R40_$ChannelName-1
Added Pin To Net: NetName=B-7 Pin=R40_$ChannelName-1
Added Pin To Net: NetName=NetLEDDriver_$ChannelName_8 Pin=R40_$ChannelName-2
Change Class Name : Old Net Name=Bat1 New Net Name=B1
Change Class Name : Old Net Name=Bat2 New Net Name=B2
Change Class Name : Old Net Name=Bat3 New Net Name=B3
Change Class Name : Old Net Name=Bat4 New Net Name=B4
Change Class Name : Old Net Name=Bat5 New Net Name=B5
Change Class Name : Old Net Name=Bat6 New Net Name=B6
Added Member To Class: ClassName=u1 Member=Component *1 Arduino_Micro
Added Member To Class: ClassName=B1 Member=Component B1_$ChannelName (B1) Antenna
Added Member To Class: ClassName=B2 Member=Component B1_$ChannelName (B1) Antenna
Added Member To Class: ClassName=B3 Member=Component B1_$ChannelName (B1) Antenna
Added Member To Class: ClassName=B4 Member=Component B1_$ChannelName (B1) Antenna
Added Member To Class: ClassName=B5 Member=Component B1_$ChannelName (B1) Antenna
Added Member To Class: ClassName=B6 Member=Component B1_$ChannelName (B1) Antenna
Added Member To Class: ClassName=B1 Member=Component D1_$ChannelName (D1) LED
Added Member To Class: ClassName=B2 Member=Component D1_$ChannelName (D1) LED
Added Member To Class: ClassName=B3 Member=Component D1_$ChannelName (D1) LED
Added Member To Class: ClassName=B4 Member=Component D1_$ChannelName (D1) LED
Added Member To Class: ClassName=B5 Member=Component D1_$ChannelName (D1) LED
Added Member To Class: ClassName=B6 Member=Component D1_$ChannelName (D1) LED
Added Member To Class: ClassName=B1 Member=Component LEDDriver_$ChannelName (LEDDriver) LM3914
Added Member To Class: ClassName=B2 Member=Component LEDDriver_$ChannelName (LEDDriver) LM3914
Added Member To Class: ClassName=B3 Member=Component LEDDriver_$ChannelName (LEDDriver) LM3914
Added Member To Class: ClassName=B4 Member=Component LEDDriver_$ChannelName (LEDDriver) LM3914
Added Member To Class: ClassName=B5 Member=Component LEDDriver_$ChannelName (LEDDriver) LM3914
Added Member To Class: ClassName=B6 Member=Component LEDDriver_$ChannelName (LEDDriver) LM3914
Added Member To Class: ClassName=Mutliplex Member=Component MP1 Multiplexer CD4097
Added Member To Class: ClassName=B1 Member=Component NMOS_$ChannelName (NMOS) Mosfet-N
Added Member To Class: ClassName=B2 Member=Component NMOS_$ChannelName (NMOS) Mosfet-N
Added Member To Class: ClassName=B3 Member=Component NMOS_$ChannelName (NMOS) Mosfet-N
Added Member To Class: ClassName=B4 Member=Component NMOS_$ChannelName (NMOS) Mosfet-N
Added Member To Class: ClassName=B5 Member=Component NMOS_$ChannelName (NMOS) Mosfet-N
Added Member To Class: ClassName=B6 Member=Component NMOS_$ChannelName (NMOS) Mosfet-N
Added Member To Class: ClassName=B1 Member=Component OC_1_$ChannelName (OC_1) OptoCoupler
Added Member To Class: ClassName=B2 Member=Component OC_1_$ChannelName (OC_1) OptoCoupler
Added Member To Class: ClassName=B3 Member=Component OC_1_$ChannelName (OC_1) OptoCoupler
Added Member To Class: ClassName=B4 Member=Component OC_1_$ChannelName (OC_1) OptoCoupler
Added Member To Class: ClassName=B5 Member=Component OC_1_$ChannelName (OC_1) OptoCoupler
Added Member To Class: ClassName=B6 Member=Component OC_1_$ChannelName (OC_1) OptoCoupler
Added Member To Class: ClassName=B1 Member=Component OC_2_$ChannelName (OC_2) OptoCoupler
Added Member To Class: ClassName=B2 Member=Component OC_2_$ChannelName (OC_2) OptoCoupler
Added Member To Class: ClassName=B3 Member=Component OC_2_$ChannelName (OC_2) OptoCoupler
Added Member To Class: ClassName=B4 Member=Component OC_2_$ChannelName (OC_2) OptoCoupler
Added Member To Class: ClassName=B5 Member=Component OC_2_$ChannelName (OC_2) OptoCoupler
Added Member To Class: ClassName=B6 Member=Component OC_2_$ChannelName (OC_2) OptoCoupler
Added Member To Class: ClassName=B1 Member=Component PMos_$ChannelName (PMos) Mosfet-P
Added Member To Class: ClassName=B2 Member=Component PMos_$ChannelName (PMos) Mosfet-P
Added Member To Class: ClassName=B3 Member=Component PMos_$ChannelName (PMos) Mosfet-P
Added Member To Class: ClassName=B4 Member=Component PMos_$ChannelName (PMos) Mosfet-P
Added Member To Class: ClassName=B5 Member=Component PMos_$ChannelName (PMos) Mosfet-P
Added Member To Class: ClassName=B6 Member=Component PMos_$ChannelName (PMos) Mosfet-P
Added Member To Class: ClassName=Mutliplex Member=Component R1 Res3
Added Member To Class: ClassName=Mutliplex Member=Component R2 Res3
Added Member To Class: ClassName=Mutliplex Member=Component R3 Res3
Added Member To Class: ClassName=Mutliplex Member=Component R4 Res3
Added Member To Class: ClassName=Mutliplex Member=Component R5 Res3
Added Member To Class: ClassName=Mutliplex Member=Component R6 Res3
Added Member To Class: ClassName=Mutliplex Member=Component R7 Res3
Added Member To Class: ClassName=Mutliplex Member=Component R8 Res3
Added Member To Class: ClassName=Mutliplex Member=Component R9 Res3
Added Member To Class: ClassName=Mutliplex Member=Component R10 Res3
Added Member To Class: ClassName=Mutliplex Member=Component R11 Res3
Added Member To Class: ClassName=Mutliplex Member=Component R12 Res3
Added Member To Class: ClassName=Mutliplex Member=Component R13 Res3
Added Member To Class: ClassName=Mutliplex Member=Component R14 Res3
Added Member To Class: ClassName=Mutliplex Member=Component R15 Res3
Added Member To Class: ClassName=Mutliplex Member=Component R16 Res3
Added Member To Class: ClassName=Mutliplex Member=Component R17 Res3
Added Member To Class: ClassName=Mutliplex Member=Component R18 Res3
Added Member To Class: ClassName=Mutliplex Member=Component R19 Res3
Added Member To Class: ClassName=Mutliplex Member=Component R20 Res3
Added Member To Class: ClassName=Mutliplex Member=Component R21 Res3
Added Member To Class: ClassName=Mutliplex Member=Component R22 Res3
Added Member To Class: ClassName=Mutliplex Member=Component R23 Res3
Added Member To Class: ClassName=Mutliplex Member=Component R24 Res3
Added Member To Class: ClassName=Mutliplex Member=Component R25 Res3
Added Member To Class: ClassName=Mutliplex Member=Component R26 Res3
Added Member To Class: ClassName=Mutliplex Member=Component R27 Res3
Added Member To Class: ClassName=Mutliplex Member=Component R28 Res3
Added Member To Class: ClassName=B1 Member=Component R29_$ChannelName (R29) Res3
Added Member To Class: ClassName=B2 Member=Component R29_$ChannelName (R29) Res3
Added Member To Class: ClassName=B3 Member=Component R29_$ChannelName (R29) Res3
Added Member To Class: ClassName=B4 Member=Component R29_$ChannelName (R29) Res3
Added Member To Class: ClassName=B5 Member=Component R29_$ChannelName (R29) Res3
Added Member To Class: ClassName=B6 Member=Component R29_$ChannelName (R29) Res3
Added Member To Class: ClassName=B1 Member=Component R30_$ChannelName (R30) Res3
Added Member To Class: ClassName=B2 Member=Component R30_$ChannelName (R30) Res3
Added Member To Class: ClassName=B3 Member=Component R30_$ChannelName (R30) Res3
Added Member To Class: ClassName=B4 Member=Component R30_$ChannelName (R30) Res3
Added Member To Class: ClassName=B5 Member=Component R30_$ChannelName (R30) Res3
Added Member To Class: ClassName=B6 Member=Component R30_$ChannelName (R30) Res3
Added Member To Class: ClassName=B1 Member=Component R31_$ChannelName (R31) Res3
Added Member To Class: ClassName=B2 Member=Component R31_$ChannelName (R31) Res3
Added Member To Class: ClassName=B3 Member=Component R31_$ChannelName (R31) Res3
Added Member To Class: ClassName=B4 Member=Component R31_$ChannelName (R31) Res3
Added Member To Class: ClassName=B5 Member=Component R31_$ChannelName (R31) Res3
Added Member To Class: ClassName=B6 Member=Component R31_$ChannelName (R31) Res3
Added Member To Class: ClassName=B1 Member=Component R32_$ChannelName (R32) Res3
Added Member To Class: ClassName=B2 Member=Component R32_$ChannelName (R32) Res3
Added Member To Class: ClassName=B3 Member=Component R32_$ChannelName (R32) Res3
Added Member To Class: ClassName=B4 Member=Component R32_$ChannelName (R32) Res3
Added Member To Class: ClassName=B5 Member=Component R32_$ChannelName (R32) Res3
Added Member To Class: ClassName=B6 Member=Component R32_$ChannelName (R32) Res3
Added Member To Class: ClassName=B1 Member=Component R33_$ChannelName (R33) Res3
Added Member To Class: ClassName=B2 Member=Component R33_$ChannelName (R33) Res3
Added Member To Class: ClassName=B3 Member=Component R33_$ChannelName (R33) Res3
Added Member To Class: ClassName=B4 Member=Component R33_$ChannelName (R33) Res3
Added Member To Class: ClassName=B5 Member=Component R33_$ChannelName (R33) Res3
Added Member To Class: ClassName=B6 Member=Component R33_$ChannelName (R33) Res3
Added Member To Class: ClassName=B1 Member=Component R34_$ChannelName (R34) Res3
Added Member To Class: ClassName=B2 Member=Component R34_$ChannelName (R34) Res3
Added Member To Class: ClassName=B3 Member=Component R34_$ChannelName (R34) Res3
Added Member To Class: ClassName=B4 Member=Component R34_$ChannelName (R34) Res3
Added Member To Class: ClassName=B5 Member=Component R34_$ChannelName (R34) Res3
Added Member To Class: ClassName=B6 Member=Component R34_$ChannelName (R34) Res3
Added Member To Class: ClassName=B1 Member=Component R35_$ChannelName (R35) Res3
Added Member To Class: ClassName=B2 Member=Component R35_$ChannelName (R35) Res3
Added Member To Class: ClassName=B3 Member=Component R35_$ChannelName (R35) Res3
Added Member To Class: ClassName=B4 Member=Component R35_$ChannelName (R35) Res3
Added Member To Class: ClassName=B5 Member=Component R35_$ChannelName (R35) Res3
Added Member To Class: ClassName=B6 Member=Component R35_$ChannelName (R35) Res3
Added Member To Class: ClassName=B1 Member=Component R36_$ChannelName (R36) Res3
Added Member To Class: ClassName=B2 Member=Component R36_$ChannelName (R36) Res3
Added Member To Class: ClassName=B3 Member=Component R36_$ChannelName (R36) Res3
Added Member To Class: ClassName=B4 Member=Component R36_$ChannelName (R36) Res3
Added Member To Class: ClassName=B5 Member=Component R36_$ChannelName (R36) Res3
Added Member To Class: ClassName=B6 Member=Component R36_$ChannelName (R36) Res3
Added Member To Class: ClassName=B1 Member=Component R37_$ChannelName (R37) Res3
Added Member To Class: ClassName=B2 Member=Component R37_$ChannelName (R37) Res3
Added Member To Class: ClassName=B3 Member=Component R37_$ChannelName (R37) Res3
Added Member To Class: ClassName=B4 Member=Component R37_$ChannelName (R37) Res3
Added Member To Class: ClassName=B5 Member=Component R37_$ChannelName (R37) Res3
Added Member To Class: ClassName=B6 Member=Component R37_$ChannelName (R37) Res3
Added Member To Class: ClassName=B1 Member=Component R38_$ChannelName (R38) Res3
Added Member To Class: ClassName=B2 Member=Component R38_$ChannelName (R38) Res3
Added Member To Class: ClassName=B3 Member=Component R38_$ChannelName (R38) Res3
Added Member To Class: ClassName=B4 Member=Component R38_$ChannelName (R38) Res3
Added Member To Class: ClassName=B5 Member=Component R38_$ChannelName (R38) Res3
Added Member To Class: ClassName=B6 Member=Component R38_$ChannelName (R38) Res3
Added Member To Class: ClassName=B1 Member=Component R39_$ChannelName (R39) Res3
Added Member To Class: ClassName=B2 Member=Component R39_$ChannelName (R39) Res3
Added Member To Class: ClassName=B3 Member=Component R39_$ChannelName (R39) Res3
Added Member To Class: ClassName=B4 Member=Component R39_$ChannelName (R39) Res3
Added Member To Class: ClassName=B5 Member=Component R39_$ChannelName (R39) Res3
Added Member To Class: ClassName=B6 Member=Component R39_$ChannelName (R39) Res3
Added Member To Class: ClassName=B1 Member=Component R40_$ChannelName (R40) Res3
Added Member To Class: ClassName=B2 Member=Component R40_$ChannelName (R40) Res3
Added Member To Class: ClassName=B3 Member=Component R40_$ChannelName (R40) Res3
Added Member To Class: ClassName=B4 Member=Component R40_$ChannelName (R40) Res3
Added Member To Class: ClassName=B5 Member=Component R40_$ChannelName (R40) Res3
Added Member To Class: ClassName=B6 Member=Component R40_$ChannelName (R40) Res3
Added Room: Name=B1
Added Room: Name=B2
Added Room: Name=B3
Added Room: Name=B4
Added Room: Name=B5
Added Room: Name=B6
Added Room: Name=Mutliplex
Added Room: Name=u1
