Removed Pin From Net: NetName=B-1 Pin=R3.B1-1
Removed Pin From Net: NetName=B-2 Pin=R3.B1-2
Removed Pin From Net: NetName=B-2 Pin=R3.B2-1
Removed Pin From Net: NetName=B-3 Pin=R3.B2-2
Removed Pin From Net: NetName=B-3 Pin=R3.B3-1
Removed Pin From Net: NetName=B-4 Pin=R3.B3-2
Removed Pin From Net: NetName=B-4 Pin=R3.B4-1
Removed Pin From Net: NetName=B-5 Pin=R3.B4-2
Removed Pin From Net: NetName=B-5 Pin=R3.B5-1
Removed Pin From Net: NetName=B-6 Pin=R3.B5-2
Removed Pin From Net: NetName=B-6 Pin=R3.B6-1
Removed Pin From Net: NetName=B_OUT6 Pin=R3.B6-2
Removed Member From Class: ClassName=B1 Member=R3.B1
Removed Member From Class: ClassName=B2 Member=R3.B2
Removed Member From Class: ClassName=B3 Member=R3.B3
Removed Member From Class: ClassName=B4 Member=R3.B4
Removed Member From Class: ClassName=B5 Member=R3.B5
Removed Member From Class: ClassName=B6 Member=R3.B6
Added Component: Designator=C1_$ChannelName(RAD-0.3)
Added Component: Designator=C1_$ChannelName(RAD-0.3)
Added Component: Designator=C1_$ChannelName(RAD-0.3)
Added Component: Designator=C1_$ChannelName(RAD-0.3)
Added Component: Designator=C1_$ChannelName(RAD-0.3)
Added Component: Designator=C1_$ChannelName(RAD-0.3)
Added Component: Designator=C2_$ChannelName(RAD-0.3)
Added Component: Designator=C2_$ChannelName(RAD-0.3)
Added Component: Designator=C2_$ChannelName(RAD-0.3)
Added Component: Designator=C2_$ChannelName(RAD-0.3)
Added Component: Designator=C2_$ChannelName(RAD-0.3)
Added Component: Designator=C2_$ChannelName(RAD-0.3)
Added Pin To Net: NetName=B-1 Pin=C1_$ChannelName-1
Added Pin To Net: NetName=B-2 Pin=C1_$ChannelName-1
Added Pin To Net: NetName=B-3 Pin=C1_$ChannelName-1
Added Pin To Net: NetName=B-4 Pin=C1_$ChannelName-1
Added Pin To Net: NetName=B-5 Pin=C1_$ChannelName-1
Added Pin To Net: NetName=B-6 Pin=C1_$ChannelName-1
Added Pin To Net: NetName=B-2 Pin=C1_$ChannelName-2
Added Pin To Net: NetName=B-3 Pin=C1_$ChannelName-2
Added Pin To Net: NetName=B-4 Pin=C1_$ChannelName-2
Added Pin To Net: NetName=B-5 Pin=C1_$ChannelName-2
Added Pin To Net: NetName=B-6 Pin=C1_$ChannelName-2
Added Pin To Net: NetName=B_OUT6 Pin=C1_$ChannelName-2
Added Pin To Net: NetName=B-2 Pin=C2_$ChannelName-1
Added Pin To Net: NetName=B-3 Pin=C2_$ChannelName-1
Added Pin To Net: NetName=B-4 Pin=C2_$ChannelName-1
Added Pin To Net: NetName=B-5 Pin=C2_$ChannelName-1
Added Pin To Net: NetName=B-6 Pin=C2_$ChannelName-1
Added Pin To Net: NetName=B_OUT6 Pin=C2_$ChannelName-1
Added Pin To Net: NetName=B+1 Pin=C2_$ChannelName-2
Added Pin To Net: NetName=B+2 Pin=C2_$ChannelName-2
Added Pin To Net: NetName=B+3 Pin=C2_$ChannelName-2
Added Pin To Net: NetName=B+4 Pin=C2_$ChannelName-2
Added Pin To Net: NetName=B+5 Pin=C2_$ChannelName-2
Added Pin To Net: NetName=B+6 Pin=C2_$ChannelName-2
Added Member To Class: ClassName=B1 Member=Component C1_$ChannelName (C1) Cap
Added Member To Class: ClassName=B2 Member=Component C1_$ChannelName (C1) Cap
Added Member To Class: ClassName=B3 Member=Component C1_$ChannelName (C1) Cap
Added Member To Class: ClassName=B4 Member=Component C1_$ChannelName (C1) Cap
Added Member To Class: ClassName=B5 Member=Component C1_$ChannelName (C1) Cap
Added Member To Class: ClassName=B6 Member=Component C1_$ChannelName (C1) Cap
Added Member To Class: ClassName=B1 Member=Component C2_$ChannelName (C2) Cap
Added Member To Class: ClassName=B2 Member=Component C2_$ChannelName (C2) Cap
Added Member To Class: ClassName=B3 Member=Component C2_$ChannelName (C2) Cap
Added Member To Class: ClassName=B4 Member=Component C2_$ChannelName (C2) Cap
Added Member To Class: ClassName=B5 Member=Component C2_$ChannelName (C2) Cap
Added Member To Class: ClassName=B6 Member=Component C2_$ChannelName (C2) Cap
Added Member To Class: ClassName=B1 Member=Component LEDDriver.B1 (LEDDriver) LM3914
