Removed Pin From Net: NetName=NetD1.B1_1 Pin=D1.B1-1
Removed Pin From Net: NetName=PCTRL1 Pin=D1.B1-2
Removed Pin From Net: NetName=NetD1.B2_1 Pin=D1.B2-1
Removed Pin From Net: NetName=PCTRL2 Pin=D1.B2-2
Removed Pin From Net: NetName=NetD1.B3_1 Pin=D1.B3-1
Removed Pin From Net: NetName=PCTRL3 Pin=D1.B3-2
Removed Pin From Net: NetName=NetD1.B4_1 Pin=D1.B4-1
Removed Pin From Net: NetName=PCTRL4 Pin=D1.B4-2
Removed Pin From Net: NetName=NetD1.B5_1 Pin=D1.B5-1
Removed Pin From Net: NetName=PCTRL5 Pin=D1.B5-2
Removed Pin From Net: NetName=NetD1.B6_1 Pin=D1.B6-1
Removed Pin From Net: NetName=PCTRL6 Pin=D1.B6-2
Removed Pin From Net: NetName=NetD1.B1_1 Pin=R22.B1-1
Removed Pin From Net: NetName=+5 Pin=R22.B1-2
Removed Pin From Net: NetName=NetD1.B2_1 Pin=R22.B2-1
Removed Pin From Net: NetName=+5 Pin=R22.B2-2
Removed Pin From Net: NetName=NetD1.B3_1 Pin=R22.B3-1
Removed Pin From Net: NetName=+5 Pin=R22.B3-2
Removed Pin From Net: NetName=NetD1.B4_1 Pin=R22.B4-1
Removed Pin From Net: NetName=+5 Pin=R22.B4-2
Removed Pin From Net: NetName=NetD1.B5_1 Pin=R22.B5-1
Removed Pin From Net: NetName=+5 Pin=R22.B5-2
Removed Pin From Net: NetName=NetD1.B6_1 Pin=R22.B6-1
Removed Pin From Net: NetName=+5 Pin=R22.B6-2
Removed Member From Class: ClassName=B1 Member=R22.B1
Removed Member From Class: ClassName=B2 Member=R22.B2
Removed Member From Class: ClassName=B3 Member=R22.B3
Removed Member From Class: ClassName=B4 Member=R22.B4
Removed Member From Class: ClassName=B5 Member=R22.B5
Removed Member From Class: ClassName=B6 Member=R22.B6
Added Component: Designator=R22_$ChannelName(J1-0603)
Added Component: Designator=R22_$ChannelName(J1-0603)
Added Component: Designator=R22_$ChannelName(J1-0603)
Added Component: Designator=R22_$ChannelName(J1-0603)
Added Component: Designator=R22_$ChannelName(J1-0603)
Added Component: Designator=R22_$ChannelName(J1-0603)
Added Pin To Net: NetName=+5 Pin=D1.B1-1
Added Pin To Net: NetName=NetD1.B1_1 Pin=D1.B1-2
Added Pin To Net: NetName=+5 Pin=D1.B2-1
Added Pin To Net: NetName=NetD1.B2_1 Pin=D1.B2-2
Added Pin To Net: NetName=+5 Pin=D1.B3-1
Added Pin To Net: NetName=NetD1.B3_1 Pin=D1.B3-2
Added Pin To Net: NetName=+5 Pin=D1.B4-1
Added Pin To Net: NetName=NetD1.B4_1 Pin=D1.B4-2
Added Pin To Net: NetName=+5 Pin=D1.B5-1
Added Pin To Net: NetName=NetD1.B5_1 Pin=D1.B5-2
Added Pin To Net: NetName=+5 Pin=D1.B6-1
Added Pin To Net: NetName=NetD1.B6_1 Pin=D1.B6-2
Added Pin To Net: NetName=PCTRL1 Pin=R22_$ChannelName-1
Added Pin To Net: NetName=PCTRL2 Pin=R22_$ChannelName-1
Added Pin To Net: NetName=PCTRL3 Pin=R22_$ChannelName-1
Added Pin To Net: NetName=PCTRL4 Pin=R22_$ChannelName-1
Added Pin To Net: NetName=PCTRL5 Pin=R22_$ChannelName-1
Added Pin To Net: NetName=PCTRL6 Pin=R22_$ChannelName-1
Added Pin To Net: NetName=NetD1.B1_1 Pin=R22_$ChannelName-2
Added Pin To Net: NetName=NetD1.B2_1 Pin=R22_$ChannelName-2
Added Pin To Net: NetName=NetD1.B3_1 Pin=R22_$ChannelName-2
Added Pin To Net: NetName=NetD1.B4_1 Pin=R22_$ChannelName-2
Added Pin To Net: NetName=NetD1.B5_1 Pin=R22_$ChannelName-2
Added Pin To Net: NetName=NetD1.B6_1 Pin=R22_$ChannelName-2
Change Net Name : Old Net Name=NetD1.B1_1 New Net Name=NetD1.B1_2
Change Net Name : Old Net Name=NetD1.B2_1 New Net Name=NetD1.B2_2
Change Net Name : Old Net Name=NetD1.B3_1 New Net Name=NetD1.B3_2
Change Net Name : Old Net Name=NetD1.B4_1 New Net Name=NetD1.B4_2
Change Net Name : Old Net Name=NetD1.B5_1 New Net Name=NetD1.B5_2
Change Net Name : Old Net Name=NetD1.B6_1 New Net Name=NetD1.B6_2
Added Member To Class: ClassName=SwitchingModule Member=Component R18 Res3
Added Member To Class: ClassName=SwitchingModule Member=Component R19 Res3
Added Member To Class: ClassName=B1 Member=Component R22_$ChannelName (R22) Res3
Added Member To Class: ClassName=B2 Member=Component R22_$ChannelName (R22) Res3
Added Member To Class: ClassName=B3 Member=Component R22_$ChannelName (R22) Res3
Added Member To Class: ClassName=B4 Member=Component R22_$ChannelName (R22) Res3
Added Member To Class: ClassName=B5 Member=Component R22_$ChannelName (R22) Res3
Added Member To Class: ClassName=B6 Member=Component R22_$ChannelName (R22) Res3
