Removed Pin From Net: NetName=NetMP1_x6 Pin=MP1-3
Removed Pin From Net: NetName=B+ADC6 Pin=MP1-4
Removed Pin From Net: NetName=B+ADC5 Pin=MP1-5
Removed Pin From Net: NetName=B+ADC4 Pin=MP1-6
Removed Pin From Net: NetName=B+ADC3 Pin=MP1-7
Removed Pin From Net: NetName=B+ADC2 Pin=MP1-8
Removed Pin From Net: NetName=B+ADC1 Pin=MP1-9
Removed Pin From Net: NetName=NetMP1_y6 Pin=MP1-16
Removed Pin From Net: NetName=B-ADC6 Pin=MP1-18
Removed Pin From Net: NetName=B-ADC5 Pin=MP1-19
Removed Pin From Net: NetName=B-ADC4 Pin=MP1-20
Removed Pin From Net: NetName=B-ADC3 Pin=MP1-21
Removed Pin From Net: NetName=B-ADC2 Pin=MP1-22
Removed Pin From Net: NetName=B-ADC1 Pin=MP1-23
Removed Pin From Net: NetName=B+_$ChannelName Pin=R9.B1-2
Removed Pin From Net: NetName=B+_$ChannelName Pin=R9.B2-2
Removed Pin From Net: NetName=B+_$ChannelName Pin=R9.B3-2
Removed Pin From Net: NetName=B+_$ChannelName Pin=R9.B4-2
Removed Pin From Net: NetName=B+_$ChannelName Pin=R9.B5-2
Added Pin To Net: NetName=B+ADC6 Pin=MP1-3
Added Pin To Net: NetName=B+ADC5 Pin=MP1-4
Added Pin To Net: NetName=B+ADC4 Pin=MP1-5
Added Pin To Net: NetName=B+ADC3 Pin=MP1-6
Added Pin To Net: NetName=B+ADC2 Pin=MP1-7
Added Pin To Net: NetName=B+ADC1 Pin=MP1-8
Added Pin To Net: NetName=NetMP1_x6 Pin=MP1-9
Added Pin To Net: NetName=B-ADC6 Pin=MP1-16
Added Pin To Net: NetName=B-ADC5 Pin=MP1-18
Added Pin To Net: NetName=B-ADC4 Pin=MP1-19
Added Pin To Net: NetName=B-ADC3 Pin=MP1-20
Added Pin To Net: NetName=B-ADC2 Pin=MP1-21
Added Pin To Net: NetName=B-ADC1 Pin=MP1-22
Added Pin To Net: NetName=NetMP1_y6 Pin=MP1-23
Added Pin To Net: NetName=B+_$ChannelName Pin=R9.B1-2
Added Pin To Net: NetName=B+_$ChannelName Pin=R9.B2-2
Added Pin To Net: NetName=B+_$ChannelName Pin=R9.B3-2
Added Pin To Net: NetName=B+_$ChannelName Pin=R9.B4-2
Added Pin To Net: NetName=B+_$ChannelName Pin=R9.B5-2
Change Net Name : Old Net Name=NetMP1_x6 New Net Name=NetMP1_x0
Change Net Name : Old Net Name=NetMP1_y6 New Net Name=NetMP1_y0
Added Member To Class: ClassName=B1 Member=Component R5.B1 (R7) Res3
Added Member To Class: ClassName=B2 Member=Component R5.B2 (R7) Res3
Added Member To Class: ClassName=B3 Member=Component R5.B3 (R7) Res3
Added Member To Class: ClassName=B4 Member=Component R5.B4 (R7) Res3
Added Member To Class: ClassName=B5 Member=Component R5.B5 (R7) Res3
Added Member To Class: ClassName=B6 Member=Component R5.B6 (R7) Res3
Added Member To Class: ClassName=B1 Member=Component R6.B1 (R8) Res3
Added Member To Class: ClassName=B2 Member=Component R6.B2 (R8) Res3
Added Member To Class: ClassName=B3 Member=Component R6.B3 (R8) Res3
Added Member To Class: ClassName=B4 Member=Component R6.B4 (R8) Res3
Added Member To Class: ClassName=B5 Member=Component R6.B5 (R8) Res3
Added Member To Class: ClassName=B6 Member=Component R6.B6 (R8) Res3
