Removed Pin From Net: NetName=NetBatt.B6_P Pin=C1.B1-1
Removed Pin From Net: NetName=NetBatt.B6_P Pin=C1.B2-1
Removed Pin From Net: NetName=NetBatt.B6_P Pin=C1.B3-1
Removed Pin From Net: NetName=NetBatt.B6_P Pin=C1.B4-1
Removed Pin From Net: NetName=NetBatt.B6_P Pin=C1.B5-1
Removed Pin From Net: NetName=NetBatt.B6_P Pin=R11.B1-2
Removed Pin From Net: NetName=NetBatt.B6_P Pin=R11.B2-2
Removed Pin From Net: NetName=NetBatt.B6_P Pin=R11.B3-2
Removed Pin From Net: NetName=NetBatt.B6_P Pin=R11.B4-2
Removed Pin From Net: NetName=NetBatt.B6_P Pin=R11.B5-2
Added Pin To Net: NetName=NetBatt.B1_P Pin=C1.B1-1
Added Pin To Net: NetName=NetBatt.B2_P Pin=C1.B2-1
Added Pin To Net: NetName=NetBatt.B3_P Pin=C1.B3-1
Added Pin To Net: NetName=NetBatt.B4_P Pin=C1.B4-1
Added Pin To Net: NetName=NetBatt.B5_P Pin=C1.B5-1
Added Pin To Net: NetName=NetBatt.B1_P Pin=R11.B1-2
Added Pin To Net: NetName=NetBatt.B2_P Pin=R11.B2-2
Added Pin To Net: NetName=NetBatt.B3_P Pin=R11.B3-2
Added Pin To Net: NetName=NetBatt.B4_P Pin=R11.B4-2
Added Pin To Net: NetName=NetBatt.B5_P Pin=R11.B5-2
Added Member To Class: ClassName=SwitchingModule Member=Component R18 Res3
Added Member To Class: ClassName=SwitchingModule Member=Component R19 Res3
