Added Component: Designator=*1(DIP34)
Added Component: Designator=B1_Bat1(18650_PCB_HOLDER)
Added Component: Designator=B1_Bat2(18650_PCB_HOLDER)
Added Component: Designator=B1_Bat3(18650_PCB_HOLDER)
Added Component: Designator=B1_Bat4(18650_PCB_HOLDER)
Added Component: Designator=B1_Bat5(18650_PCB_HOLDER)
Added Component: Designator=B1_Bat6(18650_PCB_HOLDER)
Added Component: Designator=MP(SOIC24)
Added Component: Designator=NMOS_Bat1(SOIC8)
Added Component: Designator=NMOS_Bat2(SOIC8)
Added Component: Designator=NMOS_Bat3(SOIC8)
Added Component: Designator=NMOS_Bat4(SOIC8)
Added Component: Designator=NMOS_Bat5(SOIC8)
Added Component: Designator=NMOS_Bat6(SOIC8)
Added Component: Designator=OC_1_Bat1(SMDIP4)
Added Component: Designator=OC_1_Bat2(SMDIP4)
Added Component: Designator=OC_1_Bat3(SMDIP4)
Added Component: Designator=OC_1_Bat4(SMDIP4)
Added Component: Designator=OC_1_Bat5(SMDIP4)
Added Component: Designator=OC_1_Bat6(SMDIP4)
Added Component: Designator=OC_2_Bat1(SMDIP4)
Added Component: Designator=OC_2_Bat2(SMDIP4)
Added Component: Designator=OC_2_Bat3(SMDIP4)
Added Component: Designator=OC_2_Bat4(SMDIP4)
Added Component: Designator=OC_2_Bat5(SMDIP4)
Added Component: Designator=OC_2_Bat6(SMDIP4)
Added Component: Designator=PMos_Bat1(SOIC8)
Added Component: Designator=PMos_Bat2(SOIC8)
Added Component: Designator=PMos_Bat3(SOIC8)
Added Component: Designator=PMos_Bat4(SOIC8)
Added Component: Designator=PMos_Bat5(SOIC8)
Added Component: Designator=PMos_Bat6(SOIC8)
Added Component: Designator=R1_Bat1(AXIAL-0.4)
Added Component: Designator=R1_Bat2(AXIAL-0.4)
Added Component: Designator=R1_Bat3(AXIAL-0.4)
Added Component: Designator=R1_Bat4(AXIAL-0.4)
Added Component: Designator=R1_Bat5(AXIAL-0.4)
Added Component: Designator=R1_Bat6(AXIAL-0.4)
Added Component: Designator=R2(J1-0603)
Added Component: Designator=R3(J1-0603)
Added Component: Designator=R4(J1-0603)
Added Component: Designator=R5(J1-0603)
Added Component: Designator=R6(J1-0603)
Added Component: Designator=R7_Bat1(AXIAL-0.4)
Added Component: Designator=R7_Bat2(AXIAL-0.4)
Added Component: Designator=R7_Bat3(AXIAL-0.4)
Added Component: Designator=R7_Bat4(AXIAL-0.4)
Added Component: Designator=R7_Bat5(AXIAL-0.4)
Added Component: Designator=R7_Bat6(AXIAL-0.4)
Added Component: Designator=R8_Bat1(AXIAL-0.4)
Added Component: Designator=R8_Bat2(AXIAL-0.4)
Added Component: Designator=R8_Bat3(AXIAL-0.4)
Added Component: Designator=R8_Bat4(AXIAL-0.4)
Added Component: Designator=R8_Bat5(AXIAL-0.4)
Added Component: Designator=R8_Bat6(AXIAL-0.4)
Added Component: Designator=R9(J1-0603)
Added Component: Designator=R10(J1-0603)
Added Component: Designator=R11(J1-0603)
Added Component: Designator=R12(J1-0603)
Added Component: Designator=R13(J1-0603)
Added Component: Designator=R14(J1-0603)
Added Component: Designator=R15(J1-0603)
Added Component: Designator=R16(J1-0603)
Added Component: Designator=R17(J1-0603)
Added Component: Designator=R18_Bat1(AXIAL-0.4)
Added Component: Designator=R18_Bat2(AXIAL-0.4)
Added Component: Designator=R18_Bat3(AXIAL-0.4)
Added Component: Designator=R18_Bat4(AXIAL-0.4)
Added Component: Designator=R18_Bat5(AXIAL-0.4)
Added Component: Designator=R18_Bat6(AXIAL-0.4)
Added Component: Designator=R19(J1-0603)
Added Component: Designator=R20(J1-0603)
Added Component: Designator=R21(J1-0603)
Added Component: Designator=R22(J1-0603)
Added Component: Designator=R23(J1-0603)
Added Component: Designator=R24(J1-0603)
Added Component: Designator=R25(J1-0603)
Added Component: Designator=R26(J1-0603)
Added Component: Designator=R27(J1-0603)
Added Component: Designator=R28(J1-0603)
Added Component: Designator=R29(J1-0603)
Added Component: Designator=R30(J1-0603)
Added Component: Designator=R31(J1-0603)
Added Component: Designator=R32(J1-0603)
Added Pin To Net: NetName=NCTRL1 Pin=*1-2
Added Pin To Net: NetName=NCTRL2 Pin=*1-3
Added Pin To Net: NetName=NCTRL3 Pin=*1-4
Added Pin To Net: NetName=NCTRL4 Pin=*1-9
Added Pin To Net: NetName=NCTRL5 Pin=*1-10
Added Pin To Net: NetName=NCTRL6 Pin=*1-11
Added Pin To Net: NetName=PCTRL1 Pin=*1-12
Added Pin To Net: NetName=PCTRL2 Pin=*1-13
Added Pin To Net: NetName=PCTRL3 Pin=*1-14
Added Pin To Net: NetName=PCTRL4 Pin=*1-15
Added Pin To Net: NetName=PCTRL5 Pin=*1-16
Added Pin To Net: NetName=PCTRL6 Pin=*1-17
Added Pin To Net: NetName=+5 Pin=*1-20
Added Pin To Net: NetName=GND Pin=*1-21
Added Pin To Net: NetName=ADC- Pin=*1-27
Added Pin To Net: NetName=ADC+ Pin=*1-28
Added Pin To Net: NetName=MP_A3 Pin=*1-29
Added Pin To Net: NetName=MP_A2 Pin=*1-30
Added Pin To Net: NetName=MP_A1 Pin=*1-31
Added Pin To Net: NetName=B-7 Pin=B1_Bat1-P1
Added Pin To Net: NetName=B-7 Pin=B1_Bat1-P1
Added Pin To Net: NetName=B-7 Pin=B1_Bat1-P1
Added Pin To Net: NetName=B+1 Pin=B1_Bat1-P
Added Pin To Net: NetName=B+1 Pin=B1_Bat1-P
Added Pin To Net: NetName=B+1 Pin=B1_Bat1-P
Added Pin To Net: NetName=B-2 Pin=B1_Bat2-P1
Added Pin To Net: NetName=B-2 Pin=B1_Bat2-P1
Added Pin To Net: NetName=B-2 Pin=B1_Bat2-P1
Added Pin To Net: NetName=B+2 Pin=B1_Bat2-P
Added Pin To Net: NetName=B+2 Pin=B1_Bat2-P
Added Pin To Net: NetName=B+2 Pin=B1_Bat2-P
Added Pin To Net: NetName=B-3 Pin=B1_Bat3-P1
Added Pin To Net: NetName=B-3 Pin=B1_Bat3-P1
Added Pin To Net: NetName=B-3 Pin=B1_Bat3-P1
Added Pin To Net: NetName=B+3 Pin=B1_Bat3-P
Added Pin To Net: NetName=B+3 Pin=B1_Bat3-P
Added Pin To Net: NetName=B+3 Pin=B1_Bat3-P
Added Pin To Net: NetName=B-4 Pin=B1_Bat4-P1
Added Pin To Net: NetName=B-4 Pin=B1_Bat4-P1
Added Pin To Net: NetName=B-4 Pin=B1_Bat4-P1
Added Pin To Net: NetName=B+4 Pin=B1_Bat4-P
Added Pin To Net: NetName=B+4 Pin=B1_Bat4-P
Added Pin To Net: NetName=B+4 Pin=B1_Bat4-P
Added Pin To Net: NetName=B-5 Pin=B1_Bat5-P1
Added Pin To Net: NetName=B-5 Pin=B1_Bat5-P1
Added Pin To Net: NetName=B-5 Pin=B1_Bat5-P1
Added Pin To Net: NetName=B+5 Pin=B1_Bat5-P
Added Pin To Net: NetName=B+5 Pin=B1_Bat5-P
Added Pin To Net: NetName=B+5 Pin=B1_Bat5-P
Added Pin To Net: NetName=B-6 Pin=B1_Bat6-P1
Added Pin To Net: NetName=B-6 Pin=B1_Bat6-P1
Added Pin To Net: NetName=B-6 Pin=B1_Bat6-P1
Added Pin To Net: NetName=B+6 Pin=B1_Bat6-P
Added Pin To Net: NetName=B+6 Pin=B1_Bat6-P
Added Pin To Net: NetName=B+6 Pin=B1_Bat6-P
Added Pin To Net: NetName=NetNMOS_Bat1_1 Pin=NMOS_Bat1-1
Added Pin To Net: NetName=B-2 Pin=NMOS_Bat1-2
Added Pin To Net: NetName=B-7 Pin=NMOS_Bat1-3
Added Pin To Net: NetName=NetNMOS_Bat2_1 Pin=NMOS_Bat2-1
Added Pin To Net: NetName=B-3 Pin=NMOS_Bat2-2
Added Pin To Net: NetName=B-2 Pin=NMOS_Bat2-3
Added Pin To Net: NetName=NetNMOS_Bat3_1 Pin=NMOS_Bat3-1
Added Pin To Net: NetName=B-4 Pin=NMOS_Bat3-2
Added Pin To Net: NetName=B-3 Pin=NMOS_Bat3-3
Added Pin To Net: NetName=NetNMOS_Bat4_1 Pin=NMOS_Bat4-1
Added Pin To Net: NetName=B-5 Pin=NMOS_Bat4-2
Added Pin To Net: NetName=B-4 Pin=NMOS_Bat4-3
Added Pin To Net: NetName=NetNMOS_Bat5_1 Pin=NMOS_Bat5-1
Added Pin To Net: NetName=B-6 Pin=NMOS_Bat5-2
Added Pin To Net: NetName=B-5 Pin=NMOS_Bat5-3
Added Pin To Net: NetName=NetNMOS_Bat6_1 Pin=NMOS_Bat6-1
Added Pin To Net: NetName=B+7 Pin=NMOS_Bat6-2
Added Pin To Net: NetName=B-6 Pin=NMOS_Bat6-3
Added Pin To Net: NetName=+5 Pin=OC_1_Bat1-1
Added Pin To Net: NetName=NCTRL1 Pin=OC_1_Bat1-2
Added Pin To Net: NetName=NetNMOS_Bat1_1 Pin=OC_1_Bat1-3
Added Pin To Net: NetName=NetOC_1_Bat1_4 Pin=OC_1_Bat1-4
Added Pin To Net: NetName=+5 Pin=OC_1_Bat2-1
Added Pin To Net: NetName=NCTRL2 Pin=OC_1_Bat2-2
Added Pin To Net: NetName=NetNMOS_Bat2_1 Pin=OC_1_Bat2-3
Added Pin To Net: NetName=NetOC_1_Bat2_4 Pin=OC_1_Bat2-4
Added Pin To Net: NetName=+5 Pin=OC_1_Bat3-1
Added Pin To Net: NetName=NCTRL3 Pin=OC_1_Bat3-2
Added Pin To Net: NetName=NetNMOS_Bat3_1 Pin=OC_1_Bat3-3
Added Pin To Net: NetName=NetOC_1_Bat3_4 Pin=OC_1_Bat3-4
Added Pin To Net: NetName=+5 Pin=OC_1_Bat4-1
Added Pin To Net: NetName=NCTRL4 Pin=OC_1_Bat4-2
Added Pin To Net: NetName=NetNMOS_Bat4_1 Pin=OC_1_Bat4-3
Added Pin To Net: NetName=NetOC_1_Bat4_4 Pin=OC_1_Bat4-4
Added Pin To Net: NetName=+5 Pin=OC_1_Bat5-1
Added Pin To Net: NetName=NCTRL5 Pin=OC_1_Bat5-2
Added Pin To Net: NetName=NetNMOS_Bat5_1 Pin=OC_1_Bat5-3
Added Pin To Net: NetName=NetOC_1_Bat5_4 Pin=OC_1_Bat5-4
Added Pin To Net: NetName=+5 Pin=OC_1_Bat6-1
Added Pin To Net: NetName=NCTRL6 Pin=OC_1_Bat6-2
Added Pin To Net: NetName=NetNMOS_Bat6_1 Pin=OC_1_Bat6-3
Added Pin To Net: NetName=NetOC_1_Bat6_4 Pin=OC_1_Bat6-4
Added Pin To Net: NetName=+5 Pin=OC_2_Bat1-1
Added Pin To Net: NetName=PCTRL1 Pin=OC_2_Bat1-2
Added Pin To Net: NetName=NetOC_2_Bat1_3 Pin=OC_2_Bat1-3
Added Pin To Net: NetName=NetOC_2_Bat1_4 Pin=OC_2_Bat1-4
Added Pin To Net: NetName=+5 Pin=OC_2_Bat2-1
Added Pin To Net: NetName=PCTRL2 Pin=OC_2_Bat2-2
Added Pin To Net: NetName=NetOC_2_Bat2_3 Pin=OC_2_Bat2-3
Added Pin To Net: NetName=NetOC_2_Bat2_4 Pin=OC_2_Bat2-4
Added Pin To Net: NetName=+5 Pin=OC_2_Bat3-1
Added Pin To Net: NetName=PCTRL3 Pin=OC_2_Bat3-2
Added Pin To Net: NetName=NetOC_2_Bat3_3 Pin=OC_2_Bat3-3
Added Pin To Net: NetName=NetOC_2_Bat3_4 Pin=OC_2_Bat3-4
Added Pin To Net: NetName=+5 Pin=OC_2_Bat4-1
Added Pin To Net: NetName=PCTRL4 Pin=OC_2_Bat4-2
Added Pin To Net: NetName=NetOC_2_Bat4_3 Pin=OC_2_Bat4-3
Added Pin To Net: NetName=NetOC_2_Bat4_4 Pin=OC_2_Bat4-4
Added Pin To Net: NetName=+5 Pin=OC_2_Bat5-1
Added Pin To Net: NetName=PCTRL5 Pin=OC_2_Bat5-2
Added Pin To Net: NetName=NetOC_2_Bat5_3 Pin=OC_2_Bat5-3
Added Pin To Net: NetName=NetOC_2_Bat5_4 Pin=OC_2_Bat5-4
Added Pin To Net: NetName=+5 Pin=OC_2_Bat6-1
Added Pin To Net: NetName=PCTRL6 Pin=OC_2_Bat6-2
Added Pin To Net: NetName=NetOC_2_Bat6_3 Pin=OC_2_Bat6-3
Added Pin To Net: NetName=NetOC_2_Bat6_4 Pin=OC_2_Bat6-4
Added Pin To Net: NetName=NetOC_2_Bat1_3 Pin=PMos_Bat1-1
Added Pin To Net: NetName=B+1 Pin=PMos_Bat1-2
Added Pin To Net: NetName=B-2 Pin=PMos_Bat1-3
Added Pin To Net: NetName=NetOC_2_Bat2_3 Pin=PMos_Bat2-1
Added Pin To Net: NetName=B+2 Pin=PMos_Bat2-2
Added Pin To Net: NetName=B-3 Pin=PMos_Bat2-3
Added Pin To Net: NetName=NetOC_2_Bat3_3 Pin=PMos_Bat3-1
Added Pin To Net: NetName=B+3 Pin=PMos_Bat3-2
Added Pin To Net: NetName=B-4 Pin=PMos_Bat3-3
Added Pin To Net: NetName=NetOC_2_Bat4_3 Pin=PMos_Bat4-1
Added Pin To Net: NetName=B+4 Pin=PMos_Bat4-2
Added Pin To Net: NetName=B-5 Pin=PMos_Bat4-3
Added Pin To Net: NetName=NetOC_2_Bat5_3 Pin=PMos_Bat5-1
Added Pin To Net: NetName=B+5 Pin=PMos_Bat5-2
Added Pin To Net: NetName=B-6 Pin=PMos_Bat5-3
Added Pin To Net: NetName=NetOC_2_Bat6_3 Pin=PMos_Bat6-1
Added Pin To Net: NetName=B+6 Pin=PMos_Bat6-2
Added Pin To Net: NetName=B+7 Pin=PMos_Bat6-3
Added Pin To Net: NetName=NetOC_2_Bat1_3 Pin=R1_Bat1-1
Added Pin To Net: NetName=B+1 Pin=R1_Bat1-2
Added Pin To Net: NetName=NetOC_2_Bat2_3 Pin=R1_Bat2-1
Added Pin To Net: NetName=B+2 Pin=R1_Bat2-2
Added Pin To Net: NetName=NetOC_2_Bat3_3 Pin=R1_Bat3-1
Added Pin To Net: NetName=B+3 Pin=R1_Bat3-2
Added Pin To Net: NetName=NetOC_2_Bat4_3 Pin=R1_Bat4-1
Added Pin To Net: NetName=B+4 Pin=R1_Bat4-2
Added Pin To Net: NetName=NetOC_2_Bat5_3 Pin=R1_Bat5-1
Added Pin To Net: NetName=B+5 Pin=R1_Bat5-2
Added Pin To Net: NetName=NetOC_2_Bat6_3 Pin=R1_Bat6-1
Added Pin To Net: NetName=B+6 Pin=R1_Bat6-2
Added Pin To Net: NetName=B-7 Pin=R2-1
Added Pin To Net: NetName=B+7 Pin=R3-1
Added Pin To Net: NetName=B-2 Pin=R4-1
Added Pin To Net: NetName=B+6 Pin=R5-1
Added Pin To Net: NetName=B-3 Pin=R6-1
Added Pin To Net: NetName=NetNMOS_Bat1_1 Pin=R7_Bat1-1
Added Pin To Net: NetName=B+1 Pin=R7_Bat1-2
Added Pin To Net: NetName=NetNMOS_Bat2_1 Pin=R7_Bat2-1
Added Pin To Net: NetName=B+2 Pin=R7_Bat2-2
Added Pin To Net: NetName=NetNMOS_Bat3_1 Pin=R7_Bat3-1
Added Pin To Net: NetName=B+3 Pin=R7_Bat3-2
Added Pin To Net: NetName=NetNMOS_Bat4_1 Pin=R7_Bat4-1
Added Pin To Net: NetName=B+4 Pin=R7_Bat4-2
Added Pin To Net: NetName=NetNMOS_Bat5_1 Pin=R7_Bat5-1
Added Pin To Net: NetName=B+5 Pin=R7_Bat5-2
Added Pin To Net: NetName=NetNMOS_Bat6_1 Pin=R7_Bat6-1
Added Pin To Net: NetName=B+6 Pin=R7_Bat6-2
Added Pin To Net: NetName=B-7 Pin=R8_Bat1-1
Added Pin To Net: NetName=NetOC_2_Bat1_4 Pin=R8_Bat1-2
Added Pin To Net: NetName=B-2 Pin=R8_Bat2-1
Added Pin To Net: NetName=NetOC_2_Bat2_4 Pin=R8_Bat2-2
Added Pin To Net: NetName=B-3 Pin=R8_Bat3-1
Added Pin To Net: NetName=NetOC_2_Bat3_4 Pin=R8_Bat3-2
Added Pin To Net: NetName=B-4 Pin=R8_Bat4-1
Added Pin To Net: NetName=NetOC_2_Bat4_4 Pin=R8_Bat4-2
Added Pin To Net: NetName=B-5 Pin=R8_Bat5-1
Added Pin To Net: NetName=NetOC_2_Bat5_4 Pin=R8_Bat5-2
Added Pin To Net: NetName=B-6 Pin=R8_Bat6-1
Added Pin To Net: NetName=NetOC_2_Bat6_4 Pin=R8_Bat6-2
Added Pin To Net: NetName=B+5 Pin=R9-1
Added Pin To Net: NetName=B-4 Pin=R10-1
Added Pin To Net: NetName=B+4 Pin=R11-1
Added Pin To Net: NetName=B-5 Pin=R12-1
Added Pin To Net: NetName=B+3 Pin=R13-1
Added Pin To Net: NetName=B-6 Pin=R14-1
Added Pin To Net: NetName=B+2 Pin=R15-1
Added Pin To Net: NetName=B+1 Pin=R16-1
Added Pin To Net: NetName=B-7 Pin=R17-1
Added Pin To Net: NetName=B-7 Pin=R18_Bat1-1
Added Pin To Net: NetName=NetOC_1_Bat1_4 Pin=R18_Bat1-2
Added Pin To Net: NetName=B-2 Pin=R18_Bat2-1
Added Pin To Net: NetName=NetOC_1_Bat2_4 Pin=R18_Bat2-2
Added Pin To Net: NetName=B-3 Pin=R18_Bat3-1
Added Pin To Net: NetName=NetOC_1_Bat3_4 Pin=R18_Bat3-2
Added Pin To Net: NetName=B-4 Pin=R18_Bat4-1
Added Pin To Net: NetName=NetOC_1_Bat4_4 Pin=R18_Bat4-2
Added Pin To Net: NetName=B-5 Pin=R18_Bat5-1
Added Pin To Net: NetName=NetOC_1_Bat5_4 Pin=R18_Bat5-2
Added Pin To Net: NetName=B-6 Pin=R18_Bat6-1
Added Pin To Net: NetName=NetOC_1_Bat6_4 Pin=R18_Bat6-2
Added Pin To Net: NetName=GND Pin=R19-1
Added Pin To Net: NetName=GND Pin=R20-1
Added Pin To Net: NetName=GND Pin=R21-1
Added Pin To Net: NetName=GND Pin=R22-1
Added Pin To Net: NetName=GND Pin=R23-1
Added Pin To Net: NetName=GND Pin=R24-1
Added Pin To Net: NetName=GND Pin=R25-1
Added Pin To Net: NetName=GND Pin=R26-1
Added Pin To Net: NetName=GND Pin=R27-1
Added Pin To Net: NetName=GND Pin=R28-1
Added Pin To Net: NetName=GND Pin=R29-1
Added Pin To Net: NetName=GND Pin=R30-1
Added Pin To Net: NetName=GND Pin=R31-1
Added Pin To Net: NetName=GND Pin=R32-1
Added Pin To Net: NetName=NetMP_x0 Pin=R16-2
Added Pin To Net: NetName=NetMP_x0 Pin=R19-2
Added Net: Name=NetMP_x0
Added Pin To Net: NetName=NetMP_x1 Pin=R15-2
Added Pin To Net: NetName=NetMP_x1 Pin=R20-2
Added Net: Name=NetMP_x1
Added Pin To Net: NetName=NetMP_x2 Pin=R13-2
Added Pin To Net: NetName=NetMP_x2 Pin=R21-2
Added Net: Name=NetMP_x2
Added Pin To Net: NetName=NetMP_x3 Pin=R11-2
Added Pin To Net: NetName=NetMP_x3 Pin=R22-2
Added Net: Name=NetMP_x3
Added Pin To Net: NetName=NetMP_x4 Pin=R9-2
Added Pin To Net: NetName=NetMP_x4 Pin=R23-2
Added Net: Name=NetMP_x4
Added Pin To Net: NetName=NetMP_x5 Pin=R5-2
Added Pin To Net: NetName=NetMP_x5 Pin=R24-2
Added Net: Name=NetMP_x5
Added Pin To Net: NetName=NetMP_x6 Pin=R3-2
Added Pin To Net: NetName=NetMP_x6 Pin=R25-2
Added Net: Name=NetMP_x6
Added Pin To Net: NetName=NetMP_y0 Pin=R2-2
Added Pin To Net: NetName=NetMP_y0 Pin=R26-2
Added Net: Name=NetMP_y0
Added Pin To Net: NetName=NetMP_y1 Pin=R4-2
Added Pin To Net: NetName=NetMP_y1 Pin=R27-2
Added Net: Name=NetMP_y1
Added Pin To Net: NetName=NetMP_y2 Pin=R6-2
Added Pin To Net: NetName=NetMP_y2 Pin=R28-2
Added Net: Name=NetMP_y2
Added Pin To Net: NetName=NetMP_y3 Pin=R10-2
Added Pin To Net: NetName=NetMP_y3 Pin=R29-2
Added Net: Name=NetMP_y3
Added Pin To Net: NetName=NetMP_y4 Pin=R12-2
Added Pin To Net: NetName=NetMP_y4 Pin=R30-2
Added Net: Name=NetMP_y4
Added Pin To Net: NetName=NetMP_y5 Pin=R14-2
Added Pin To Net: NetName=NetMP_y5 Pin=R31-2
Added Net: Name=NetMP_y5
Added Pin To Net: NetName=NetMP_y6 Pin=R17-2
Added Pin To Net: NetName=NetMP_y6 Pin=R32-2
Added Net: Name=NetMP_y6
Added Member To Class: ClassName=u1 Member=Component *1 Arduino_Micro
Added Member To Class: ClassName=Bat1 Member=Component B1_Bat1 (B1) BATTERYHOLDER
Added Member To Class: ClassName=Bat2 Member=Component B1_Bat2 (B1) BATTERYHOLDER
Added Member To Class: ClassName=Bat3 Member=Component B1_Bat3 (B1) BATTERYHOLDER
Added Member To Class: ClassName=Bat4 Member=Component B1_Bat4 (B1) BATTERYHOLDER
Added Member To Class: ClassName=Bat5 Member=Component B1_Bat5 (B1) BATTERYHOLDER
Added Member To Class: ClassName=Bat6 Member=Component B1_Bat6 (B1) BATTERYHOLDER
Added Member To Class: ClassName=Mutliplex Member=Component MP Multiplexer CD4097
Added Member To Class: ClassName=Bat1 Member=Component NMOS_Bat1 (NMOS) Mosfet-N
Added Member To Class: ClassName=Bat2 Member=Component NMOS_Bat2 (NMOS) Mosfet-N
Added Member To Class: ClassName=Bat3 Member=Component NMOS_Bat3 (NMOS) Mosfet-N
Added Member To Class: ClassName=Bat4 Member=Component NMOS_Bat4 (NMOS) Mosfet-N
Added Member To Class: ClassName=Bat5 Member=Component NMOS_Bat5 (NMOS) Mosfet-N
Added Member To Class: ClassName=Bat6 Member=Component NMOS_Bat6 (NMOS) Mosfet-N
Added Member To Class: ClassName=Bat1 Member=Component OC_1_Bat1 (OC_1) OptoCoupler
Added Member To Class: ClassName=Bat2 Member=Component OC_1_Bat2 (OC_1) OptoCoupler
Added Member To Class: ClassName=Bat3 Member=Component OC_1_Bat3 (OC_1) OptoCoupler
Added Member To Class: ClassName=Bat4 Member=Component OC_1_Bat4 (OC_1) OptoCoupler
Added Member To Class: ClassName=Bat5 Member=Component OC_1_Bat5 (OC_1) OptoCoupler
Added Member To Class: ClassName=Bat6 Member=Component OC_1_Bat6 (OC_1) OptoCoupler
Added Member To Class: ClassName=Bat1 Member=Component OC_2_Bat1 (OC_2) OptoCoupler
Added Member To Class: ClassName=Bat2 Member=Component OC_2_Bat2 (OC_2) OptoCoupler
Added Member To Class: ClassName=Bat3 Member=Component OC_2_Bat3 (OC_2) OptoCoupler
Added Member To Class: ClassName=Bat4 Member=Component OC_2_Bat4 (OC_2) OptoCoupler
Added Member To Class: ClassName=Bat5 Member=Component OC_2_Bat5 (OC_2) OptoCoupler
Added Member To Class: ClassName=Bat6 Member=Component OC_2_Bat6 (OC_2) OptoCoupler
Added Member To Class: ClassName=Bat1 Member=Component PMos_Bat1 (PMos) Mosfet-P
Added Member To Class: ClassName=Bat2 Member=Component PMos_Bat2 (PMos) Mosfet-P
Added Member To Class: ClassName=Bat3 Member=Component PMos_Bat3 (PMos) Mosfet-P
Added Member To Class: ClassName=Bat4 Member=Component PMos_Bat4 (PMos) Mosfet-P
Added Member To Class: ClassName=Bat5 Member=Component PMos_Bat5 (PMos) Mosfet-P
Added Member To Class: ClassName=Bat6 Member=Component PMos_Bat6 (PMos) Mosfet-P
Added Member To Class: ClassName=Bat1 Member=Component R1_Bat1 (R1) Res2
Added Member To Class: ClassName=Bat2 Member=Component R1_Bat2 (R1) Res2
Added Member To Class: ClassName=Bat3 Member=Component R1_Bat3 (R1) Res2
Added Member To Class: ClassName=Bat4 Member=Component R1_Bat4 (R1) Res2
Added Member To Class: ClassName=Bat5 Member=Component R1_Bat5 (R1) Res2
Added Member To Class: ClassName=Bat6 Member=Component R1_Bat6 (R1) Res2
Added Member To Class: ClassName=Mutliplex Member=Component R2 Res3
Added Member To Class: ClassName=Mutliplex Member=Component R3 Res3
Added Member To Class: ClassName=Mutliplex Member=Component R4 Res3
Added Member To Class: ClassName=Mutliplex Member=Component R5 Res3
Added Member To Class: ClassName=Mutliplex Member=Component R6 Res3
Added Member To Class: ClassName=Bat1 Member=Component R7_Bat1 (R7) Res2
Added Member To Class: ClassName=Bat2 Member=Component R7_Bat2 (R7) Res2
Added Member To Class: ClassName=Bat3 Member=Component R7_Bat3 (R7) Res2
Added Member To Class: ClassName=Bat4 Member=Component R7_Bat4 (R7) Res2
Added Member To Class: ClassName=Bat5 Member=Component R7_Bat5 (R7) Res2
Added Member To Class: ClassName=Bat6 Member=Component R7_Bat6 (R7) Res2
Added Member To Class: ClassName=Bat1 Member=Component R8_Bat1 (R8) Res2
Added Member To Class: ClassName=Bat2 Member=Component R8_Bat2 (R8) Res2
Added Member To Class: ClassName=Bat3 Member=Component R8_Bat3 (R8) Res2
Added Member To Class: ClassName=Bat4 Member=Component R8_Bat4 (R8) Res2
Added Member To Class: ClassName=Bat5 Member=Component R8_Bat5 (R8) Res2
Added Member To Class: ClassName=Bat6 Member=Component R8_Bat6 (R8) Res2
Added Member To Class: ClassName=Mutliplex Member=Component R9 Res3
Added Member To Class: ClassName=Mutliplex Member=Component R10 Res3
Added Member To Class: ClassName=Mutliplex Member=Component R11 Res3
Added Member To Class: ClassName=Mutliplex Member=Component R12 Res3
Added Member To Class: ClassName=Mutliplex Member=Component R13 Res3
Added Member To Class: ClassName=Mutliplex Member=Component R14 Res3
Added Member To Class: ClassName=Mutliplex Member=Component R15 Res3
Added Member To Class: ClassName=Mutliplex Member=Component R16 Res3
Added Member To Class: ClassName=Mutliplex Member=Component R17 Res3
Added Member To Class: ClassName=Bat1 Member=Component R18_Bat1 (R18) Res2
Added Member To Class: ClassName=Bat2 Member=Component R18_Bat2 (R18) Res2
Added Member To Class: ClassName=Bat3 Member=Component R18_Bat3 (R18) Res2
Added Member To Class: ClassName=Bat4 Member=Component R18_Bat4 (R18) Res2
Added Member To Class: ClassName=Bat5 Member=Component R18_Bat5 (R18) Res2
Added Member To Class: ClassName=Bat6 Member=Component R18_Bat6 (R18) Res2
Added Member To Class: ClassName=Mutliplex Member=Component R19 Res3
Added Member To Class: ClassName=Mutliplex Member=Component R20 Res3
Added Member To Class: ClassName=Mutliplex Member=Component R21 Res3
Added Member To Class: ClassName=Mutliplex Member=Component R22 Res3
Added Member To Class: ClassName=Mutliplex Member=Component R23 Res3
Added Member To Class: ClassName=Mutliplex Member=Component R24 Res3
Added Member To Class: ClassName=Mutliplex Member=Component R25 Res3
Added Member To Class: ClassName=Mutliplex Member=Component R26 Res3
Added Member To Class: ClassName=Mutliplex Member=Component R27 Res3
Added Member To Class: ClassName=Mutliplex Member=Component R28 Res3
Added Member To Class: ClassName=Mutliplex Member=Component R29 Res3
Added Member To Class: ClassName=Mutliplex Member=Component R30 Res3
Added Member To Class: ClassName=Mutliplex Member=Component R31 Res3
Added Member To Class: ClassName=Mutliplex Member=Component R32 Res3
