Removed Pin From Net: NetName=NetOC_2_Bat1_4 Pin=PMos_Bat1-1
Removed Pin From Net: NetName=B+1 Pin=PMos_Bat1-2
Removed Pin From Net: NetName=B-2 Pin=PMos_Bat1-3
Removed Pin From Net: NetName=NetOC_2_Bat2_4 Pin=PMos_Bat2-1
Removed Pin From Net: NetName=B+2 Pin=PMos_Bat2-2
Removed Pin From Net: NetName=B-3 Pin=PMos_Bat2-3
Removed Pin From Net: NetName=NetOC_2_Bat3_4 Pin=PMos_Bat3-1
Removed Pin From Net: NetName=B+3 Pin=PMos_Bat3-2
Removed Pin From Net: NetName=B-4 Pin=PMos_Bat3-3
Removed Pin From Net: NetName=NetOC_2_Bat4_4 Pin=PMos_Bat4-1
Removed Pin From Net: NetName=B+4 Pin=PMos_Bat4-2
Removed Pin From Net: NetName=B-5 Pin=PMos_Bat4-3
Removed Pin From Net: NetName=NetOC_2_Bat5_4 Pin=PMos_Bat5-1
Removed Pin From Net: NetName=B+5 Pin=PMos_Bat5-2
Removed Pin From Net: NetName=B-6 Pin=PMos_Bat5-3
Removed Pin From Net: NetName=NetOC_2_Bat6_4 Pin=PMos_Bat6-1
Removed Pin From Net: NetName=B+6 Pin=PMos_Bat6-2
Removed Pin From Net: NetName=B+7 Pin=PMos_Bat6-3
Added Pin To Net: NetName=B+1 Pin=PMos_Bat1-1
Added Pin To Net: NetName=NetOC_2_Bat1_4 Pin=PMos_Bat1-4
Added Pin To Net: NetName=B-2 Pin=PMos_Bat1-5
Added Pin To Net: NetName=B+2 Pin=PMos_Bat2-1
Added Pin To Net: NetName=NetOC_2_Bat2_4 Pin=PMos_Bat2-4
Added Pin To Net: NetName=B-3 Pin=PMos_Bat2-5
Added Pin To Net: NetName=B+3 Pin=PMos_Bat3-1
Added Pin To Net: NetName=NetOC_2_Bat3_4 Pin=PMos_Bat3-4
Added Pin To Net: NetName=B-4 Pin=PMos_Bat3-5
Added Pin To Net: NetName=B+4 Pin=PMos_Bat4-1
Added Pin To Net: NetName=NetOC_2_Bat4_4 Pin=PMos_Bat4-4
Added Pin To Net: NetName=B-5 Pin=PMos_Bat4-5
Added Pin To Net: NetName=B+5 Pin=PMos_Bat5-1
Added Pin To Net: NetName=NetOC_2_Bat5_4 Pin=PMos_Bat5-4
Added Pin To Net: NetName=B-6 Pin=PMos_Bat5-5
Added Pin To Net: NetName=B+6 Pin=PMos_Bat6-1
Added Pin To Net: NetName=NetOC_2_Bat6_4 Pin=PMos_Bat6-4
Added Pin To Net: NetName=B+7 Pin=PMos_Bat6-5
