Removed Pin From Net: NetName=NCTRL2 Pin=*1-3
Removed Pin From Net: NetName=NCTRL3 Pin=*1-4
Removed Pin From Net: NetName=NCTRL4 Pin=*1-9
Removed Pin From Net: NetName=NCTRL5 Pin=*1-10
Removed Pin From Net: NetName=NCTRL6 Pin=*1-11
Removed Pin From Net: NetName=PCTRL1 Pin=*1-12
Removed Pin From Net: NetName=PCTRL2 Pin=*1-13
Removed Pin From Net: NetName=PCTRL3 Pin=*1-14
Removed Pin From Net: NetName=PCTRL4 Pin=*1-15
Removed Pin From Net: NetName=PCTRL5 Pin=*1-16
Removed Pin From Net: NetName=+5 Pin=OC_1.B1-1
Removed Pin From Net: NetName=+5 Pin=OC_1.B2-1
Removed Pin From Net: NetName=+5 Pin=OC_1.B3-1
Removed Pin From Net: NetName=+5 Pin=OC_1.B4-1
Removed Pin From Net: NetName=+5 Pin=OC_1.B5-1
Removed Pin From Net: NetName=+5 Pin=OC_1.B6-1
Removed Pin From Net: NetName=+5 Pin=OC_2.B1-1
Removed Pin From Net: NetName=+5 Pin=OC_2.B2-1
Removed Pin From Net: NetName=+5 Pin=OC_2.B3-1
Removed Pin From Net: NetName=+5 Pin=OC_2.B4-1
Removed Pin From Net: NetName=+5 Pin=OC_2.B5-1
Removed Pin From Net: NetName=+5 Pin=OC_2.B6-1
Removed Pin From Net: NetName=B_IN1 Pin=R3.B1-1
Removed Pin From Net: NetName=NetOC_2.B1_3 Pin=R3.B1-2
Removed Pin From Net: NetName=B_IN2 Pin=R3.B2-1
Removed Pin From Net: NetName=NetOC_2.B2_3 Pin=R3.B2-2
Removed Pin From Net: NetName=B_IN3 Pin=R3.B3-1
Removed Pin From Net: NetName=NetOC_2.B3_3 Pin=R3.B3-2
Removed Pin From Net: NetName=B_IN4 Pin=R3.B4-1
Removed Pin From Net: NetName=NetOC_2.B4_3 Pin=R3.B4-2
Removed Pin From Net: NetName=B_IN5 Pin=R3.B5-1
Removed Pin From Net: NetName=NetOC_2.B5_3 Pin=R3.B5-2
Removed Pin From Net: NetName=B_IN6 Pin=R3.B6-1
Removed Pin From Net: NetName=NetOC_2.B6_3 Pin=R3.B6-2
Removed Pin From Net: NetName=B_IN1 Pin=R4.B1-1
Removed Pin From Net: NetName=NetOC_1.B1_3 Pin=R4.B1-2
Removed Pin From Net: NetName=B_IN2 Pin=R4.B2-1
Removed Pin From Net: NetName=NetOC_1.B2_3 Pin=R4.B2-2
Removed Pin From Net: NetName=B_IN3 Pin=R4.B3-1
Removed Pin From Net: NetName=NetOC_1.B3_3 Pin=R4.B3-2
Removed Pin From Net: NetName=B_IN4 Pin=R4.B4-1
Removed Pin From Net: NetName=NetOC_1.B4_3 Pin=R4.B4-2
Removed Pin From Net: NetName=B_IN5 Pin=R4.B5-1
Removed Pin From Net: NetName=NetOC_1.B5_3 Pin=R4.B5-2
Removed Pin From Net: NetName=B_IN6 Pin=R4.B6-1
Removed Pin From Net: NetName=NetOC_1.B6_3 Pin=R4.B6-2
Removed Pin From Net: NetName=B+_$ChannelName Pin=R9.B1-2
Removed Pin From Net: NetName=B+_$ChannelName Pin=R9.B2-2
Removed Pin From Net: NetName=B+_$ChannelName Pin=R9.B3-2
Removed Pin From Net: NetName=B+_$ChannelName Pin=R9.B4-2
Removed Pin From Net: NetName=B+_$ChannelName Pin=R9.B5-2
Added Component: Designator=R5.B1(J1-0603)
Added Component: Designator=R5.B2(J1-0603)
Added Component: Designator=R5.B3(J1-0603)
Added Component: Designator=R5.B4(J1-0603)
Added Component: Designator=R5.B5(J1-0603)
Added Component: Designator=R5.B6(J1-0603)
Added Component: Designator=R6.B1(J1-0603)
Added Component: Designator=R6.B2(J1-0603)
Added Component: Designator=R6.B3(J1-0603)
Added Component: Designator=R6.B4(J1-0603)
Added Component: Designator=R6.B5(J1-0603)
Added Component: Designator=R6.B6(J1-0603)
Added Component: Designator=R7.B6(J1-0603)
Added Pin To Net: NetName=PCTRL1 Pin=*1-3
Added Pin To Net: NetName=NCTRL2 Pin=*1-4
Added Pin To Net: NetName=PCTRL2 Pin=*1-9
Added Pin To Net: NetName=NCTRL3 Pin=*1-10
Added Pin To Net: NetName=PCTRL3 Pin=*1-11
Added Pin To Net: NetName=NCTRL4 Pin=*1-12
Added Pin To Net: NetName=PCTRL4 Pin=*1-13
Added Pin To Net: NetName=NCTRL5 Pin=*1-14
Added Pin To Net: NetName=PCTRL5 Pin=*1-15
Added Pin To Net: NetName=NCTRL6 Pin=*1-16
Added Pin To Net: NetName=+5 Pin=R3.B1-2
Added Pin To Net: NetName=+5 Pin=R3.B2-2
Added Pin To Net: NetName=+5 Pin=R3.B3-2
Added Pin To Net: NetName=+5 Pin=R3.B4-2
Added Pin To Net: NetName=+5 Pin=R3.B5-2
Added Pin To Net: NetName=+5 Pin=R3.B6-2
Added Pin To Net: NetName=+5 Pin=R4.B1-2
Added Pin To Net: NetName=+5 Pin=R4.B2-2
Added Pin To Net: NetName=+5 Pin=R4.B3-2
Added Pin To Net: NetName=+5 Pin=R4.B4-2
Added Pin To Net: NetName=+5 Pin=R4.B5-2
Added Pin To Net: NetName=+5 Pin=R4.B6-2
Added Pin To Net: NetName=B_IN1 Pin=R5.B1-1
Added Pin To Net: NetName=NetOC_2.B1_3 Pin=R5.B1-2
Added Pin To Net: NetName=B_IN2 Pin=R5.B2-1
Added Pin To Net: NetName=NetOC_2.B2_3 Pin=R5.B2-2
Added Pin To Net: NetName=B_IN3 Pin=R5.B3-1
Added Pin To Net: NetName=NetOC_2.B3_3 Pin=R5.B3-2
Added Pin To Net: NetName=B_IN4 Pin=R5.B4-1
Added Pin To Net: NetName=NetOC_2.B4_3 Pin=R5.B4-2
Added Pin To Net: NetName=B_IN5 Pin=R5.B5-1
Added Pin To Net: NetName=NetOC_2.B5_3 Pin=R5.B5-2
Added Pin To Net: NetName=B_IN6 Pin=R5.B6-1
Added Pin To Net: NetName=NetOC_2.B6_3 Pin=R5.B6-2
Added Pin To Net: NetName=B_IN1 Pin=R6.B1-1
Added Pin To Net: NetName=NetOC_1.B1_3 Pin=R6.B1-2
Added Pin To Net: NetName=B_IN2 Pin=R6.B2-1
Added Pin To Net: NetName=NetOC_1.B2_3 Pin=R6.B2-2
Added Pin To Net: NetName=B_IN3 Pin=R6.B3-1
Added Pin To Net: NetName=NetOC_1.B3_3 Pin=R6.B3-2
Added Pin To Net: NetName=B_IN4 Pin=R6.B4-1
Added Pin To Net: NetName=NetOC_1.B4_3 Pin=R6.B4-2
Added Pin To Net: NetName=B_IN5 Pin=R6.B5-1
Added Pin To Net: NetName=NetOC_1.B5_3 Pin=R6.B5-2
Added Pin To Net: NetName=B_IN6 Pin=R6.B6-1
Added Pin To Net: NetName=NetOC_1.B6_3 Pin=R6.B6-2
Added Pin To Net: NetName=GND Pin=R7.B6-1
Added Pin To Net: NetName=B+ADC6 Pin=R7.B6-2
Added Pin To Net: NetName=B+_$ChannelName Pin=R9.B1-2
Added Pin To Net: NetName=B+_$ChannelName Pin=R9.B2-2
Added Pin To Net: NetName=B+_$ChannelName Pin=R9.B3-2
Added Pin To Net: NetName=B+_$ChannelName Pin=R9.B4-2
Added Pin To Net: NetName=B+_$ChannelName Pin=R9.B5-2
Added Pin To Net: NetName=NetOC_1.B1_1 Pin=OC_1.B1-1
Added Pin To Net: NetName=NetOC_1.B1_1 Pin=R4.B1-1
Added Net: Name=NetOC_1.B1_1
Added Pin To Net: NetName=NetOC_1.B2_1 Pin=OC_1.B2-1
Added Pin To Net: NetName=NetOC_1.B2_1 Pin=R4.B2-1
Added Net: Name=NetOC_1.B2_1
Added Pin To Net: NetName=NetOC_1.B3_1 Pin=OC_1.B3-1
Added Pin To Net: NetName=NetOC_1.B3_1 Pin=R4.B3-1
Added Net: Name=NetOC_1.B3_1
Added Pin To Net: NetName=NetOC_1.B4_1 Pin=OC_1.B4-1
Added Pin To Net: NetName=NetOC_1.B4_1 Pin=R4.B4-1
Added Net: Name=NetOC_1.B4_1
Added Pin To Net: NetName=NetOC_1.B5_1 Pin=OC_1.B5-1
Added Pin To Net: NetName=NetOC_1.B5_1 Pin=R4.B5-1
Added Net: Name=NetOC_1.B5_1
Added Pin To Net: NetName=NetOC_1.B6_1 Pin=OC_1.B6-1
Added Pin To Net: NetName=NetOC_1.B6_1 Pin=R4.B6-1
Added Net: Name=NetOC_1.B6_1
Added Pin To Net: NetName=NetOC_2.B1_1 Pin=OC_2.B1-1
Added Pin To Net: NetName=NetOC_2.B1_1 Pin=R3.B1-1
Added Net: Name=NetOC_2.B1_1
Added Pin To Net: NetName=NetOC_2.B2_1 Pin=OC_2.B2-1
Added Pin To Net: NetName=NetOC_2.B2_1 Pin=R3.B2-1
Added Net: Name=NetOC_2.B2_1
Added Pin To Net: NetName=NetOC_2.B3_1 Pin=OC_2.B3-1
Added Pin To Net: NetName=NetOC_2.B3_1 Pin=R3.B3-1
Added Net: Name=NetOC_2.B3_1
Added Pin To Net: NetName=NetOC_2.B4_1 Pin=OC_2.B4-1
Added Pin To Net: NetName=NetOC_2.B4_1 Pin=R3.B4-1
Added Net: Name=NetOC_2.B4_1
Added Pin To Net: NetName=NetOC_2.B5_1 Pin=OC_2.B5-1
Added Pin To Net: NetName=NetOC_2.B5_1 Pin=R3.B5-1
Added Net: Name=NetOC_2.B5_1
Added Pin To Net: NetName=NetOC_2.B6_1 Pin=OC_2.B6-1
Added Pin To Net: NetName=NetOC_2.B6_1 Pin=R3.B6-1
Added Net: Name=NetOC_2.B6_1
Added Member To Class: ClassName=B1 Member=Component R5.B1 (R7) Res3
Added Member To Class: ClassName=B2 Member=Component R5.B2 (R7) Res3
Added Member To Class: ClassName=B3 Member=Component R5.B3 (R7) Res3
Added Member To Class: ClassName=B4 Member=Component R5.B4 (R7) Res3
Added Member To Class: ClassName=B5 Member=Component R5.B5 (R7) Res3
Added Member To Class: ClassName=B6 Member=Component R5.B6 (R7) Res3
Added Member To Class: ClassName=B1 Member=Component R6.B1 (R8) Res3
Added Member To Class: ClassName=B2 Member=Component R6.B2 (R8) Res3
Added Member To Class: ClassName=B3 Member=Component R6.B3 (R8) Res3
Added Member To Class: ClassName=B4 Member=Component R6.B4 (R8) Res3
Added Member To Class: ClassName=B5 Member=Component R6.B5 (R8) Res3
Added Member To Class: ClassName=B6 Member=Component R6.B6 (R8) Res3
Added Member To Class: ClassName=B6 Member=Component R7.B6 (R9) Res3
