Removed Pin From Net: NetName=B_IN2 Pin=C1.B1-1
Removed Pin From Net: NetName=B_IN3 Pin=C1.B2-1
Removed Pin From Net: NetName=B_IN4 Pin=C1.B3-1
Removed Pin From Net: NetName=B_IN5 Pin=C1.B4-1
Removed Pin From Net: NetName=B_IN6 Pin=C1.B5-1
Removed Pin From Net: NetName=B_OUT6 Pin=C1.B6-1
Removed Pin From Net: NetName=B+_$ChannelName Pin=C1.B6-2
Removed Pin From Net: NetName=B+_$ChannelName Pin=R11.B1-2
Removed Pin From Net: NetName=B+_$ChannelName Pin=R11.B2-2
Removed Pin From Net: NetName=B+_$ChannelName Pin=R11.B3-2
Removed Pin From Net: NetName=B+_$ChannelName Pin=R11.B4-2
Removed Pin From Net: NetName=B+_$ChannelName Pin=R11.B5-2
Added Pin To Net: NetName=B+_$ChannelName Pin=C1.B1-1
Added Pin To Net: NetName=B_IN2 Pin=C1.B1-2
Added Pin To Net: NetName=B+_$ChannelName Pin=C1.B2-1
Added Pin To Net: NetName=B_IN3 Pin=C1.B2-2
Added Pin To Net: NetName=B+_$ChannelName Pin=C1.B3-1
Added Pin To Net: NetName=B_IN4 Pin=C1.B3-2
Added Pin To Net: NetName=B+_$ChannelName Pin=C1.B4-1
Added Pin To Net: NetName=B_IN5 Pin=C1.B4-2
Added Pin To Net: NetName=B+_$ChannelName Pin=C1.B5-1
Added Pin To Net: NetName=B_IN6 Pin=C1.B5-2
Added Pin To Net: NetName=B+_$ChannelName Pin=C1.B6-1
Added Pin To Net: NetName=B_OUT6 Pin=C1.B6-2
Added Pin To Net: NetName=B+_$ChannelName Pin=R11.B1-2
Added Pin To Net: NetName=B+_$ChannelName Pin=R11.B2-2
Added Pin To Net: NetName=B+_$ChannelName Pin=R11.B3-2
Added Pin To Net: NetName=B+_$ChannelName Pin=R11.B4-2
Added Pin To Net: NetName=B+_$ChannelName Pin=R11.B5-2
Change Net Name : Old Net Name=B+_$ChannelName New Net Name=NetBatt.B1_P
Change Net Name : Old Net Name=B+_$ChannelName New Net Name=NetBatt.B2_P
Change Net Name : Old Net Name=B+_$ChannelName New Net Name=NetBatt.B3_P
Change Net Name : Old Net Name=B+_$ChannelName New Net Name=NetBatt.B4_P
Change Net Name : Old Net Name=B+_$ChannelName New Net Name=NetBatt.B5_P
Change Net Name : Old Net Name=B+_$ChannelName New Net Name=NetBatt.B6_P
