Added Pin To Net: NetName=ADC+ Pin=MP-1
Added Pin To Net: NetName=NetMP_x6 Pin=MP-3
Added Pin To Net: NetName=NetMP_x5 Pin=MP-4
Added Pin To Net: NetName=NetMP_x4 Pin=MP-5
Added Pin To Net: NetName=NetMP_x3 Pin=MP-6
Added Pin To Net: NetName=NetMP_x2 Pin=MP-7
Added Pin To Net: NetName=NetMP_x1 Pin=MP-8
Added Pin To Net: NetName=NetMP_x0 Pin=MP-9
Added Pin To Net: NetName=MP_A1 Pin=MP-10
Added Pin To Net: NetName=MP_A2 Pin=MP-11
Added Pin To Net: NetName=GND Pin=MP-12
Added Pin To Net: NetName=GND Pin=MP-13
Added Pin To Net: NetName=MP_A3 Pin=MP-14
Added Pin To Net: NetName=NetMP_y6 Pin=MP-16
Added Pin To Net: NetName=ADC- Pin=MP-17
Added Pin To Net: NetName=NetMP_y5 Pin=MP-18
Added Pin To Net: NetName=NetMP_y4 Pin=MP-19
Added Pin To Net: NetName=NetMP_y3 Pin=MP-20
Added Pin To Net: NetName=NetMP_y2 Pin=MP-21
Added Pin To Net: NetName=NetMP_y1 Pin=MP-22
Added Pin To Net: NetName=NetMP_y0 Pin=MP-23
Added Pin To Net: NetName=+5 Pin=MP-24
