Added Component: Designator=B6(18650_PCB_HOLDER)
Added Component: Designator=R1(J1-0603)
Added Component: Designator=R2(J1-0603)
Added Component: Designator=R3(J1-0603)
Added Component: Designator=R4(J1-0603)
Added Component: Designator=R5(J1-0603)
Added Component: Designator=R6(J1-0603)
Added Component: Designator=R7(J1-0603)
Added Component: Designator=R8(J1-0603)
Added Component: Designator=R9(J1-0603)
Added Component: Designator=R10(J1-0603)
Added Component: Designator=R11(J1-0603)
Added Component: Designator=R12(J1-0603)
Added Component: Designator=R13(J1-0603)
Added Component: Designator=R14(J1-0603)
Added Component: Designator=R15(J1-0603)
Added Component: Designator=R16(J1-0603)
Added Component: Designator=R17(J1-0603)
Added Component: Designator=R18(J1-0603)
Added Component: Designator=R19(J1-0603)
Added Component: Designator=R20(J1-0603)
Added Component: Designator=R21(J1-0603)
Added Component: Designator=R22(J1-0603)
Added Component: Designator=R23(J1-0603)
Added Component: Designator=R24(J1-0603)
Added Component: Designator=R25(J1-0603)
Added Component: Designator=R26(J1-0603)
Added Component: Designator=R27(J1-0603)
Added Component: Designator=R28(J1-0603)
Added Component: Designator=R?(AXIAL-0.4)
Added Component: Designator=R?(AXIAL-0.4)
Added Component: Designator=R?(AXIAL-0.4)
Added Component: Designator=R?(AXIAL-0.4)
Added Component: Designator=R?(AXIAL-0.4)
Added Component: Designator=R?(AXIAL-0.4)
Added Component: Designator=U1(TI-PW16_M)
Added Component: Designator=U2(TI-PW16_M)
Added Pin To Net: NetName=+5 Pin=U1-12
Added Pin To Net: NetName=+5 Pin=U1-16
Added Pin To Net: NetName=+5 Pin=U2-13
Added Pin To Net: NetName=+5 Pin=U2-16
Added Net: Name=+5
Added Pin To Net: NetName=B1+ Pin=R2-1
Added Net: Name=B1+
Added Pin To Net: NetName=B1- Pin=R1-1
Added Net: Name=B1-
Added Pin To Net: NetName=B2+ Pin=R4-1
Added Net: Name=B2+
Added Pin To Net: NetName=B2- Pin=R3-1
Added Net: Name=B2-
Added Pin To Net: NetName=B3+ Pin=R6-1
Added Net: Name=B3+
Added Pin To Net: NetName=B3- Pin=R5-1
Added Net: Name=B3-
Added Pin To Net: NetName=B4+ Pin=R8-1
Added Net: Name=B4+
Added Pin To Net: NetName=B4- Pin=R7-1
Added Net: Name=B4-
Added Pin To Net: NetName=B5+ Pin=R18-1
Added Net: Name=B5+
Added Pin To Net: NetName=B5- Pin=R17-1
Added Net: Name=B5-
Added Pin To Net: NetName=B6+ Pin=B6-P
Added Pin To Net: NetName=B6+ Pin=B6-P
Added Pin To Net: NetName=B6+ Pin=B6-P
Added Pin To Net: NetName=B6+ Pin=R20-1
Added Pin To Net: NetName=B6+ Pin=R?-2
Added Pin To Net: NetName=B6+ Pin=R?-2
Added Net: Name=B6+
Added Pin To Net: NetName=B6- Pin=B6-P1
Added Pin To Net: NetName=B6- Pin=B6-P1
Added Pin To Net: NetName=B6- Pin=B6-P1
Added Pin To Net: NetName=B6- Pin=R19-1
Added Pin To Net: NetName=B6- Pin=R?-1
Added Pin To Net: NetName=B6- Pin=R?-1
Added Net: Name=B6-
Added Pin To Net: NetName=B+ Pin=R22-1
Added Net: Name=B+
Added Pin To Net: NetName=B- Pin=R21-1
Added Net: Name=B-
Added Pin To Net: NetName=GND Pin=R9-1
Added Pin To Net: NetName=GND Pin=R10-1
Added Pin To Net: NetName=GND Pin=R11-1
Added Pin To Net: NetName=GND Pin=R12-1
Added Pin To Net: NetName=GND Pin=R13-1
Added Pin To Net: NetName=GND Pin=R14-1
Added Pin To Net: NetName=GND Pin=R15-1
Added Pin To Net: NetName=GND Pin=R16-1
Added Pin To Net: NetName=GND Pin=R23-1
Added Pin To Net: NetName=GND Pin=R24-1
Added Pin To Net: NetName=GND Pin=R25-1
Added Pin To Net: NetName=GND Pin=R26-1
Added Pin To Net: NetName=GND Pin=R27-1
Added Pin To Net: NetName=GND Pin=R28-1
Added Pin To Net: NetName=GND Pin=U1-9
Added Pin To Net: NetName=GND Pin=U1-13
Added Pin To Net: NetName=GND Pin=U2-9
Added Pin To Net: NetName=GND Pin=U2-12
Added Net: Name=GND
Added Pin To Net: NetName=Net*_1 Pin=R?-1
Added Net: Name=Net*_1
Added Pin To Net: NetName=Net*_4 Pin=R?-2
Added Net: Name=Net*_4
Added Pin To Net: NetName=NetR1_2 Pin=R1-2
Added Pin To Net: NetName=NetR1_2 Pin=R9-2
Added Pin To Net: NetName=NetR1_2 Pin=U1-8
Added Net: Name=NetR1_2
Added Pin To Net: NetName=NetR2_2 Pin=R2-2
Added Pin To Net: NetName=NetR2_2 Pin=R10-2
Added Pin To Net: NetName=NetR2_2 Pin=U1-7
Added Net: Name=NetR2_2
Added Pin To Net: NetName=NetR3_2 Pin=R3-2
Added Pin To Net: NetName=NetR3_2 Pin=R11-2
Added Pin To Net: NetName=NetR3_2 Pin=U1-6
Added Net: Name=NetR3_2
Added Pin To Net: NetName=NetR4_2 Pin=R4-2
Added Pin To Net: NetName=NetR4_2 Pin=R12-2
Added Pin To Net: NetName=NetR4_2 Pin=U1-5
Added Net: Name=NetR4_2
Added Pin To Net: NetName=NetR5_2 Pin=R5-2
Added Pin To Net: NetName=NetR5_2 Pin=R13-2
Added Pin To Net: NetName=NetR5_2 Pin=U1-4
Added Net: Name=NetR5_2
Added Pin To Net: NetName=NetR6_2 Pin=R6-2
Added Pin To Net: NetName=NetR6_2 Pin=R14-2
Added Pin To Net: NetName=NetR6_2 Pin=U1-3
Added Net: Name=NetR6_2
Added Pin To Net: NetName=NetR7_2 Pin=R7-2
Added Pin To Net: NetName=NetR7_2 Pin=R15-2
Added Pin To Net: NetName=NetR7_2 Pin=U1-2
Added Net: Name=NetR7_2
Added Pin To Net: NetName=NetR8_2 Pin=R8-2
Added Pin To Net: NetName=NetR8_2 Pin=R16-2
Added Pin To Net: NetName=NetR8_2 Pin=U1-1
Added Net: Name=NetR8_2
Added Pin To Net: NetName=NetR17_2 Pin=R17-2
Added Pin To Net: NetName=NetR17_2 Pin=R23-2
Added Pin To Net: NetName=NetR17_2 Pin=U2-6
Added Net: Name=NetR17_2
Added Pin To Net: NetName=NetR18_2 Pin=R18-2
Added Pin To Net: NetName=NetR18_2 Pin=R24-2
Added Pin To Net: NetName=NetR18_2 Pin=U2-5
Added Net: Name=NetR18_2
Added Pin To Net: NetName=NetR19_2 Pin=R19-2
Added Pin To Net: NetName=NetR19_2 Pin=R25-2
Added Pin To Net: NetName=NetR19_2 Pin=U2-4
Added Net: Name=NetR19_2
Added Pin To Net: NetName=NetR20_2 Pin=R20-2
Added Pin To Net: NetName=NetR20_2 Pin=R26-2
Added Pin To Net: NetName=NetR20_2 Pin=U2-3
Added Net: Name=NetR20_2
Added Pin To Net: NetName=NetR21_2 Pin=R21-2
Added Pin To Net: NetName=NetR21_2 Pin=R27-2
Added Pin To Net: NetName=NetR21_2 Pin=U2-2
Added Net: Name=NetR21_2
Added Pin To Net: NetName=NetR22_2 Pin=R22-2
Added Pin To Net: NetName=NetR22_2 Pin=R28-2
Added Pin To Net: NetName=NetR22_2 Pin=U2-1
Added Net: Name=NetR22_2
Added Pin To Net: NetName=NetR?_1 Pin=R?-1
Added Pin To Net: NetName=NetR?_1 Pin=R?-1
Added Net: Name=NetR?_1
Added Net: Name=R_D1
Added Net: Name=R_D2
Added Net: Name=R_D3
Added Net: Name=R_D4
Added Net: Name=R_D5
Added Net: Name=R_D6
Added Pin To Net: NetName=SCL Pin=U1-14
Added Pin To Net: NetName=SCL Pin=U2-14
Added Net: Name=SCL
Added Pin To Net: NetName=SDA Pin=U1-15
Added Pin To Net: NetName=SDA Pin=U2-15
Added Net: Name=SDA
Added Class: Name=SwitchingModule
