Change Component Physical Designator: Old Designator=Batt_$ChannelName New Designator=Batt.B1
Change Component Physical Designator: Old Designator=Batt_$ChannelName New Designator=Batt.B2
Change Component Physical Designator: Old Designator=Batt_$ChannelName New Designator=Batt.B3
Change Component Physical Designator: Old Designator=Batt_$ChannelName New Designator=Batt.B4
Change Component Physical Designator: Old Designator=Batt_$ChannelName New Designator=Batt.B5
Change Component Physical Designator: Old Designator=Batt_$ChannelName New Designator=Batt.B6
Change Component Physical Designator: Old Designator=D_$ChannelName New Designator=D.B1
Change Component Physical Designator: Old Designator=D_$ChannelName New Designator=D.B2
Change Component Physical Designator: Old Designator=D_$ChannelName New Designator=D.B3
Change Component Physical Designator: Old Designator=D_$ChannelName New Designator=D.B4
Change Component Physical Designator: Old Designator=D_$ChannelName New Designator=D.B5
Change Component Physical Designator: Old Designator=D_$ChannelName New Designator=D.B6
Change Component Physical Designator: Old Designator=LEDDriver_$ChannelName New Designator=LEDDriver.B1
Change Component Physical Designator: Old Designator=LEDDriver_$ChannelName New Designator=LEDDriver.B2
Change Component Physical Designator: Old Designator=LEDDriver_$ChannelName New Designator=LEDDriver.B3
Change Component Physical Designator: Old Designator=LEDDriver_$ChannelName New Designator=LEDDriver.B4
Change Component Physical Designator: Old Designator=LEDDriver_$ChannelName New Designator=LEDDriver.B5
Change Component Physical Designator: Old Designator=LEDDriver_$ChannelName New Designator=LEDDriver.B6
Change Component Physical Designator: Old Designator=NMOS*_$ChannelName New Designator=NMOS*.B1
Change Component Physical Designator: Old Designator=NMOS*_$ChannelName New Designator=NMOS*.B2
Change Component Physical Designator: Old Designator=NMOS*_$ChannelName New Designator=NMOS*.B3
Change Component Physical Designator: Old Designator=NMOS*_$ChannelName New Designator=NMOS*.B4
Change Component Physical Designator: Old Designator=NMOS*_$ChannelName New Designator=NMOS*.B5
Change Component Physical Designator: Old Designator=NMOS*_$ChannelName New Designator=NMOS*.B6
Change Component Physical Designator: Old Designator=OC_1_$ChannelName New Designator=OC_1.B1
Change Component Physical Designator: Old Designator=OC_1_$ChannelName New Designator=OC_1.B2
Change Component Physical Designator: Old Designator=OC_1_$ChannelName New Designator=OC_1.B3
Change Component Physical Designator: Old Designator=OC_1_$ChannelName New Designator=OC_1.B4
Change Component Physical Designator: Old Designator=OC_1_$ChannelName New Designator=OC_1.B5
Change Component Physical Designator: Old Designator=OC_1_$ChannelName New Designator=OC_1.B6
Change Component Physical Designator: Old Designator=OC_2_$ChannelName New Designator=OC_2.B1
Change Component Physical Designator: Old Designator=OC_2_$ChannelName New Designator=OC_2.B2
Change Component Physical Designator: Old Designator=OC_2_$ChannelName New Designator=OC_2.B3
Change Component Physical Designator: Old Designator=OC_2_$ChannelName New Designator=OC_2.B4
Change Component Physical Designator: Old Designator=OC_2_$ChannelName New Designator=OC_2.B5
Change Component Physical Designator: Old Designator=OC_2_$ChannelName New Designator=OC_2.B6
Change Component Physical Designator: Old Designator=PMos_$ChannelName New Designator=PMos.B1
Change Component Physical Designator: Old Designator=PMos_$ChannelName New Designator=PMos.B2
Change Component Physical Designator: Old Designator=PMos_$ChannelName New Designator=PMos.B3
Change Component Physical Designator: Old Designator=PMos_$ChannelName New Designator=PMos.B4
Change Component Physical Designator: Old Designator=PMos_$ChannelName New Designator=PMos.B5
Change Component Physical Designator: Old Designator=PMos_$ChannelName New Designator=PMos.B6
Change Component Physical Designator: Old Designator=R1_$ChannelName New Designator=R1.B1
Change Component Physical Designator: Old Designator=R1_$ChannelName New Designator=R1.B2
Change Component Physical Designator: Old Designator=R1_$ChannelName New Designator=R1.B3
Change Component Physical Designator: Old Designator=R1_$ChannelName New Designator=R1.B4
Change Component Physical Designator: Old Designator=R1_$ChannelName New Designator=R1.B5
Change Component Physical Designator: Old Designator=R1_$ChannelName New Designator=R1.B6
Change Component Physical Designator: Old Designator=R2_$ChannelName New Designator=R2.B1
Change Component Physical Designator: Old Designator=R2_$ChannelName New Designator=R2.B2
Change Component Physical Designator: Old Designator=R2_$ChannelName New Designator=R2.B3
Change Component Physical Designator: Old Designator=R2_$ChannelName New Designator=R2.B4
Change Component Physical Designator: Old Designator=R2_$ChannelName New Designator=R2.B5
Change Component Physical Designator: Old Designator=R2_$ChannelName New Designator=R2.B6
Change Component Physical Designator: Old Designator=R3_$ChannelName New Designator=R3.B1
Change Component Physical Designator: Old Designator=R3_$ChannelName New Designator=R3.B2
Change Component Physical Designator: Old Designator=R3_$ChannelName New Designator=R3.B3
Change Component Physical Designator: Old Designator=R3_$ChannelName New Designator=R3.B4
Change Component Physical Designator: Old Designator=R3_$ChannelName New Designator=R3.B5
Change Component Physical Designator: Old Designator=R3_$ChannelName New Designator=R3.B6
Change Component Physical Designator: Old Designator=R4_$ChannelName New Designator=R4.B1
Change Component Physical Designator: Old Designator=R4_$ChannelName New Designator=R4.B2
Change Component Physical Designator: Old Designator=R4_$ChannelName New Designator=R4.B3
Change Component Physical Designator: Old Designator=R4_$ChannelName New Designator=R4.B4
Change Component Physical Designator: Old Designator=R4_$ChannelName New Designator=R4.B5
Change Component Physical Designator: Old Designator=R4_$ChannelName New Designator=R4.B6
Change Component Physical Designator: Old Designator=R5_$ChannelName New Designator=R5.B1
Change Component Physical Designator: Old Designator=R5_$ChannelName New Designator=R5.B2
Change Component Physical Designator: Old Designator=R5_$ChannelName New Designator=R5.B3
Change Component Physical Designator: Old Designator=R5_$ChannelName New Designator=R5.B4
Change Component Physical Designator: Old Designator=R5_$ChannelName New Designator=R5.B5
Change Component Physical Designator: Old Designator=R5_$ChannelName New Designator=R5.B6
Change Component Physical Designator: Old Designator=R6_$ChannelName New Designator=R6.B2
Change Component Physical Designator: Old Designator=R6_$ChannelName New Designator=R6.B3
Change Component Physical Designator: Old Designator=R6_$ChannelName New Designator=R6.B4
Change Component Physical Designator: Old Designator=R6_$ChannelName New Designator=R6.B5
Change Component Physical Designator: Old Designator=R6_$ChannelName New Designator=R6.B6
Change Component Physical Designator: Old Designator=R7_$ChannelName New Designator=R7.B1
Change Component Physical Designator: Old Designator=R7_$ChannelName New Designator=R7.B2
Change Component Physical Designator: Old Designator=R7_$ChannelName New Designator=R7.B3
Change Component Physical Designator: Old Designator=R7_$ChannelName New Designator=R7.B4
Change Component Physical Designator: Old Designator=R7_$ChannelName New Designator=R7.B5
Change Component Physical Designator: Old Designator=R7_$ChannelName New Designator=R7.B6
Change Component Physical Designator: Old Designator=R8_$ChannelName New Designator=R8.B1
Change Component Physical Designator: Old Designator=R8_$ChannelName New Designator=R8.B2
Change Component Physical Designator: Old Designator=R8_$ChannelName New Designator=R8.B3
Change Component Physical Designator: Old Designator=R8_$ChannelName New Designator=R8.B4
Change Component Physical Designator: Old Designator=R8_$ChannelName New Designator=R8.B5
Change Component Physical Designator: Old Designator=R8_$ChannelName New Designator=R8.B6
Change Component Physical Designator: Old Designator=R9_$ChannelName New Designator=R9.B1
Change Component Physical Designator: Old Designator=R9_$ChannelName New Designator=R9.B2
Change Component Physical Designator: Old Designator=R9_$ChannelName New Designator=R9.B3
Change Component Physical Designator: Old Designator=R9_$ChannelName New Designator=R9.B4
Change Component Physical Designator: Old Designator=R9_$ChannelName New Designator=R9.B5
Change Component Physical Designator: Old Designator=R9_$ChannelName New Designator=R9.B6
Change Component Physical Designator: Old Designator=R10_$ChannelName New Designator=R10.B1
Change Component Physical Designator: Old Designator=R10_$ChannelName New Designator=R10.B2
Change Component Physical Designator: Old Designator=R10_$ChannelName New Designator=R10.B3
Change Component Physical Designator: Old Designator=R10_$ChannelName New Designator=R10.B4
Change Component Physical Designator: Old Designator=R10_$ChannelName New Designator=R10.B5
Change Component Physical Designator: Old Designator=R10_$ChannelName New Designator=R10.B6
Change Component Physical Designator: Old Designator=R11_$ChannelName New Designator=R11.B1
Change Component Physical Designator: Old Designator=R11_$ChannelName New Designator=R11.B2
Change Component Physical Designator: Old Designator=R11_$ChannelName New Designator=R11.B3
Change Component Physical Designator: Old Designator=R11_$ChannelName New Designator=R11.B4
Change Component Physical Designator: Old Designator=R11_$ChannelName New Designator=R11.B5
Change Component Physical Designator: Old Designator=R11_$ChannelName New Designator=R11.B6
Change Component Physical Designator: Old Designator=R12_$ChannelName New Designator=R12.B1
Change Component Physical Designator: Old Designator=R12_$ChannelName New Designator=R12.B2
Change Component Physical Designator: Old Designator=R12_$ChannelName New Designator=R12.B3
Change Component Physical Designator: Old Designator=R12_$ChannelName New Designator=R12.B4
Change Component Physical Designator: Old Designator=R12_$ChannelName New Designator=R12.B5
Change Component Physical Designator: Old Designator=R12_$ChannelName New Designator=R12.B6
