Removed Pin From Net: NetName=B+1 Pin=R6.B1-2
Removed Pin From Net: NetName=B+2 Pin=R6.B2-2
Removed Pin From Net: NetName=B+3 Pin=R6.B3-2
Removed Pin From Net: NetName=B+4 Pin=R6.B4-2
Removed Pin From Net: NetName=B+5 Pin=R6.B5-2
Removed Pin From Net: NetName=B+6 Pin=R6.B6-2
Removed Pin From Net: NetName=NetLEDDriver.B1_5 Pin=R7.B1-1
Removed Pin From Net: NetName=NetLEDDriver.B2_5 Pin=R7.B2-1
Removed Pin From Net: NetName=NetLEDDriver.B3_5 Pin=R7.B3-1
Removed Pin From Net: NetName=NetLEDDriver.B4_5 Pin=R7.B4-1
Removed Pin From Net: NetName=NetLEDDriver.B5_5 Pin=R7.B5-1
Removed Pin From Net: NetName=NetLEDDriver.B6_5 Pin=R7.B6-1
Removed Pin From Net: NetName=B-1 Pin=R8.B1-1
Removed Pin From Net: NetName=NetLEDDriver.B1_5 Pin=R8.B1-2
Removed Pin From Net: NetName=B-2 Pin=R8.B2-1
Removed Pin From Net: NetName=NetLEDDriver.B2_5 Pin=R8.B2-2
Removed Pin From Net: NetName=B-3 Pin=R8.B3-1
Removed Pin From Net: NetName=NetLEDDriver.B3_5 Pin=R8.B3-2
Removed Pin From Net: NetName=B-4 Pin=R8.B4-1
Removed Pin From Net: NetName=NetLEDDriver.B4_5 Pin=R8.B4-2
Removed Pin From Net: NetName=B-5 Pin=R8.B5-1
Removed Pin From Net: NetName=NetLEDDriver.B5_5 Pin=R8.B5-2
Removed Pin From Net: NetName=B-6 Pin=R8.B6-1
Removed Pin From Net: NetName=NetLEDDriver.B6_5 Pin=R8.B6-2
Removed Pin From Net: NetName=B-1 Pin=R13-1
Removed Pin From Net: NetName=B_OUT6 Pin=R14-1
Removed Pin From Net: NetName=NetMP1_x6 Pin=R14-2
Removed Pin From Net: NetName=B-2 Pin=R15-1
Removed Pin From Net: NetName=B+6 Pin=R16-1
Removed Pin From Net: NetName=B-3 Pin=R17-1
Removed Pin From Net: NetName=B+5 Pin=R18-1
Removed Pin From Net: NetName=B-4 Pin=R19-1
Removed Pin From Net: NetName=B+4 Pin=R20-1
Removed Pin From Net: NetName=B-5 Pin=R21-1
Removed Pin From Net: NetName=B+3 Pin=R22-1
Removed Pin From Net: NetName=B-6 Pin=R23-1
Removed Pin From Net: NetName=B+2 Pin=R24-1
Removed Pin From Net: NetName=B+1 Pin=R25-1
Removed Pin From Net: NetName=B-1 Pin=R26-1
Removed Pin From Net: NetName=NetMP1_y6 Pin=R26-2
Removed Pin From Net: NetName=GND Pin=R27-1
Removed Pin From Net: NetName=GND Pin=R28-1
Removed Pin From Net: NetName=GND Pin=R29-1
Removed Pin From Net: NetName=GND Pin=R30-1
Removed Pin From Net: NetName=GND Pin=R31-1
Removed Pin From Net: NetName=GND Pin=R32-1
Removed Pin From Net: NetName=GND Pin=R33-1
Removed Pin From Net: NetName=NetMP1_x6 Pin=R33-2
Removed Pin From Net: NetName=GND Pin=R34-1
Removed Pin From Net: NetName=GND Pin=R35-1
Removed Pin From Net: NetName=GND Pin=R36-1
Removed Pin From Net: NetName=GND Pin=R37-1
Removed Pin From Net: NetName=GND Pin=R38-1
Removed Pin From Net: NetName=GND Pin=R39-1
Removed Pin From Net: NetName=GND Pin=R40-1
Removed Pin From Net: NetName=NetMP1_y6 Pin=R40-2
Removed Member From Class: ClassName=Mutliplex Member=MP1
Removed Member From Class: ClassName=Mutliplex Member=R13
Removed Member From Class: ClassName=Mutliplex Member=R14
Removed Member From Class: ClassName=Mutliplex Member=R15
Removed Member From Class: ClassName=Mutliplex Member=R20
Removed Member From Class: ClassName=Mutliplex Member=R21
Removed Member From Class: ClassName=Mutliplex Member=R22
Removed Member From Class: ClassName=Mutliplex Member=R23
Removed Member From Class: ClassName=Mutliplex Member=R24
Removed Member From Class: ClassName=Mutliplex Member=R25
Removed Member From Class: ClassName=Mutliplex Member=R26
Removed Member From Class: ClassName=Mutliplex Member=R27
Removed Member From Class: ClassName=Mutliplex Member=R28
Removed Member From Class: ClassName=Mutliplex Member=R29
Removed Member From Class: ClassName=Mutliplex Member=R30
Removed Member From Class: ClassName=Mutliplex Member=R31
Removed Member From Class: ClassName=Mutliplex Member=R32
Removed Member From Class: ClassName=Mutliplex Member=R33
Removed Member From Class: ClassName=Mutliplex Member=R34
Removed Member From Class: ClassName=Mutliplex Member=R35
Removed Member From Class: ClassName=Mutliplex Member=R36
Removed Member From Class: ClassName=Mutliplex Member=R37
Removed Member From Class: ClassName=Mutliplex Member=R38
Removed Member From Class: ClassName=Mutliplex Member=R39
Removed Member From Class: ClassName=Mutliplex Member=R40
Change Component Designator: OldDesignator=C1.B1 NewDesignator=C2.B1
Change Component Designator: OldDesignator=C1.B2 NewDesignator=C2.B2
Change Component Designator: OldDesignator=C1.B3 NewDesignator=C2.B3
Change Component Designator: OldDesignator=C1.B4 NewDesignator=C2.B4
Change Component Designator: OldDesignator=C1.B5 NewDesignator=C2.B5
Change Component Designator: OldDesignator=C1.B6 NewDesignator=C2.B6
Change Component Designator: OldDesignator=C2.B1 NewDesignator=C1.B1
Change Component Designator: OldDesignator=C2.B2 NewDesignator=C1.B2
Change Component Designator: OldDesignator=C2.B3 NewDesignator=C1.B3
Change Component Designator: OldDesignator=C2.B4 NewDesignator=C1.B4
Change Component Designator: OldDesignator=C2.B5 NewDesignator=C1.B5
Change Component Designator: OldDesignator=C2.B6 NewDesignator=C1.B6
Change Component Designator: OldDesignator=R4.B1 NewDesignator=R3.B1
Change Component Designator: OldDesignator=R4.B2 NewDesignator=R3.B2
Change Component Designator: OldDesignator=R4.B3 NewDesignator=R3.B3
Change Component Designator: OldDesignator=R4.B4 NewDesignator=R3.B4
Change Component Designator: OldDesignator=R4.B5 NewDesignator=R3.B5
Change Component Designator: OldDesignator=R4.B6 NewDesignator=R3.B6
Change Component Designator: OldDesignator=R5.B1 NewDesignator=R4.B1
Change Component Designator: OldDesignator=R5.B2 NewDesignator=R4.B2
Change Component Designator: OldDesignator=R5.B3 NewDesignator=R4.B3
Change Component Designator: OldDesignator=R5.B4 NewDesignator=R4.B4
Change Component Designator: OldDesignator=R5.B5 NewDesignator=R4.B5
Change Component Designator: OldDesignator=R5.B6 NewDesignator=R4.B6
Change Component Designator: OldDesignator=R9.B1 NewDesignator=R12.B1
Change Component Designator: OldDesignator=R9.B2 NewDesignator=R12.B2
Change Component Designator: OldDesignator=R9.B3 NewDesignator=R12.B3
Change Component Designator: OldDesignator=R9.B4 NewDesignator=R12.B4
Change Component Designator: OldDesignator=R9.B5 NewDesignator=R12.B5
Change Component Designator: OldDesignator=R9.B6 NewDesignator=R12.B6
Change Component Designator: OldDesignator=R10.B1 NewDesignator=R13.B1
Change Component Designator: OldDesignator=R10.B2 NewDesignator=R13.B2
Change Component Designator: OldDesignator=R10.B3 NewDesignator=R13.B3
Change Component Designator: OldDesignator=R10.B4 NewDesignator=R13.B4
Change Component Designator: OldDesignator=R10.B5 NewDesignator=R13.B5
Change Component Designator: OldDesignator=R10.B6 NewDesignator=R13.B6
Change Component Designator: OldDesignator=R11.B1 NewDesignator=R14.B1
Change Component Designator: OldDesignator=R11.B2 NewDesignator=R14.B2
Change Component Designator: OldDesignator=R11.B3 NewDesignator=R14.B3
Change Component Designator: OldDesignator=R11.B4 NewDesignator=R14.B4
Change Component Designator: OldDesignator=R11.B5 NewDesignator=R14.B5
Change Component Designator: OldDesignator=R11.B6 NewDesignator=R14.B6
Change Component Designator: OldDesignator=R12.B1 NewDesignator=R15.B1
Change Component Designator: OldDesignator=R12.B2 NewDesignator=R15.B2
Change Component Designator: OldDesignator=R12.B3 NewDesignator=R15.B3
Change Component Designator: OldDesignator=R12.B4 NewDesignator=R15.B4
Change Component Designator: OldDesignator=R12.B5 NewDesignator=R15.B5
Change Component Designator: OldDesignator=R12.B6 NewDesignator=R15.B6
Added Component: Designator=R5.B1(J1-0603)
Added Component: Designator=R5.B2(J1-0603)
Added Component: Designator=R5.B3(J1-0603)
Added Component: Designator=R5.B4(J1-0603)
Added Component: Designator=R5.B5(J1-0603)
Added Component: Designator=R5.B6(J1-0603)
Added Component: Designator=R9.B1(J1-0603)
Added Component: Designator=R9.B2(J1-0603)
Added Component: Designator=R9.B3(J1-0603)
Added Component: Designator=R9.B4(J1-0603)
Added Component: Designator=R9.B5(J1-0603)
Added Component: Designator=R9.B6(J1-0603)
Added Component: Designator=R10.B1(J1-0603)
Added Component: Designator=R10.B2(J1-0603)
Added Component: Designator=R10.B3(J1-0603)
Added Component: Designator=R10.B4(J1-0603)
Added Component: Designator=R10.B5(J1-0603)
Added Component: Designator=R10.B6(J1-0603)
Added Component: Designator=R11.B1(J1-0603)
Added Component: Designator=R11.B2(J1-0603)
Added Component: Designator=R11.B3(J1-0603)
Added Component: Designator=R11.B4(J1-0603)
Added Component: Designator=R11.B5(J1-0603)
Added Component: Designator=R11.B6(J1-0603)
Added Pin To Net: NetName=B+1 Pin=R5.B1-1
Added Pin To Net: NetName=B+2 Pin=R5.B2-1
Added Pin To Net: NetName=B+3 Pin=R5.B3-1
Added Pin To Net: NetName=B+4 Pin=R5.B4-1
Added Pin To Net: NetName=B+5 Pin=R5.B5-1
Added Pin To Net: NetName=B+6 Pin=R5.B6-1
Added Pin To Net: NetName=B-1 Pin=R6.B1-1
Added Pin To Net: NetName=B-2 Pin=R6.B2-1
Added Pin To Net: NetName=B-3 Pin=R6.B3-1
Added Pin To Net: NetName=B-4 Pin=R6.B4-1
Added Pin To Net: NetName=B-5 Pin=R6.B5-1
Added Pin To Net: NetName=B-6 Pin=R6.B6-1
Added Pin To Net: NetName=GND Pin=R7.B1-1
Added Pin To Net: NetName=GND Pin=R7.B2-1
Added Pin To Net: NetName=GND Pin=R7.B3-1
Added Pin To Net: NetName=GND Pin=R7.B4-1
Added Pin To Net: NetName=GND Pin=R7.B5-1
Added Pin To Net: NetName=GND Pin=R7.B6-1
Added Pin To Net: NetName=GND Pin=R8.B1-1
Added Pin To Net: NetName=GND Pin=R8.B2-1
Added Pin To Net: NetName=GND Pin=R8.B3-1
Added Pin To Net: NetName=GND Pin=R8.B4-1
Added Pin To Net: NetName=GND Pin=R8.B5-1
Added Pin To Net: NetName=GND Pin=R8.B6-1
Added Pin To Net: NetName=B+1 Pin=R6.B1-2
Added Pin To Net: NetName=B+2 Pin=R6.B2-2
Added Pin To Net: NetName=B+3 Pin=R6.B3-2
Added Pin To Net: NetName=B+4 Pin=R6.B4-2
Added Pin To Net: NetName=B+5 Pin=R6.B5-2
Added Pin To Net: NetName=B+6 Pin=R6.B6-2
Added Pin To Net: NetName=NetLEDDriver.B1_5 Pin=R7.B1-1
Added Pin To Net: NetName=NetLEDDriver.B2_5 Pin=R7.B2-1
Added Pin To Net: NetName=NetLEDDriver.B3_5 Pin=R7.B3-1
Added Pin To Net: NetName=NetLEDDriver.B4_5 Pin=R7.B4-1
Added Pin To Net: NetName=NetLEDDriver.B5_5 Pin=R7.B5-1
Added Pin To Net: NetName=NetLEDDriver.B6_5 Pin=R7.B6-1
Added Pin To Net: NetName=B-1 Pin=R8.B1-1
Added Pin To Net: NetName=NetLEDDriver.B1_5 Pin=R8.B1-2
Added Pin To Net: NetName=B-2 Pin=R8.B2-1
Added Pin To Net: NetName=NetLEDDriver.B2_5 Pin=R8.B2-2
Added Pin To Net: NetName=B-3 Pin=R8.B3-1
Added Pin To Net: NetName=NetLEDDriver.B3_5 Pin=R8.B3-2
Added Pin To Net: NetName=B-4 Pin=R8.B4-1
Added Pin To Net: NetName=NetLEDDriver.B4_5 Pin=R8.B4-2
Added Pin To Net: NetName=B-5 Pin=R8.B5-1
Added Pin To Net: NetName=NetLEDDriver.B5_5 Pin=R8.B5-2
Added Pin To Net: NetName=B-6 Pin=R8.B6-1
Added Pin To Net: NetName=NetLEDDriver.B6_5 Pin=R8.B6-2
Added Pin To Net: NetName=B-1 Pin=R16-1
Added Pin To Net: NetName=NetMP1_y6 Pin=R16-2
Added Pin To Net: NetName=B_OUT6 Pin=R17-1
Added Pin To Net: NetName=NetMP1_x6 Pin=R17-2
Added Pin To Net: NetName=GND Pin=R18-1
Added Pin To Net: NetName=NetMP1_y6 Pin=R18-2
Added Pin To Net: NetName=GND Pin=R19-1
Added Pin To Net: NetName=NetMP1_x6 Pin=R19-2
Change Net Name : Old Net Name=B+1 New Net Name=B+_$ChannelName
Change Net Name : Old Net Name=B+2 New Net Name=B+_$ChannelName
Change Net Name : Old Net Name=B+3 New Net Name=B+_$ChannelName
Change Net Name : Old Net Name=B+4 New Net Name=B+_$ChannelName
Change Net Name : Old Net Name=B+5 New Net Name=B+_$ChannelName
Change Net Name : Old Net Name=B+6 New Net Name=B+_$ChannelName
Added Pin To Net: NetName=B+ADC1 Pin=MP1-9
Added Net: Name=B+ADC1
Added Pin To Net: NetName=B+ADC2 Pin=MP1-8
Added Net: Name=B+ADC2
Added Pin To Net: NetName=B+ADC3 Pin=MP1-7
Added Net: Name=B+ADC3
Added Pin To Net: NetName=B+ADC4 Pin=MP1-6
Added Net: Name=B+ADC4
Added Pin To Net: NetName=B+ADC5 Pin=MP1-5
Added Net: Name=B+ADC5
Added Pin To Net: NetName=B+ADC6 Pin=MP1-4
Added Net: Name=B+ADC6
Added Pin To Net: NetName=B-ADC1 Pin=MP1-23
Added Net: Name=B-ADC1
Added Pin To Net: NetName=B-ADC2 Pin=MP1-22
Added Net: Name=B-ADC2
Added Pin To Net: NetName=B-ADC3 Pin=MP1-21
Added Net: Name=B-ADC3
Added Pin To Net: NetName=B-ADC4 Pin=MP1-20
Added Net: Name=B-ADC4
Added Pin To Net: NetName=B-ADC5 Pin=MP1-19
Added Net: Name=B-ADC5
Added Pin To Net: NetName=B-ADC6 Pin=MP1-18
Added Net: Name=B-ADC6
Added Pin To Net: NetName=NetR5.B1_2 Pin=R5.B1-2
Added Pin To Net: NetName=NetR5.B1_2 Pin=R7.B1-2
Added Net: Name=NetR5.B1_2
Added Pin To Net: NetName=NetR5.B2_2 Pin=R5.B2-2
Added Pin To Net: NetName=NetR5.B2_2 Pin=R7.B2-2
Added Net: Name=NetR5.B2_2
Added Pin To Net: NetName=NetR5.B3_2 Pin=R5.B3-2
Added Pin To Net: NetName=NetR5.B3_2 Pin=R7.B3-2
Added Net: Name=NetR5.B3_2
Added Pin To Net: NetName=NetR5.B4_2 Pin=R5.B4-2
Added Pin To Net: NetName=NetR5.B4_2 Pin=R7.B4-2
Added Net: Name=NetR5.B4_2
Added Pin To Net: NetName=NetR5.B5_2 Pin=R5.B5-2
Added Pin To Net: NetName=NetR5.B5_2 Pin=R7.B5-2
Added Net: Name=NetR5.B5_2
Added Pin To Net: NetName=NetR5.B6_2 Pin=R5.B6-2
Added Pin To Net: NetName=NetR5.B6_2 Pin=R7.B6-2
Added Net: Name=NetR5.B6_2
Added Pin To Net: NetName=NetR6.B1_2 Pin=R6.B1-2
Added Pin To Net: NetName=NetR6.B1_2 Pin=R8.B1-2
Added Net: Name=NetR6.B1_2
Added Pin To Net: NetName=NetR6.B2_2 Pin=R6.B2-2
Added Pin To Net: NetName=NetR6.B2_2 Pin=R8.B2-2
Added Net: Name=NetR6.B2_2
Added Pin To Net: NetName=NetR6.B3_2 Pin=R6.B3-2
Added Pin To Net: NetName=NetR6.B3_2 Pin=R8.B3-2
Added Net: Name=NetR6.B3_2
Added Pin To Net: NetName=NetR6.B4_2 Pin=R6.B4-2
Added Pin To Net: NetName=NetR6.B4_2 Pin=R8.B4-2
Added Net: Name=NetR6.B4_2
Added Pin To Net: NetName=NetR6.B5_2 Pin=R6.B5-2
Added Pin To Net: NetName=NetR6.B5_2 Pin=R8.B5-2
Added Net: Name=NetR6.B5_2
Added Pin To Net: NetName=NetR6.B6_2 Pin=R6.B6-2
Added Pin To Net: NetName=NetR6.B6_2 Pin=R8.B6-2
Added Net: Name=NetR6.B6_2
Added Pin To Net: NetName=NetR9.B1_1 Pin=R6.B1-1
Added Pin To Net: NetName=NetR9.B1_1 Pin=R7.B1-2
Added Net: Name=NetR9.B1_1
Added Pin To Net: NetName=NetR9.B2_1 Pin=R6.B2-1
Added Pin To Net: NetName=NetR9.B2_1 Pin=R7.B2-2
Added Net: Name=NetR9.B2_1
Added Pin To Net: NetName=NetR9.B3_1 Pin=R6.B3-1
Added Pin To Net: NetName=NetR9.B3_1 Pin=R7.B3-2
Added Net: Name=NetR9.B3_1
Added Pin To Net: NetName=NetR9.B4_1 Pin=R6.B4-1
Added Pin To Net: NetName=NetR9.B4_1 Pin=R7.B4-2
Added Net: Name=NetR9.B4_1
Added Pin To Net: NetName=NetR9.B5_1 Pin=R6.B5-1
Added Pin To Net: NetName=NetR9.B5_1 Pin=R7.B5-2
Added Net: Name=NetR9.B5_1
Added Pin To Net: NetName=NetR9.B6_1 Pin=R6.B6-1
Added Pin To Net: NetName=NetR9.B6_1 Pin=R7.B6-2
Added Net: Name=NetR9.B6_1
Change Class Name : Old Net Name=Mutliplex New Net Name=SwitchingModule
Added Class: Name=Mutliplex
Added Class: Name=B+ADC[6..1]
Added Class: Name=B-ADC[6..1]
Added Member To Class: ClassName=B1 Member=Component R5.B1 (R5) Res3
Added Member To Class: ClassName=B2 Member=Component R5.B2 (R5) Res3
Added Member To Class: ClassName=B3 Member=Component R5.B3 (R5) Res3
Added Member To Class: ClassName=B4 Member=Component R5.B4 (R5) Res3
Added Member To Class: ClassName=B5 Member=Component R5.B5 (R5) Res3
Added Member To Class: ClassName=B6 Member=Component R5.B6 (R5) Res3
Added Member To Class: ClassName=B1 Member=Component R13.B1 (R13) Res3
Added Member To Class: ClassName=B2 Member=Component R13.B2 (R13) Res3
Added Member To Class: ClassName=B3 Member=Component R13.B3 (R13) Res3
Added Member To Class: ClassName=B4 Member=Component R13.B4 (R13) Res3
Added Member To Class: ClassName=B5 Member=Component R13.B5 (R13) Res3
Added Member To Class: ClassName=B6 Member=Component R13.B6 (R13) Res3
Added Member To Class: ClassName=B1 Member=Component R14.B1 (R14) Res3
Added Member To Class: ClassName=B2 Member=Component R14.B2 (R14) Res3
Added Member To Class: ClassName=B3 Member=Component R14.B3 (R14) Res3
Added Member To Class: ClassName=B4 Member=Component R14.B4 (R14) Res3
Added Member To Class: ClassName=B5 Member=Component R14.B5 (R14) Res3
Added Member To Class: ClassName=B6 Member=Component R14.B6 (R14) Res3
Added Member To Class: ClassName=B1 Member=Component R15.B1 (R15) Res3
Added Member To Class: ClassName=B2 Member=Component R15.B2 (R15) Res3
Added Member To Class: ClassName=B3 Member=Component R15.B3 (R15) Res3
Added Member To Class: ClassName=B4 Member=Component R15.B4 (R15) Res3
Added Member To Class: ClassName=B5 Member=Component R15.B5 (R15) Res3
Added Member To Class: ClassName=B6 Member=Component R15.B6 (R15) Res3
Added Room: Name=SwitchingModule
