Added Component: Designator=*1(DIP34)
Added Component: Designator=Batt.B1(18650_PCB_HOLDER)
Added Component: Designator=Batt.B2(18650_PCB_HOLDER)
Added Component: Designator=Batt.B3(18650_PCB_HOLDER)
Added Component: Designator=Batt.B4(18650_PCB_HOLDER)
Added Component: Designator=Batt.B5(18650_PCB_HOLDER)
Added Component: Designator=Batt.B6(18650_PCB_HOLDER)
Added Component: Designator=D.B1(LED Strip)
Added Component: Designator=D.B2(LED Strip)
Added Component: Designator=D.B3(LED Strip)
Added Component: Designator=D.B4(LED Strip)
Added Component: Designator=D.B5(LED Strip)
Added Component: Designator=D.B6(LED Strip)
Added Component: Designator=LEDDriver.B1(DIP18)
Added Component: Designator=LEDDriver.B2(DIP18)
Added Component: Designator=LEDDriver.B3(DIP18)
Added Component: Designator=LEDDriver.B4(DIP18)
Added Component: Designator=LEDDriver.B5(DIP18)
Added Component: Designator=LEDDriver.B6(DIP18)
Added Component: Designator=MP1(SOIC24)
Added Component: Designator=NMOS*.B1(MOSFET)
Added Component: Designator=NMOS*.B2(MOSFET)
Added Component: Designator=NMOS*.B3(MOSFET)
Added Component: Designator=NMOS*.B4(MOSFET)
Added Component: Designator=NMOS*.B5(MOSFET)
Added Component: Designator=NMOS*.B6(MOSFET)
Added Component: Designator=OC_1.B1(SMDIP4)
Added Component: Designator=OC_1.B2(SMDIP4)
Added Component: Designator=OC_1.B3(SMDIP4)
Added Component: Designator=OC_1.B4(SMDIP4)
Added Component: Designator=OC_1.B5(SMDIP4)
Added Component: Designator=OC_1.B6(SMDIP4)
Added Component: Designator=OC_2.B1(SMDIP4)
Added Component: Designator=OC_2.B2(SMDIP4)
Added Component: Designator=OC_2.B3(SMDIP4)
Added Component: Designator=OC_2.B4(SMDIP4)
Added Component: Designator=OC_2.B5(SMDIP4)
Added Component: Designator=OC_2.B6(SMDIP4)
Added Component: Designator=PMos.B1(MOSFET)
Added Component: Designator=PMos.B2(MOSFET)
Added Component: Designator=PMos.B3(MOSFET)
Added Component: Designator=PMos.B4(MOSFET)
Added Component: Designator=PMos.B5(MOSFET)
Added Component: Designator=PMos.B6(MOSFET)
Added Component: Designator=R1.B1(J1-0603)
Added Component: Designator=R1.B2(J1-0603)
Added Component: Designator=R1.B3(J1-0603)
Added Component: Designator=R1.B4(J1-0603)
Added Component: Designator=R1.B5(J1-0603)
Added Component: Designator=R1.B6(J1-0603)
Added Component: Designator=R2.B1(J1-0603)
Added Component: Designator=R2.B2(J1-0603)
Added Component: Designator=R2.B3(J1-0603)
Added Component: Designator=R2.B4(J1-0603)
Added Component: Designator=R2.B5(J1-0603)
Added Component: Designator=R2.B6(J1-0603)
Added Component: Designator=R3.B1(J1-0603)
Added Component: Designator=R3.B2(J1-0603)
Added Component: Designator=R3.B3(J1-0603)
Added Component: Designator=R3.B4(J1-0603)
Added Component: Designator=R3.B5(J1-0603)
Added Component: Designator=R3.B6(J1-0603)
Added Component: Designator=R4.B1(J1-0603)
Added Component: Designator=R4.B2(J1-0603)
Added Component: Designator=R4.B3(J1-0603)
Added Component: Designator=R4.B4(J1-0603)
Added Component: Designator=R4.B5(J1-0603)
Added Component: Designator=R4.B6(J1-0603)
Added Component: Designator=R5.B1(J1-0603)
Added Component: Designator=R5.B2(J1-0603)
Added Component: Designator=R5.B3(J1-0603)
Added Component: Designator=R5.B4(J1-0603)
Added Component: Designator=R5.B5(J1-0603)
Added Component: Designator=R5.B6(J1-0603)
Added Component: Designator=R6.B1(J1-0603)
Added Component: Designator=R6.B2(J1-0603)
Added Component: Designator=R6.B3(J1-0603)
Added Component: Designator=R6.B4(J1-0603)
Added Component: Designator=R6.B5(J1-0603)
Added Component: Designator=R6.B6(J1-0603)
Added Component: Designator=R7.B1(J1-0603)
Added Component: Designator=R7.B2(J1-0603)
Added Component: Designator=R7.B3(J1-0603)
Added Component: Designator=R7.B4(J1-0603)
Added Component: Designator=R7.B5(J1-0603)
Added Component: Designator=R7.B6(J1-0603)
Added Component: Designator=R8.B1(J1-0603)
Added Component: Designator=R8.B2(J1-0603)
Added Component: Designator=R8.B3(J1-0603)
Added Component: Designator=R8.B4(J1-0603)
Added Component: Designator=R8.B5(J1-0603)
Added Component: Designator=R8.B6(J1-0603)
Added Component: Designator=R9.B1(J1-0603)
Added Component: Designator=R9.B2(J1-0603)
Added Component: Designator=R9.B3(J1-0603)
Added Component: Designator=R9.B4(J1-0603)
Added Component: Designator=R9.B5(J1-0603)
Added Component: Designator=R9.B6(J1-0603)
Added Component: Designator=R10.B1(J1-0603)
Added Component: Designator=R10.B2(J1-0603)
Added Component: Designator=R10.B3(J1-0603)
Added Component: Designator=R10.B4(J1-0603)
Added Component: Designator=R10.B5(J1-0603)
Added Component: Designator=R10.B6(J1-0603)
Added Component: Designator=R11.B1(J1-0603)
Added Component: Designator=R11.B2(J1-0603)
Added Component: Designator=R11.B3(J1-0603)
Added Component: Designator=R11.B4(J1-0603)
Added Component: Designator=R11.B5(J1-0603)
Added Component: Designator=R11.B6(J1-0603)
Added Component: Designator=R12.B1(J1-0603)
Added Component: Designator=R12.B2(J1-0603)
Added Component: Designator=R12.B3(J1-0603)
Added Component: Designator=R12.B4(J1-0603)
Added Component: Designator=R12.B5(J1-0603)
Added Component: Designator=R12.B6(J1-0603)
Added Component: Designator=R13(J1-0603)
Added Component: Designator=R14(J1-0603)
Added Component: Designator=R15(J1-0603)
Added Component: Designator=R16(J1-0603)
Added Component: Designator=R17(J1-0603)
Added Component: Designator=R18(J1-0603)
Added Component: Designator=R19(J1-0603)
Added Component: Designator=R20(J1-0603)
Added Component: Designator=R21(J1-0603)
Added Component: Designator=R22(J1-0603)
Added Component: Designator=R23(J1-0603)
Added Component: Designator=R24(J1-0603)
Added Component: Designator=R25(J1-0603)
Added Component: Designator=R26(J1-0603)
Added Component: Designator=R27(J1-0603)
Added Component: Designator=R28(J1-0603)
Added Component: Designator=R29(J1-0603)
Added Component: Designator=R30(J1-0603)
Added Component: Designator=R31(J1-0603)
Added Component: Designator=R32(J1-0603)
Added Component: Designator=R33(J1-0603)
Added Component: Designator=R34(J1-0603)
Added Component: Designator=R35(J1-0603)
Added Component: Designator=R36(J1-0603)
Added Component: Designator=R37(J1-0603)
Added Component: Designator=R38(J1-0603)
Added Component: Designator=R39(J1-0603)
Added Component: Designator=R40(J1-0603)
Added Pin To Net: NetName=+5 Pin=*1-20
Added Pin To Net: NetName=+5 Pin=MP1-24
Added Pin To Net: NetName=+5 Pin=OC_1.B1-1
Added Pin To Net: NetName=+5 Pin=OC_1.B2-1
Added Pin To Net: NetName=+5 Pin=OC_1.B3-1
Added Pin To Net: NetName=+5 Pin=OC_1.B4-1
Added Pin To Net: NetName=+5 Pin=OC_1.B5-1
Added Pin To Net: NetName=+5 Pin=OC_1.B6-1
Added Pin To Net: NetName=+5 Pin=OC_2.B1-1
Added Pin To Net: NetName=+5 Pin=OC_2.B2-1
Added Pin To Net: NetName=+5 Pin=OC_2.B3-1
Added Pin To Net: NetName=+5 Pin=OC_2.B4-1
Added Pin To Net: NetName=+5 Pin=OC_2.B5-1
Added Pin To Net: NetName=+5 Pin=OC_2.B6-1
Added Net: Name=+5
Added Pin To Net: NetName=ADC+ Pin=*1-28
Added Pin To Net: NetName=ADC+ Pin=MP1-1
Added Net: Name=ADC+
Added Pin To Net: NetName=ADC- Pin=*1-27
Added Pin To Net: NetName=ADC- Pin=MP1-17
Added Net: Name=ADC-
Added Pin To Net: NetName=B+1 Pin=Batt.B1-P
Added Pin To Net: NetName=B+1 Pin=Batt.B1-P
Added Pin To Net: NetName=B+1 Pin=Batt.B1-P
Added Pin To Net: NetName=B+1 Pin=D.B1-1
Added Pin To Net: NetName=B+1 Pin=D.B1-3
Added Pin To Net: NetName=B+1 Pin=D.B1-5
Added Pin To Net: NetName=B+1 Pin=D.B1-7
Added Pin To Net: NetName=B+1 Pin=D.B1-9
Added Pin To Net: NetName=B+1 Pin=D.B1-11
Added Pin To Net: NetName=B+1 Pin=D.B1-13
Added Pin To Net: NetName=B+1 Pin=PMos.B1-1
Added Pin To Net: NetName=B+1 Pin=PMos.B1-1
Added Pin To Net: NetName=B+1 Pin=PMos.B1-1
Added Pin To Net: NetName=B+1 Pin=R1.B1-2
Added Pin To Net: NetName=B+1 Pin=R2.B1-2
Added Pin To Net: NetName=B+1 Pin=R6.B1-2
Added Net: Name=B+1
Added Pin To Net: NetName=B+2 Pin=Batt.B2-P
Added Pin To Net: NetName=B+2 Pin=Batt.B2-P
Added Pin To Net: NetName=B+2 Pin=Batt.B2-P
Added Pin To Net: NetName=B+2 Pin=D.B2-1
Added Pin To Net: NetName=B+2 Pin=D.B2-3
Added Pin To Net: NetName=B+2 Pin=D.B2-5
Added Pin To Net: NetName=B+2 Pin=D.B2-7
Added Pin To Net: NetName=B+2 Pin=D.B2-9
Added Pin To Net: NetName=B+2 Pin=D.B2-11
Added Pin To Net: NetName=B+2 Pin=D.B2-13
Added Pin To Net: NetName=B+2 Pin=PMos.B2-1
Added Pin To Net: NetName=B+2 Pin=PMos.B2-1
Added Pin To Net: NetName=B+2 Pin=PMos.B2-1
Added Pin To Net: NetName=B+2 Pin=R1.B2-2
Added Pin To Net: NetName=B+2 Pin=R2.B2-2
Added Pin To Net: NetName=B+2 Pin=R6.B2-2
Added Net: Name=B+2
Added Pin To Net: NetName=B+3 Pin=Batt.B3-P
Added Pin To Net: NetName=B+3 Pin=Batt.B3-P
Added Pin To Net: NetName=B+3 Pin=Batt.B3-P
Added Pin To Net: NetName=B+3 Pin=D.B3-1
Added Pin To Net: NetName=B+3 Pin=D.B3-3
Added Pin To Net: NetName=B+3 Pin=D.B3-5
Added Pin To Net: NetName=B+3 Pin=D.B3-7
Added Pin To Net: NetName=B+3 Pin=D.B3-9
Added Pin To Net: NetName=B+3 Pin=D.B3-11
Added Pin To Net: NetName=B+3 Pin=D.B3-13
Added Pin To Net: NetName=B+3 Pin=PMos.B3-1
Added Pin To Net: NetName=B+3 Pin=PMos.B3-1
Added Pin To Net: NetName=B+3 Pin=PMos.B3-1
Added Pin To Net: NetName=B+3 Pin=R1.B3-2
Added Pin To Net: NetName=B+3 Pin=R2.B3-2
Added Pin To Net: NetName=B+3 Pin=R6.B3-2
Added Net: Name=B+3
Added Pin To Net: NetName=B+4 Pin=Batt.B4-P
Added Pin To Net: NetName=B+4 Pin=Batt.B4-P
Added Pin To Net: NetName=B+4 Pin=Batt.B4-P
Added Pin To Net: NetName=B+4 Pin=D.B4-1
Added Pin To Net: NetName=B+4 Pin=D.B4-3
Added Pin To Net: NetName=B+4 Pin=D.B4-5
Added Pin To Net: NetName=B+4 Pin=D.B4-7
Added Pin To Net: NetName=B+4 Pin=D.B4-9
Added Pin To Net: NetName=B+4 Pin=D.B4-11
Added Pin To Net: NetName=B+4 Pin=D.B4-13
Added Pin To Net: NetName=B+4 Pin=PMos.B4-1
Added Pin To Net: NetName=B+4 Pin=PMos.B4-1
Added Pin To Net: NetName=B+4 Pin=PMos.B4-1
Added Pin To Net: NetName=B+4 Pin=R1.B4-2
Added Pin To Net: NetName=B+4 Pin=R2.B4-2
Added Pin To Net: NetName=B+4 Pin=R6.B4-2
Added Net: Name=B+4
Added Pin To Net: NetName=B+5 Pin=Batt.B5-P
Added Pin To Net: NetName=B+5 Pin=Batt.B5-P
Added Pin To Net: NetName=B+5 Pin=Batt.B5-P
Added Pin To Net: NetName=B+5 Pin=D.B5-1
Added Pin To Net: NetName=B+5 Pin=D.B5-3
Added Pin To Net: NetName=B+5 Pin=D.B5-5
Added Pin To Net: NetName=B+5 Pin=D.B5-7
Added Pin To Net: NetName=B+5 Pin=D.B5-9
Added Pin To Net: NetName=B+5 Pin=D.B5-11
Added Pin To Net: NetName=B+5 Pin=D.B5-13
Added Pin To Net: NetName=B+5 Pin=PMos.B5-1
Added Pin To Net: NetName=B+5 Pin=PMos.B5-1
Added Pin To Net: NetName=B+5 Pin=PMos.B5-1
Added Pin To Net: NetName=B+5 Pin=R1.B5-2
Added Pin To Net: NetName=B+5 Pin=R2.B5-2
Added Pin To Net: NetName=B+5 Pin=R6.B5-2
Added Net: Name=B+5
Added Pin To Net: NetName=B+6 Pin=Batt.B6-P
Added Pin To Net: NetName=B+6 Pin=Batt.B6-P
Added Pin To Net: NetName=B+6 Pin=Batt.B6-P
Added Pin To Net: NetName=B+6 Pin=D.B6-1
Added Pin To Net: NetName=B+6 Pin=D.B6-3
Added Pin To Net: NetName=B+6 Pin=D.B6-5
Added Pin To Net: NetName=B+6 Pin=D.B6-7
Added Pin To Net: NetName=B+6 Pin=D.B6-9
Added Pin To Net: NetName=B+6 Pin=D.B6-11
Added Pin To Net: NetName=B+6 Pin=D.B6-13
Added Pin To Net: NetName=B+6 Pin=PMos.B6-1
Added Pin To Net: NetName=B+6 Pin=PMos.B6-1
Added Pin To Net: NetName=B+6 Pin=PMos.B6-1
Added Pin To Net: NetName=B+6 Pin=R1.B6-2
Added Pin To Net: NetName=B+6 Pin=R2.B6-2
Added Pin To Net: NetName=B+6 Pin=R6.B6-2
Added Net: Name=B+6
Added Pin To Net: NetName=B-1 Pin=Batt.B1-N
Added Pin To Net: NetName=B-1 Pin=Batt.B1-N
Added Pin To Net: NetName=B-1 Pin=Batt.B1-N
Added Pin To Net: NetName=B-1 Pin=LEDDriver.B1-2
Added Pin To Net: NetName=B-1 Pin=NMOS*.B1-1
Added Pin To Net: NetName=B-1 Pin=NMOS*.B1-1
Added Pin To Net: NetName=B-1 Pin=NMOS*.B1-1
Added Pin To Net: NetName=B-1 Pin=R3.B1-1
Added Pin To Net: NetName=B-1 Pin=R4.B1-1
Added Pin To Net: NetName=B-1 Pin=R5.B1-1
Added Pin To Net: NetName=B-1 Pin=R8.B1-1
Added Pin To Net: NetName=B-1 Pin=R11.B1-1
Added Pin To Net: NetName=B-1 Pin=R12.B1-1
Added Pin To Net: NetName=B-1 Pin=R13-1
Added Pin To Net: NetName=B-1 Pin=R26-1
Added Net: Name=B-1
Added Pin To Net: NetName=B-2 Pin=Batt.B2-N
Added Pin To Net: NetName=B-2 Pin=Batt.B2-N
Added Pin To Net: NetName=B-2 Pin=Batt.B2-N
Added Pin To Net: NetName=B-2 Pin=LEDDriver.B2-2
Added Pin To Net: NetName=B-2 Pin=NMOS*.B1-5
Added Pin To Net: NetName=B-2 Pin=NMOS*.B1-5
Added Pin To Net: NetName=B-2 Pin=NMOS*.B1-5
Added Pin To Net: NetName=B-2 Pin=NMOS*.B1-5
Added Pin To Net: NetName=B-2 Pin=NMOS*.B2-1
Added Pin To Net: NetName=B-2 Pin=NMOS*.B2-1
Added Pin To Net: NetName=B-2 Pin=NMOS*.B2-1
Added Pin To Net: NetName=B-2 Pin=PMos.B1-5
Added Pin To Net: NetName=B-2 Pin=PMos.B1-5
Added Pin To Net: NetName=B-2 Pin=PMos.B1-5
Added Pin To Net: NetName=B-2 Pin=PMos.B1-5
Added Pin To Net: NetName=B-2 Pin=R3.B1-2
Added Pin To Net: NetName=B-2 Pin=R3.B2-1
Added Pin To Net: NetName=B-2 Pin=R4.B2-1
Added Pin To Net: NetName=B-2 Pin=R5.B2-1
Added Pin To Net: NetName=B-2 Pin=R8.B2-1
Added Pin To Net: NetName=B-2 Pin=R11.B2-1
Added Pin To Net: NetName=B-2 Pin=R12.B2-1
Added Net: Name=B-2
Added Pin To Net: NetName=B-3 Pin=Batt.B3-N
Added Pin To Net: NetName=B-3 Pin=Batt.B3-N
Added Pin To Net: NetName=B-3 Pin=Batt.B3-N
Added Pin To Net: NetName=B-3 Pin=LEDDriver.B3-2
Added Pin To Net: NetName=B-3 Pin=NMOS*.B2-5
Added Pin To Net: NetName=B-3 Pin=NMOS*.B2-5
Added Pin To Net: NetName=B-3 Pin=NMOS*.B2-5
Added Pin To Net: NetName=B-3 Pin=NMOS*.B2-5
Added Pin To Net: NetName=B-3 Pin=NMOS*.B3-1
Added Pin To Net: NetName=B-3 Pin=NMOS*.B3-1
Added Pin To Net: NetName=B-3 Pin=NMOS*.B3-1
Added Pin To Net: NetName=B-3 Pin=PMos.B2-5
Added Pin To Net: NetName=B-3 Pin=PMos.B2-5
Added Pin To Net: NetName=B-3 Pin=PMos.B2-5
Added Pin To Net: NetName=B-3 Pin=PMos.B2-5
Added Pin To Net: NetName=B-3 Pin=R3.B2-2
Added Pin To Net: NetName=B-3 Pin=R3.B3-1
Added Pin To Net: NetName=B-3 Pin=R4.B3-1
Added Pin To Net: NetName=B-3 Pin=R5.B3-1
Added Pin To Net: NetName=B-3 Pin=R8.B3-1
Added Pin To Net: NetName=B-3 Pin=R11.B3-1
Added Pin To Net: NetName=B-3 Pin=R12.B3-1
Added Net: Name=B-3
Added Pin To Net: NetName=B-4 Pin=Batt.B4-N
Added Pin To Net: NetName=B-4 Pin=Batt.B4-N
Added Pin To Net: NetName=B-4 Pin=Batt.B4-N
Added Pin To Net: NetName=B-4 Pin=LEDDriver.B4-2
Added Pin To Net: NetName=B-4 Pin=NMOS*.B3-5
Added Pin To Net: NetName=B-4 Pin=NMOS*.B3-5
Added Pin To Net: NetName=B-4 Pin=NMOS*.B3-5
Added Pin To Net: NetName=B-4 Pin=NMOS*.B3-5
Added Pin To Net: NetName=B-4 Pin=NMOS*.B4-1
Added Pin To Net: NetName=B-4 Pin=NMOS*.B4-1
Added Pin To Net: NetName=B-4 Pin=NMOS*.B4-1
Added Pin To Net: NetName=B-4 Pin=PMos.B3-5
Added Pin To Net: NetName=B-4 Pin=PMos.B3-5
Added Pin To Net: NetName=B-4 Pin=PMos.B3-5
Added Pin To Net: NetName=B-4 Pin=PMos.B3-5
Added Pin To Net: NetName=B-4 Pin=R3.B3-2
Added Pin To Net: NetName=B-4 Pin=R3.B4-1
Added Pin To Net: NetName=B-4 Pin=R4.B4-1
Added Pin To Net: NetName=B-4 Pin=R5.B4-1
Added Pin To Net: NetName=B-4 Pin=R8.B4-1
Added Pin To Net: NetName=B-4 Pin=R11.B4-1
Added Pin To Net: NetName=B-4 Pin=R12.B4-1
Added Net: Name=B-4
Added Pin To Net: NetName=B-5 Pin=Batt.B5-N
Added Pin To Net: NetName=B-5 Pin=Batt.B5-N
Added Pin To Net: NetName=B-5 Pin=Batt.B5-N
Added Pin To Net: NetName=B-5 Pin=LEDDriver.B5-2
Added Pin To Net: NetName=B-5 Pin=NMOS*.B4-5
Added Pin To Net: NetName=B-5 Pin=NMOS*.B4-5
Added Pin To Net: NetName=B-5 Pin=NMOS*.B4-5
Added Pin To Net: NetName=B-5 Pin=NMOS*.B4-5
Added Pin To Net: NetName=B-5 Pin=NMOS*.B5-1
Added Pin To Net: NetName=B-5 Pin=NMOS*.B5-1
Added Pin To Net: NetName=B-5 Pin=NMOS*.B5-1
Added Pin To Net: NetName=B-5 Pin=PMos.B4-5
Added Pin To Net: NetName=B-5 Pin=PMos.B4-5
Added Pin To Net: NetName=B-5 Pin=PMos.B4-5
Added Pin To Net: NetName=B-5 Pin=PMos.B4-5
Added Pin To Net: NetName=B-5 Pin=R3.B4-2
Added Pin To Net: NetName=B-5 Pin=R3.B5-1
Added Pin To Net: NetName=B-5 Pin=R4.B5-1
Added Pin To Net: NetName=B-5 Pin=R5.B5-1
Added Pin To Net: NetName=B-5 Pin=R8.B5-1
Added Pin To Net: NetName=B-5 Pin=R11.B5-1
Added Pin To Net: NetName=B-5 Pin=R12.B5-1
Added Net: Name=B-5
Added Pin To Net: NetName=B-6 Pin=Batt.B6-N
Added Pin To Net: NetName=B-6 Pin=Batt.B6-N
Added Pin To Net: NetName=B-6 Pin=Batt.B6-N
Added Pin To Net: NetName=B-6 Pin=LEDDriver.B6-2
Added Pin To Net: NetName=B-6 Pin=NMOS*.B5-5
Added Pin To Net: NetName=B-6 Pin=NMOS*.B5-5
Added Pin To Net: NetName=B-6 Pin=NMOS*.B5-5
Added Pin To Net: NetName=B-6 Pin=NMOS*.B5-5
Added Pin To Net: NetName=B-6 Pin=NMOS*.B6-1
Added Pin To Net: NetName=B-6 Pin=NMOS*.B6-1
Added Pin To Net: NetName=B-6 Pin=NMOS*.B6-1
Added Pin To Net: NetName=B-6 Pin=PMos.B5-5
Added Pin To Net: NetName=B-6 Pin=PMos.B5-5
Added Pin To Net: NetName=B-6 Pin=PMos.B5-5
Added Pin To Net: NetName=B-6 Pin=PMos.B5-5
Added Pin To Net: NetName=B-6 Pin=R3.B5-2
Added Pin To Net: NetName=B-6 Pin=R3.B6-1
Added Pin To Net: NetName=B-6 Pin=R4.B6-1
Added Pin To Net: NetName=B-6 Pin=R5.B6-1
Added Pin To Net: NetName=B-6 Pin=R8.B6-1
Added Pin To Net: NetName=B-6 Pin=R11.B6-1
Added Pin To Net: NetName=B-6 Pin=R12.B6-1
Added Net: Name=B-6
Added Pin To Net: NetName=B_OUT6 Pin=NMOS*.B6-5
Added Pin To Net: NetName=B_OUT6 Pin=NMOS*.B6-5
Added Pin To Net: NetName=B_OUT6 Pin=NMOS*.B6-5
Added Pin To Net: NetName=B_OUT6 Pin=NMOS*.B6-5
Added Pin To Net: NetName=B_OUT6 Pin=PMos.B6-5
Added Pin To Net: NetName=B_OUT6 Pin=PMos.B6-5
Added Pin To Net: NetName=B_OUT6 Pin=PMos.B6-5
Added Pin To Net: NetName=B_OUT6 Pin=PMos.B6-5
Added Pin To Net: NetName=B_OUT6 Pin=R3.B6-2
Added Pin To Net: NetName=B_OUT6 Pin=R14-1
Added Net: Name=B_OUT6
Added Pin To Net: NetName=GND Pin=*1-21
Added Pin To Net: NetName=GND Pin=MP1-13
Added Pin To Net: NetName=GND Pin=MP1-12
Added Pin To Net: NetName=GND Pin=R27-1
Added Pin To Net: NetName=GND Pin=R28-1
Added Pin To Net: NetName=GND Pin=R29-1
Added Pin To Net: NetName=GND Pin=R30-1
Added Pin To Net: NetName=GND Pin=R31-1
Added Pin To Net: NetName=GND Pin=R32-1
Added Pin To Net: NetName=GND Pin=R33-1
Added Pin To Net: NetName=GND Pin=R34-1
Added Pin To Net: NetName=GND Pin=R35-1
Added Pin To Net: NetName=GND Pin=R36-1
Added Pin To Net: NetName=GND Pin=R37-1
Added Pin To Net: NetName=GND Pin=R38-1
Added Pin To Net: NetName=GND Pin=R39-1
Added Pin To Net: NetName=GND Pin=R40-1
Added Net: Name=GND
Added Pin To Net: NetName=MP_A1 Pin=*1-31
Added Pin To Net: NetName=MP_A1 Pin=MP1-10
Added Net: Name=MP_A1
Added Pin To Net: NetName=MP_A2 Pin=*1-30
Added Pin To Net: NetName=MP_A2 Pin=MP1-11
Added Net: Name=MP_A2
Added Pin To Net: NetName=MP_A3 Pin=*1-29
Added Pin To Net: NetName=MP_A3 Pin=MP1-14
Added Net: Name=MP_A3
Added Pin To Net: NetName=NCTRL1 Pin=OC_1.B1-2
Added Net: Name=NCTRL1
Added Pin To Net: NetName=NCTRL2 Pin=OC_1.B2-2
Added Net: Name=NCTRL2
Added Pin To Net: NetName=NCTRL3 Pin=OC_1.B3-2
Added Net: Name=NCTRL3
Added Pin To Net: NetName=NCTRL4 Pin=OC_1.B4-2
Added Net: Name=NCTRL4
Added Pin To Net: NetName=NCTRL5 Pin=OC_1.B5-2
Added Net: Name=NCTRL5
Added Pin To Net: NetName=NCTRL6 Pin=OC_1.B6-2
Added Net: Name=NCTRL6
Added Pin To Net: NetName=NetD.B1_2 Pin=D.B1-2
Added Pin To Net: NetName=NetD.B1_2 Pin=LEDDriver.B1-16
Added Net: Name=NetD.B1_2
Added Pin To Net: NetName=NetD.B1_4 Pin=D.B1-4
Added Pin To Net: NetName=NetD.B1_4 Pin=LEDDriver.B1-15
Added Net: Name=NetD.B1_4
Added Pin To Net: NetName=NetD.B1_6 Pin=D.B1-6
Added Pin To Net: NetName=NetD.B1_6 Pin=LEDDriver.B1-14
Added Net: Name=NetD.B1_6
Added Pin To Net: NetName=NetD.B1_8 Pin=D.B1-8
Added Pin To Net: NetName=NetD.B1_8 Pin=LEDDriver.B1-13
Added Net: Name=NetD.B1_8
Added Pin To Net: NetName=NetD.B1_10 Pin=D.B1-10
Added Pin To Net: NetName=NetD.B1_10 Pin=LEDDriver.B1-12
Added Net: Name=NetD.B1_10
Added Pin To Net: NetName=NetD.B1_12 Pin=D.B1-12
Added Pin To Net: NetName=NetD.B1_12 Pin=LEDDriver.B1-11
Added Net: Name=NetD.B1_12
Added Pin To Net: NetName=NetD.B1_14 Pin=D.B1-14
Added Pin To Net: NetName=NetD.B1_14 Pin=LEDDriver.B1-10
Added Net: Name=NetD.B1_14
Added Pin To Net: NetName=NetD.B2_2 Pin=D.B2-2
Added Pin To Net: NetName=NetD.B2_2 Pin=LEDDriver.B2-16
Added Net: Name=NetD.B2_2
Added Pin To Net: NetName=NetD.B2_4 Pin=D.B2-4
Added Pin To Net: NetName=NetD.B2_4 Pin=LEDDriver.B2-15
Added Net: Name=NetD.B2_4
Added Pin To Net: NetName=NetD.B2_6 Pin=D.B2-6
Added Pin To Net: NetName=NetD.B2_6 Pin=LEDDriver.B2-14
Added Net: Name=NetD.B2_6
Added Pin To Net: NetName=NetD.B2_8 Pin=D.B2-8
Added Pin To Net: NetName=NetD.B2_8 Pin=LEDDriver.B2-13
Added Net: Name=NetD.B2_8
Added Pin To Net: NetName=NetD.B2_10 Pin=D.B2-10
Added Pin To Net: NetName=NetD.B2_10 Pin=LEDDriver.B2-12
Added Net: Name=NetD.B2_10
Added Pin To Net: NetName=NetD.B2_12 Pin=D.B2-12
Added Pin To Net: NetName=NetD.B2_12 Pin=LEDDriver.B2-11
Added Net: Name=NetD.B2_12
Added Pin To Net: NetName=NetD.B2_14 Pin=D.B2-14
Added Pin To Net: NetName=NetD.B2_14 Pin=LEDDriver.B2-10
Added Net: Name=NetD.B2_14
Added Pin To Net: NetName=NetD.B3_2 Pin=D.B3-2
Added Pin To Net: NetName=NetD.B3_2 Pin=LEDDriver.B3-16
Added Net: Name=NetD.B3_2
Added Pin To Net: NetName=NetD.B3_4 Pin=D.B3-4
Added Pin To Net: NetName=NetD.B3_4 Pin=LEDDriver.B3-15
Added Net: Name=NetD.B3_4
Added Pin To Net: NetName=NetD.B3_6 Pin=D.B3-6
Added Pin To Net: NetName=NetD.B3_6 Pin=LEDDriver.B3-14
Added Net: Name=NetD.B3_6
Added Pin To Net: NetName=NetD.B3_8 Pin=D.B3-8
Added Pin To Net: NetName=NetD.B3_8 Pin=LEDDriver.B3-13
Added Net: Name=NetD.B3_8
Added Pin To Net: NetName=NetD.B3_10 Pin=D.B3-10
Added Pin To Net: NetName=NetD.B3_10 Pin=LEDDriver.B3-12
Added Net: Name=NetD.B3_10
Added Pin To Net: NetName=NetD.B3_12 Pin=D.B3-12
Added Pin To Net: NetName=NetD.B3_12 Pin=LEDDriver.B3-11
Added Net: Name=NetD.B3_12
Added Pin To Net: NetName=NetD.B3_14 Pin=D.B3-14
Added Pin To Net: NetName=NetD.B3_14 Pin=LEDDriver.B3-10
Added Net: Name=NetD.B3_14
Added Pin To Net: NetName=NetD.B4_2 Pin=D.B4-2
Added Pin To Net: NetName=NetD.B4_2 Pin=LEDDriver.B4-16
Added Net: Name=NetD.B4_2
Added Pin To Net: NetName=NetD.B4_4 Pin=D.B4-4
Added Pin To Net: NetName=NetD.B4_4 Pin=LEDDriver.B4-15
Added Net: Name=NetD.B4_4
Added Pin To Net: NetName=NetD.B4_6 Pin=D.B4-6
Added Pin To Net: NetName=NetD.B4_6 Pin=LEDDriver.B4-14
Added Net: Name=NetD.B4_6
Added Pin To Net: NetName=NetD.B4_8 Pin=D.B4-8
Added Pin To Net: NetName=NetD.B4_8 Pin=LEDDriver.B4-13
Added Net: Name=NetD.B4_8
Added Pin To Net: NetName=NetD.B4_10 Pin=D.B4-10
Added Pin To Net: NetName=NetD.B4_10 Pin=LEDDriver.B4-12
Added Net: Name=NetD.B4_10
Added Pin To Net: NetName=NetD.B4_12 Pin=D.B4-12
Added Pin To Net: NetName=NetD.B4_12 Pin=LEDDriver.B4-11
Added Net: Name=NetD.B4_12
Added Pin To Net: NetName=NetD.B4_14 Pin=D.B4-14
Added Pin To Net: NetName=NetD.B4_14 Pin=LEDDriver.B4-10
Added Net: Name=NetD.B4_14
Added Pin To Net: NetName=NetD.B5_2 Pin=D.B5-2
Added Pin To Net: NetName=NetD.B5_2 Pin=LEDDriver.B5-16
Added Net: Name=NetD.B5_2
Added Pin To Net: NetName=NetD.B5_4 Pin=D.B5-4
Added Pin To Net: NetName=NetD.B5_4 Pin=LEDDriver.B5-15
Added Net: Name=NetD.B5_4
Added Pin To Net: NetName=NetD.B5_6 Pin=D.B5-6
Added Pin To Net: NetName=NetD.B5_6 Pin=LEDDriver.B5-14
Added Net: Name=NetD.B5_6
Added Pin To Net: NetName=NetD.B5_8 Pin=D.B5-8
Added Pin To Net: NetName=NetD.B5_8 Pin=LEDDriver.B5-13
Added Net: Name=NetD.B5_8
Added Pin To Net: NetName=NetD.B5_10 Pin=D.B5-10
Added Pin To Net: NetName=NetD.B5_10 Pin=LEDDriver.B5-12
Added Net: Name=NetD.B5_10
Added Pin To Net: NetName=NetD.B5_12 Pin=D.B5-12
Added Pin To Net: NetName=NetD.B5_12 Pin=LEDDriver.B5-11
Added Net: Name=NetD.B5_12
Added Pin To Net: NetName=NetD.B5_14 Pin=D.B5-14
Added Pin To Net: NetName=NetD.B5_14 Pin=LEDDriver.B5-10
Added Net: Name=NetD.B5_14
Added Pin To Net: NetName=NetD.B6_2 Pin=D.B6-2
Added Pin To Net: NetName=NetD.B6_2 Pin=LEDDriver.B6-16
Added Net: Name=NetD.B6_2
Added Pin To Net: NetName=NetD.B6_4 Pin=D.B6-4
Added Pin To Net: NetName=NetD.B6_4 Pin=LEDDriver.B6-15
Added Net: Name=NetD.B6_4
Added Pin To Net: NetName=NetD.B6_6 Pin=D.B6-6
Added Pin To Net: NetName=NetD.B6_6 Pin=LEDDriver.B6-14
Added Net: Name=NetD.B6_6
Added Pin To Net: NetName=NetD.B6_8 Pin=D.B6-8
Added Pin To Net: NetName=NetD.B6_8 Pin=LEDDriver.B6-13
Added Net: Name=NetD.B6_8
Added Pin To Net: NetName=NetD.B6_10 Pin=D.B6-10
Added Pin To Net: NetName=NetD.B6_10 Pin=LEDDriver.B6-12
Added Net: Name=NetD.B6_10
Added Pin To Net: NetName=NetD.B6_12 Pin=D.B6-12
Added Pin To Net: NetName=NetD.B6_12 Pin=LEDDriver.B6-11
Added Net: Name=NetD.B6_12
Added Pin To Net: NetName=NetD.B6_14 Pin=D.B6-14
Added Pin To Net: NetName=NetD.B6_14 Pin=LEDDriver.B6-10
Added Net: Name=NetD.B6_14
Added Pin To Net: NetName=NetLEDDriver.B1_3 Pin=LEDDriver.B1-3
Added Pin To Net: NetName=NetLEDDriver.B1_3 Pin=LEDDriver.B1-9
Added Net: Name=NetLEDDriver.B1_3
Added Pin To Net: NetName=NetLEDDriver.B1_4 Pin=LEDDriver.B1-4
Added Pin To Net: NetName=NetLEDDriver.B1_4 Pin=R9.B1-1
Added Pin To Net: NetName=NetLEDDriver.B1_4 Pin=R11.B1-2
Added Net: Name=NetLEDDriver.B1_4
Added Pin To Net: NetName=NetLEDDriver.B1_5 Pin=LEDDriver.B1-5
Added Pin To Net: NetName=NetLEDDriver.B1_5 Pin=R7.B1-1
Added Pin To Net: NetName=NetLEDDriver.B1_5 Pin=R8.B1-2
Added Net: Name=NetLEDDriver.B1_5
Added Pin To Net: NetName=NetLEDDriver.B1_6 Pin=LEDDriver.B1-6
Added Pin To Net: NetName=NetLEDDriver.B1_6 Pin=LEDDriver.B1-7
Added Pin To Net: NetName=NetLEDDriver.B1_6 Pin=R9.B1-2
Added Pin To Net: NetName=NetLEDDriver.B1_6 Pin=R10.B1-2
Added Net: Name=NetLEDDriver.B1_6
Added Pin To Net: NetName=NetLEDDriver.B1_8 Pin=LEDDriver.B1-8
Added Pin To Net: NetName=NetLEDDriver.B1_8 Pin=R10.B1-1
Added Pin To Net: NetName=NetLEDDriver.B1_8 Pin=R12.B1-2
Added Net: Name=NetLEDDriver.B1_8
Added Pin To Net: NetName=NetLEDDriver.B2_3 Pin=LEDDriver.B2-3
Added Pin To Net: NetName=NetLEDDriver.B2_3 Pin=LEDDriver.B2-9
Added Net: Name=NetLEDDriver.B2_3
Added Pin To Net: NetName=NetLEDDriver.B2_4 Pin=LEDDriver.B2-4
Added Pin To Net: NetName=NetLEDDriver.B2_4 Pin=R9.B2-1
Added Pin To Net: NetName=NetLEDDriver.B2_4 Pin=R11.B2-2
Added Net: Name=NetLEDDriver.B2_4
Added Pin To Net: NetName=NetLEDDriver.B2_5 Pin=LEDDriver.B2-5
Added Pin To Net: NetName=NetLEDDriver.B2_5 Pin=R7.B2-1
Added Pin To Net: NetName=NetLEDDriver.B2_5 Pin=R8.B2-2
Added Net: Name=NetLEDDriver.B2_5
Added Pin To Net: NetName=NetLEDDriver.B2_6 Pin=LEDDriver.B2-6
Added Pin To Net: NetName=NetLEDDriver.B2_6 Pin=LEDDriver.B2-7
Added Pin To Net: NetName=NetLEDDriver.B2_6 Pin=R9.B2-2
Added Pin To Net: NetName=NetLEDDriver.B2_6 Pin=R10.B2-2
Added Net: Name=NetLEDDriver.B2_6
Added Pin To Net: NetName=NetLEDDriver.B2_8 Pin=LEDDriver.B2-8
Added Pin To Net: NetName=NetLEDDriver.B2_8 Pin=R10.B2-1
Added Pin To Net: NetName=NetLEDDriver.B2_8 Pin=R12.B2-2
Added Net: Name=NetLEDDriver.B2_8
Added Pin To Net: NetName=NetLEDDriver.B3_3 Pin=LEDDriver.B3-3
Added Pin To Net: NetName=NetLEDDriver.B3_3 Pin=LEDDriver.B3-9
Added Net: Name=NetLEDDriver.B3_3
Added Pin To Net: NetName=NetLEDDriver.B3_4 Pin=LEDDriver.B3-4
Added Pin To Net: NetName=NetLEDDriver.B3_4 Pin=R9.B3-1
Added Pin To Net: NetName=NetLEDDriver.B3_4 Pin=R11.B3-2
Added Net: Name=NetLEDDriver.B3_4
Added Pin To Net: NetName=NetLEDDriver.B3_5 Pin=LEDDriver.B3-5
Added Pin To Net: NetName=NetLEDDriver.B3_5 Pin=R7.B3-1
Added Pin To Net: NetName=NetLEDDriver.B3_5 Pin=R8.B3-2
Added Net: Name=NetLEDDriver.B3_5
Added Pin To Net: NetName=NetLEDDriver.B3_6 Pin=LEDDriver.B3-6
Added Pin To Net: NetName=NetLEDDriver.B3_6 Pin=LEDDriver.B3-7
Added Pin To Net: NetName=NetLEDDriver.B3_6 Pin=R9.B3-2
Added Pin To Net: NetName=NetLEDDriver.B3_6 Pin=R10.B3-2
Added Net: Name=NetLEDDriver.B3_6
Added Pin To Net: NetName=NetLEDDriver.B3_8 Pin=LEDDriver.B3-8
Added Pin To Net: NetName=NetLEDDriver.B3_8 Pin=R10.B3-1
Added Pin To Net: NetName=NetLEDDriver.B3_8 Pin=R12.B3-2
Added Net: Name=NetLEDDriver.B3_8
Added Pin To Net: NetName=NetLEDDriver.B4_3 Pin=LEDDriver.B4-3
Added Pin To Net: NetName=NetLEDDriver.B4_3 Pin=LEDDriver.B4-9
Added Net: Name=NetLEDDriver.B4_3
Added Pin To Net: NetName=NetLEDDriver.B4_4 Pin=LEDDriver.B4-4
Added Pin To Net: NetName=NetLEDDriver.B4_4 Pin=R9.B4-1
Added Pin To Net: NetName=NetLEDDriver.B4_4 Pin=R11.B4-2
Added Net: Name=NetLEDDriver.B4_4
Added Pin To Net: NetName=NetLEDDriver.B4_5 Pin=LEDDriver.B4-5
Added Pin To Net: NetName=NetLEDDriver.B4_5 Pin=R7.B4-1
Added Pin To Net: NetName=NetLEDDriver.B4_5 Pin=R8.B4-2
Added Net: Name=NetLEDDriver.B4_5
Added Pin To Net: NetName=NetLEDDriver.B4_6 Pin=LEDDriver.B4-6
Added Pin To Net: NetName=NetLEDDriver.B4_6 Pin=LEDDriver.B4-7
Added Pin To Net: NetName=NetLEDDriver.B4_6 Pin=R9.B4-2
Added Pin To Net: NetName=NetLEDDriver.B4_6 Pin=R10.B4-2
Added Net: Name=NetLEDDriver.B4_6
Added Pin To Net: NetName=NetLEDDriver.B4_8 Pin=LEDDriver.B4-8
Added Pin To Net: NetName=NetLEDDriver.B4_8 Pin=R10.B4-1
Added Pin To Net: NetName=NetLEDDriver.B4_8 Pin=R12.B4-2
Added Net: Name=NetLEDDriver.B4_8
Added Pin To Net: NetName=NetLEDDriver.B5_3 Pin=LEDDriver.B5-3
Added Pin To Net: NetName=NetLEDDriver.B5_3 Pin=LEDDriver.B5-9
Added Net: Name=NetLEDDriver.B5_3
Added Pin To Net: NetName=NetLEDDriver.B5_4 Pin=LEDDriver.B5-4
Added Pin To Net: NetName=NetLEDDriver.B5_4 Pin=R9.B5-1
Added Pin To Net: NetName=NetLEDDriver.B5_4 Pin=R11.B5-2
Added Net: Name=NetLEDDriver.B5_4
Added Pin To Net: NetName=NetLEDDriver.B5_5 Pin=LEDDriver.B5-5
Added Pin To Net: NetName=NetLEDDriver.B5_5 Pin=R7.B5-1
Added Pin To Net: NetName=NetLEDDriver.B5_5 Pin=R8.B5-2
Added Net: Name=NetLEDDriver.B5_5
Added Pin To Net: NetName=NetLEDDriver.B5_6 Pin=LEDDriver.B5-6
Added Pin To Net: NetName=NetLEDDriver.B5_6 Pin=LEDDriver.B5-7
Added Pin To Net: NetName=NetLEDDriver.B5_6 Pin=R9.B5-2
Added Pin To Net: NetName=NetLEDDriver.B5_6 Pin=R10.B5-2
Added Net: Name=NetLEDDriver.B5_6
Added Pin To Net: NetName=NetLEDDriver.B5_8 Pin=LEDDriver.B5-8
Added Pin To Net: NetName=NetLEDDriver.B5_8 Pin=R10.B5-1
Added Pin To Net: NetName=NetLEDDriver.B5_8 Pin=R12.B5-2
Added Net: Name=NetLEDDriver.B5_8
Added Pin To Net: NetName=NetLEDDriver.B6_3 Pin=LEDDriver.B6-3
Added Pin To Net: NetName=NetLEDDriver.B6_3 Pin=LEDDriver.B6-9
Added Net: Name=NetLEDDriver.B6_3
Added Pin To Net: NetName=NetLEDDriver.B6_4 Pin=LEDDriver.B6-4
Added Pin To Net: NetName=NetLEDDriver.B6_4 Pin=R9.B6-1
Added Pin To Net: NetName=NetLEDDriver.B6_4 Pin=R11.B6-2
Added Net: Name=NetLEDDriver.B6_4
Added Pin To Net: NetName=NetLEDDriver.B6_5 Pin=LEDDriver.B6-5
Added Pin To Net: NetName=NetLEDDriver.B6_5 Pin=R7.B6-1
Added Pin To Net: NetName=NetLEDDriver.B6_5 Pin=R8.B6-2
Added Net: Name=NetLEDDriver.B6_5
Added Pin To Net: NetName=NetLEDDriver.B6_6 Pin=LEDDriver.B6-6
Added Pin To Net: NetName=NetLEDDriver.B6_6 Pin=LEDDriver.B6-7
Added Pin To Net: NetName=NetLEDDriver.B6_6 Pin=R9.B6-2
Added Pin To Net: NetName=NetLEDDriver.B6_6 Pin=R10.B6-2
Added Net: Name=NetLEDDriver.B6_6
Added Pin To Net: NetName=NetLEDDriver.B6_8 Pin=LEDDriver.B6-8
Added Pin To Net: NetName=NetLEDDriver.B6_8 Pin=R10.B6-1
Added Pin To Net: NetName=NetLEDDriver.B6_8 Pin=R12.B6-2
Added Net: Name=NetLEDDriver.B6_8
Added Pin To Net: NetName=NetMP1_x0 Pin=MP1-9
Added Pin To Net: NetName=NetMP1_x0 Pin=R25-2
Added Pin To Net: NetName=NetMP1_x0 Pin=R27-2
Added Net: Name=NetMP1_x0
Added Pin To Net: NetName=NetMP1_x1 Pin=MP1-8
Added Pin To Net: NetName=NetMP1_x1 Pin=R24-2
Added Pin To Net: NetName=NetMP1_x1 Pin=R28-2
Added Net: Name=NetMP1_x1
Added Pin To Net: NetName=NetMP1_x2 Pin=MP1-7
Added Pin To Net: NetName=NetMP1_x2 Pin=R22-2
Added Pin To Net: NetName=NetMP1_x2 Pin=R29-2
Added Net: Name=NetMP1_x2
Added Pin To Net: NetName=NetMP1_x3 Pin=MP1-6
Added Pin To Net: NetName=NetMP1_x3 Pin=R20-2
Added Pin To Net: NetName=NetMP1_x3 Pin=R30-2
Added Net: Name=NetMP1_x3
Added Pin To Net: NetName=NetMP1_x4 Pin=MP1-5
Added Pin To Net: NetName=NetMP1_x4 Pin=R18-2
Added Pin To Net: NetName=NetMP1_x4 Pin=R31-2
Added Net: Name=NetMP1_x4
Added Pin To Net: NetName=NetMP1_x5 Pin=MP1-4
Added Pin To Net: NetName=NetMP1_x5 Pin=R16-2
Added Pin To Net: NetName=NetMP1_x5 Pin=R32-2
Added Net: Name=NetMP1_x5
Added Pin To Net: NetName=NetMP1_x6 Pin=MP1-3
Added Pin To Net: NetName=NetMP1_x6 Pin=R14-2
Added Pin To Net: NetName=NetMP1_x6 Pin=R33-2
Added Net: Name=NetMP1_x6
Added Pin To Net: NetName=NetMP1_y0 Pin=MP1-23
Added Pin To Net: NetName=NetMP1_y0 Pin=R13-2
Added Pin To Net: NetName=NetMP1_y0 Pin=R34-2
Added Net: Name=NetMP1_y0
Added Pin To Net: NetName=NetMP1_y1 Pin=MP1-22
Added Pin To Net: NetName=NetMP1_y1 Pin=R15-2
Added Pin To Net: NetName=NetMP1_y1 Pin=R35-2
Added Net: Name=NetMP1_y1
Added Pin To Net: NetName=NetMP1_y2 Pin=MP1-21
Added Pin To Net: NetName=NetMP1_y2 Pin=R17-2
Added Pin To Net: NetName=NetMP1_y2 Pin=R36-2
Added Net: Name=NetMP1_y2
Added Pin To Net: NetName=NetMP1_y3 Pin=MP1-20
Added Pin To Net: NetName=NetMP1_y3 Pin=R19-2
Added Pin To Net: NetName=NetMP1_y3 Pin=R37-2
Added Net: Name=NetMP1_y3
Added Pin To Net: NetName=NetMP1_y4 Pin=MP1-19
Added Pin To Net: NetName=NetMP1_y4 Pin=R21-2
Added Pin To Net: NetName=NetMP1_y4 Pin=R38-2
Added Net: Name=NetMP1_y4
Added Pin To Net: NetName=NetMP1_y5 Pin=MP1-18
Added Pin To Net: NetName=NetMP1_y5 Pin=R23-2
Added Pin To Net: NetName=NetMP1_y5 Pin=R39-2
Added Net: Name=NetMP1_y5
Added Pin To Net: NetName=NetMP1_y6 Pin=MP1-16
Added Pin To Net: NetName=NetMP1_y6 Pin=R26-2
Added Pin To Net: NetName=NetMP1_y6 Pin=R40-2
Added Net: Name=NetMP1_y6
Added Pin To Net: NetName=NetNMOS*.B1_1 Pin=NMOS*.B1-4
Added Pin To Net: NetName=NetNMOS*.B1_1 Pin=OC_1.B1-4
Added Pin To Net: NetName=NetNMOS*.B1_1 Pin=R2.B1-1
Added Net: Name=NetNMOS*.B1_1
Added Pin To Net: NetName=NetNMOS*.B2_1 Pin=NMOS*.B2-4
Added Pin To Net: NetName=NetNMOS*.B2_1 Pin=OC_1.B2-4
Added Pin To Net: NetName=NetNMOS*.B2_1 Pin=R2.B2-1
Added Net: Name=NetNMOS*.B2_1
Added Pin To Net: NetName=NetNMOS*.B3_1 Pin=NMOS*.B3-4
Added Pin To Net: NetName=NetNMOS*.B3_1 Pin=OC_1.B3-4
Added Pin To Net: NetName=NetNMOS*.B3_1 Pin=R2.B3-1
Added Net: Name=NetNMOS*.B3_1
Added Pin To Net: NetName=NetNMOS*.B4_1 Pin=NMOS*.B4-4
Added Pin To Net: NetName=NetNMOS*.B4_1 Pin=OC_1.B4-4
Added Pin To Net: NetName=NetNMOS*.B4_1 Pin=R2.B4-1
Added Net: Name=NetNMOS*.B4_1
Added Pin To Net: NetName=NetNMOS*.B5_1 Pin=NMOS*.B5-4
Added Pin To Net: NetName=NetNMOS*.B5_1 Pin=OC_1.B5-4
Added Pin To Net: NetName=NetNMOS*.B5_1 Pin=R2.B5-1
Added Net: Name=NetNMOS*.B5_1
Added Pin To Net: NetName=NetNMOS*.B6_1 Pin=NMOS*.B6-4
Added Pin To Net: NetName=NetNMOS*.B6_1 Pin=OC_1.B6-4
Added Pin To Net: NetName=NetNMOS*.B6_1 Pin=R2.B6-1
Added Net: Name=NetNMOS*.B6_1
Added Pin To Net: NetName=NetOC_1.B1_3 Pin=OC_1.B1-3
Added Pin To Net: NetName=NetOC_1.B1_3 Pin=R5.B1-2
Added Net: Name=NetOC_1.B1_3
Added Pin To Net: NetName=NetOC_1.B2_3 Pin=OC_1.B2-3
Added Pin To Net: NetName=NetOC_1.B2_3 Pin=R5.B2-2
Added Net: Name=NetOC_1.B2_3
Added Pin To Net: NetName=NetOC_1.B3_3 Pin=OC_1.B3-3
Added Pin To Net: NetName=NetOC_1.B3_3 Pin=R5.B3-2
Added Net: Name=NetOC_1.B3_3
Added Pin To Net: NetName=NetOC_1.B4_3 Pin=OC_1.B4-3
Added Pin To Net: NetName=NetOC_1.B4_3 Pin=R5.B4-2
Added Net: Name=NetOC_1.B4_3
Added Pin To Net: NetName=NetOC_1.B5_3 Pin=OC_1.B5-3
Added Pin To Net: NetName=NetOC_1.B5_3 Pin=R5.B5-2
Added Net: Name=NetOC_1.B5_3
Added Pin To Net: NetName=NetOC_1.B6_3 Pin=OC_1.B6-3
Added Pin To Net: NetName=NetOC_1.B6_3 Pin=R5.B6-2
Added Net: Name=NetOC_1.B6_3
Added Pin To Net: NetName=NetOC_2.B1_3 Pin=OC_2.B1-3
Added Pin To Net: NetName=NetOC_2.B1_3 Pin=R4.B1-2
Added Net: Name=NetOC_2.B1_3
Added Pin To Net: NetName=NetOC_2.B1_4 Pin=OC_2.B1-4
Added Pin To Net: NetName=NetOC_2.B1_4 Pin=PMos.B1-4
Added Pin To Net: NetName=NetOC_2.B1_4 Pin=R1.B1-1
Added Net: Name=NetOC_2.B1_4
Added Pin To Net: NetName=NetOC_2.B2_3 Pin=OC_2.B2-3
Added Pin To Net: NetName=NetOC_2.B2_3 Pin=R4.B2-2
Added Net: Name=NetOC_2.B2_3
Added Pin To Net: NetName=NetOC_2.B2_4 Pin=OC_2.B2-4
Added Pin To Net: NetName=NetOC_2.B2_4 Pin=PMos.B2-4
Added Pin To Net: NetName=NetOC_2.B2_4 Pin=R1.B2-1
Added Net: Name=NetOC_2.B2_4
Added Pin To Net: NetName=NetOC_2.B3_3 Pin=OC_2.B3-3
Added Pin To Net: NetName=NetOC_2.B3_3 Pin=R4.B3-2
Added Net: Name=NetOC_2.B3_3
Added Pin To Net: NetName=NetOC_2.B3_4 Pin=OC_2.B3-4
Added Pin To Net: NetName=NetOC_2.B3_4 Pin=PMos.B3-4
Added Pin To Net: NetName=NetOC_2.B3_4 Pin=R1.B3-1
Added Net: Name=NetOC_2.B3_4
Added Pin To Net: NetName=NetOC_2.B4_3 Pin=OC_2.B4-3
Added Pin To Net: NetName=NetOC_2.B4_3 Pin=R4.B4-2
Added Net: Name=NetOC_2.B4_3
Added Pin To Net: NetName=NetOC_2.B4_4 Pin=OC_2.B4-4
Added Pin To Net: NetName=NetOC_2.B4_4 Pin=PMos.B4-4
Added Pin To Net: NetName=NetOC_2.B4_4 Pin=R1.B4-1
Added Net: Name=NetOC_2.B4_4
Added Pin To Net: NetName=NetOC_2.B5_3 Pin=OC_2.B5-3
Added Pin To Net: NetName=NetOC_2.B5_3 Pin=R4.B5-2
Added Net: Name=NetOC_2.B5_3
Added Pin To Net: NetName=NetOC_2.B5_4 Pin=OC_2.B5-4
Added Pin To Net: NetName=NetOC_2.B5_4 Pin=PMos.B5-4
Added Pin To Net: NetName=NetOC_2.B5_4 Pin=R1.B5-1
Added Net: Name=NetOC_2.B5_4
Added Pin To Net: NetName=NetOC_2.B6_3 Pin=OC_2.B6-3
Added Pin To Net: NetName=NetOC_2.B6_3 Pin=R4.B6-2
Added Net: Name=NetOC_2.B6_3
Added Pin To Net: NetName=NetOC_2.B6_4 Pin=OC_2.B6-4
Added Pin To Net: NetName=NetOC_2.B6_4 Pin=PMos.B6-4
Added Pin To Net: NetName=NetOC_2.B6_4 Pin=R1.B6-1
Added Net: Name=NetOC_2.B6_4
Added Pin To Net: NetName=NetR6.B1_1 Pin=R6.B1-1
Added Pin To Net: NetName=NetR6.B1_1 Pin=R7.B1-2
Added Net: Name=NetR6.B1_1
Added Pin To Net: NetName=NetR6.B2_1 Pin=R6.B2-1
Added Pin To Net: NetName=NetR6.B2_1 Pin=R7.B2-2
Added Net: Name=NetR6.B2_1
Added Pin To Net: NetName=NetR6.B3_1 Pin=R6.B3-1
Added Pin To Net: NetName=NetR6.B3_1 Pin=R7.B3-2
Added Net: Name=NetR6.B3_1
Added Pin To Net: NetName=NetR6.B4_1 Pin=R6.B4-1
Added Pin To Net: NetName=NetR6.B4_1 Pin=R7.B4-2
Added Net: Name=NetR6.B4_1
Added Pin To Net: NetName=NetR6.B5_1 Pin=R6.B5-1
Added Pin To Net: NetName=NetR6.B5_1 Pin=R7.B5-2
Added Net: Name=NetR6.B5_1
Added Pin To Net: NetName=NetR6.B6_1 Pin=R6.B6-1
Added Pin To Net: NetName=NetR6.B6_1 Pin=R7.B6-2
Added Net: Name=NetR6.B6_1
Added Pin To Net: NetName=PCTRL1 Pin=OC_2.B1-2
Added Net: Name=PCTRL1
Added Pin To Net: NetName=PCTRL2 Pin=OC_2.B2-2
Added Net: Name=PCTRL2
Added Pin To Net: NetName=PCTRL3 Pin=OC_2.B3-2
Added Net: Name=PCTRL3
Added Pin To Net: NetName=PCTRL4 Pin=OC_2.B4-2
Added Net: Name=PCTRL4
Added Pin To Net: NetName=PCTRL5 Pin=OC_2.B5-2
Added Net: Name=PCTRL5
Added Pin To Net: NetName=PCTRL6 Pin=OC_2.B6-2
Added Net: Name=PCTRL6
Added Class: Name=B1
Added Class: Name=B2
Added Class: Name=B3
Added Class: Name=B4
Added Class: Name=B5
Added Class: Name=B6
Added Class: Name=Mutliplex
Added Class: Name=u1
Added Class: Name=B+[6..1]
Added Class: Name=B-[6..1]
Added Class: Name=B_OUT[6..1]
Added Class: Name=NCTRL[6..1]
Added Class: Name=PCTRL[6..1]
Added Class: Name=BS
Added Room: Name=B1
Added Room: Name=B2
Added Room: Name=B3
Added Room: Name=B4
Added Room: Name=B5
Added Room: Name=B6
Added Room: Name=Mutliplex
Added Room: Name=u1
