Added Component: Designator=D1_Bat1(LED Strip)
Added Component: Designator=D1_Bat2(LED Strip)
Added Component: Designator=D1_Bat3(LED Strip)
Added Component: Designator=D1_Bat4(LED Strip)
Added Component: Designator=D1_Bat5(LED Strip)
Added Component: Designator=D1_Bat6(LED Strip)
Added Component: Designator=LEDDriver_Bat1(DIP18)
Added Component: Designator=LEDDriver_Bat2(DIP18)
Added Component: Designator=LEDDriver_Bat3(DIP18)
Added Component: Designator=LEDDriver_Bat4(DIP18)
Added Component: Designator=LEDDriver_Bat5(DIP18)
Added Component: Designator=LEDDriver_Bat6(DIP18)
Added Pin To Net: NetName=B+_Bat1 Pin=D1_Bat1-1
Added Pin To Net: NetName=NetD1_Bat1_2 Pin=D1_Bat1-2
Added Pin To Net: NetName=B+_Bat1 Pin=D1_Bat1-3
Added Pin To Net: NetName=NetD1_Bat1_4 Pin=D1_Bat1-4
Added Pin To Net: NetName=B+_Bat1 Pin=D1_Bat1-5
Added Pin To Net: NetName=NetD1_Bat1_6 Pin=D1_Bat1-6
Added Pin To Net: NetName=B+_Bat1 Pin=D1_Bat1-7
Added Pin To Net: NetName=NetD1_Bat1_8 Pin=D1_Bat1-8
Added Pin To Net: NetName=B+_Bat1 Pin=D1_Bat1-9
Added Pin To Net: NetName=NetD1_Bat1_10 Pin=D1_Bat1-10
Added Pin To Net: NetName=B+_Bat1 Pin=D1_Bat1-11
Added Pin To Net: NetName=NetD1_Bat1_12 Pin=D1_Bat1-12
Added Pin To Net: NetName=B+_Bat1 Pin=D1_Bat1-13
Added Pin To Net: NetName=NetD1_Bat1_14 Pin=D1_Bat1-14
Added Pin To Net: NetName=B+_Bat1 Pin=D1_Bat1-15
Added Pin To Net: NetName=NetD1_Bat1_16 Pin=D1_Bat1-16
Added Pin To Net: NetName=B+_Bat1 Pin=D1_Bat1-17
Added Pin To Net: NetName=NetD1_Bat1_18 Pin=D1_Bat1-18
Added Pin To Net: NetName=B+_Bat1 Pin=D1_Bat1-19
Added Pin To Net: NetName=NetD1_Bat1_20 Pin=D1_Bat1-20
Added Pin To Net: NetName=B+_Bat2 Pin=D1_Bat2-1
Added Pin To Net: NetName=NetD1_Bat2_2 Pin=D1_Bat2-2
Added Pin To Net: NetName=B+_Bat2 Pin=D1_Bat2-3
Added Pin To Net: NetName=NetD1_Bat2_4 Pin=D1_Bat2-4
Added Pin To Net: NetName=B+_Bat2 Pin=D1_Bat2-5
Added Pin To Net: NetName=NetD1_Bat2_6 Pin=D1_Bat2-6
Added Pin To Net: NetName=B+_Bat2 Pin=D1_Bat2-7
Added Pin To Net: NetName=NetD1_Bat2_8 Pin=D1_Bat2-8
Added Pin To Net: NetName=B+_Bat2 Pin=D1_Bat2-9
Added Pin To Net: NetName=NetD1_Bat2_10 Pin=D1_Bat2-10
Added Pin To Net: NetName=B+_Bat2 Pin=D1_Bat2-11
Added Pin To Net: NetName=NetD1_Bat2_12 Pin=D1_Bat2-12
Added Pin To Net: NetName=B+_Bat2 Pin=D1_Bat2-13
Added Pin To Net: NetName=NetD1_Bat2_14 Pin=D1_Bat2-14
Added Pin To Net: NetName=B+_Bat2 Pin=D1_Bat2-15
Added Pin To Net: NetName=NetD1_Bat2_16 Pin=D1_Bat2-16
Added Pin To Net: NetName=B+_Bat2 Pin=D1_Bat2-17
Added Pin To Net: NetName=NetD1_Bat2_18 Pin=D1_Bat2-18
Added Pin To Net: NetName=B+_Bat2 Pin=D1_Bat2-19
Added Pin To Net: NetName=NetD1_Bat2_20 Pin=D1_Bat2-20
Added Pin To Net: NetName=B+_Bat3 Pin=D1_Bat3-1
Added Pin To Net: NetName=NetD1_Bat3_2 Pin=D1_Bat3-2
Added Pin To Net: NetName=B+_Bat3 Pin=D1_Bat3-3
Added Pin To Net: NetName=NetD1_Bat3_4 Pin=D1_Bat3-4
Added Pin To Net: NetName=B+_Bat3 Pin=D1_Bat3-5
Added Pin To Net: NetName=NetD1_Bat3_6 Pin=D1_Bat3-6
Added Pin To Net: NetName=B+_Bat3 Pin=D1_Bat3-7
Added Pin To Net: NetName=NetD1_Bat3_8 Pin=D1_Bat3-8
Added Pin To Net: NetName=B+_Bat3 Pin=D1_Bat3-9
Added Pin To Net: NetName=NetD1_Bat3_10 Pin=D1_Bat3-10
Added Pin To Net: NetName=B+_Bat3 Pin=D1_Bat3-11
Added Pin To Net: NetName=NetD1_Bat3_12 Pin=D1_Bat3-12
Added Pin To Net: NetName=B+_Bat3 Pin=D1_Bat3-13
Added Pin To Net: NetName=NetD1_Bat3_14 Pin=D1_Bat3-14
Added Pin To Net: NetName=B+_Bat3 Pin=D1_Bat3-15
Added Pin To Net: NetName=NetD1_Bat3_16 Pin=D1_Bat3-16
Added Pin To Net: NetName=B+_Bat3 Pin=D1_Bat3-17
Added Pin To Net: NetName=NetD1_Bat3_18 Pin=D1_Bat3-18
Added Pin To Net: NetName=B+_Bat3 Pin=D1_Bat3-19
Added Pin To Net: NetName=NetD1_Bat3_20 Pin=D1_Bat3-20
Added Pin To Net: NetName=B+_Bat4 Pin=D1_Bat4-1
Added Pin To Net: NetName=NetD1_Bat4_2 Pin=D1_Bat4-2
Added Pin To Net: NetName=B+_Bat4 Pin=D1_Bat4-3
Added Pin To Net: NetName=NetD1_Bat4_4 Pin=D1_Bat4-4
Added Pin To Net: NetName=B+_Bat4 Pin=D1_Bat4-5
Added Pin To Net: NetName=NetD1_Bat4_6 Pin=D1_Bat4-6
Added Pin To Net: NetName=B+_Bat4 Pin=D1_Bat4-7
Added Pin To Net: NetName=NetD1_Bat4_8 Pin=D1_Bat4-8
Added Pin To Net: NetName=B+_Bat4 Pin=D1_Bat4-9
Added Pin To Net: NetName=NetD1_Bat4_10 Pin=D1_Bat4-10
Added Pin To Net: NetName=B+_Bat4 Pin=D1_Bat4-11
Added Pin To Net: NetName=NetD1_Bat4_12 Pin=D1_Bat4-12
Added Pin To Net: NetName=B+_Bat4 Pin=D1_Bat4-13
Added Pin To Net: NetName=NetD1_Bat4_14 Pin=D1_Bat4-14
Added Pin To Net: NetName=B+_Bat4 Pin=D1_Bat4-15
Added Pin To Net: NetName=NetD1_Bat4_16 Pin=D1_Bat4-16
Added Pin To Net: NetName=B+_Bat4 Pin=D1_Bat4-17
Added Pin To Net: NetName=NetD1_Bat4_18 Pin=D1_Bat4-18
Added Pin To Net: NetName=B+_Bat4 Pin=D1_Bat4-19
Added Pin To Net: NetName=NetD1_Bat4_20 Pin=D1_Bat4-20
Added Pin To Net: NetName=B+_Bat5 Pin=D1_Bat5-1
Added Pin To Net: NetName=NetD1_Bat5_2 Pin=D1_Bat5-2
Added Pin To Net: NetName=B+_Bat5 Pin=D1_Bat5-3
Added Pin To Net: NetName=NetD1_Bat5_4 Pin=D1_Bat5-4
Added Pin To Net: NetName=B+_Bat5 Pin=D1_Bat5-5
Added Pin To Net: NetName=NetD1_Bat5_6 Pin=D1_Bat5-6
Added Pin To Net: NetName=B+_Bat5 Pin=D1_Bat5-7
Added Pin To Net: NetName=NetD1_Bat5_8 Pin=D1_Bat5-8
Added Pin To Net: NetName=B+_Bat5 Pin=D1_Bat5-9
Added Pin To Net: NetName=NetD1_Bat5_10 Pin=D1_Bat5-10
Added Pin To Net: NetName=B+_Bat5 Pin=D1_Bat5-11
Added Pin To Net: NetName=NetD1_Bat5_12 Pin=D1_Bat5-12
Added Pin To Net: NetName=B+_Bat5 Pin=D1_Bat5-13
Added Pin To Net: NetName=NetD1_Bat5_14 Pin=D1_Bat5-14
Added Pin To Net: NetName=B+_Bat5 Pin=D1_Bat5-15
Added Pin To Net: NetName=NetD1_Bat5_16 Pin=D1_Bat5-16
Added Pin To Net: NetName=B+_Bat5 Pin=D1_Bat5-17
Added Pin To Net: NetName=NetD1_Bat5_18 Pin=D1_Bat5-18
Added Pin To Net: NetName=B+_Bat5 Pin=D1_Bat5-19
Added Pin To Net: NetName=NetD1_Bat5_20 Pin=D1_Bat5-20
Added Pin To Net: NetName=B+_Bat6 Pin=D1_Bat6-1
Added Pin To Net: NetName=NetD1_Bat6_2 Pin=D1_Bat6-2
Added Pin To Net: NetName=B+_Bat6 Pin=D1_Bat6-3
Added Pin To Net: NetName=NetD1_Bat6_4 Pin=D1_Bat6-4
Added Pin To Net: NetName=B+_Bat6 Pin=D1_Bat6-5
Added Pin To Net: NetName=NetD1_Bat6_6 Pin=D1_Bat6-6
Added Pin To Net: NetName=B+_Bat6 Pin=D1_Bat6-7
Added Pin To Net: NetName=NetD1_Bat6_8 Pin=D1_Bat6-8
Added Pin To Net: NetName=B+_Bat6 Pin=D1_Bat6-9
Added Pin To Net: NetName=NetD1_Bat6_10 Pin=D1_Bat6-10
Added Pin To Net: NetName=B+_Bat6 Pin=D1_Bat6-11
Added Pin To Net: NetName=NetD1_Bat6_12 Pin=D1_Bat6-12
Added Pin To Net: NetName=B+_Bat6 Pin=D1_Bat6-13
Added Pin To Net: NetName=NetD1_Bat6_14 Pin=D1_Bat6-14
Added Pin To Net: NetName=B+_Bat6 Pin=D1_Bat6-15
Added Pin To Net: NetName=NetD1_Bat6_16 Pin=D1_Bat6-16
Added Pin To Net: NetName=B+_Bat6 Pin=D1_Bat6-17
Added Pin To Net: NetName=NetD1_Bat6_18 Pin=D1_Bat6-18
Added Pin To Net: NetName=B+_Bat6 Pin=D1_Bat6-19
Added Pin To Net: NetName=NetD1_Bat6_20 Pin=D1_Bat6-20
Added Pin To Net: NetName=NetD1_Bat1_20 Pin=LEDDriver_Bat1-1
Added Pin To Net: NetName=B-_Bat1 Pin=LEDDriver_Bat1-2
Added Pin To Net: NetName=B+_Bat1 Pin=LEDDriver_Bat1-3
Added Pin To Net: NetName=NetLEDDriver_Bat1_4 Pin=LEDDriver_Bat1-4
Added Pin To Net: NetName=NetLEDDriver_Bat1_5 Pin=LEDDriver_Bat1-5
Added Pin To Net: NetName=NetLEDDriver_Bat1_6 Pin=LEDDriver_Bat1-6
Added Pin To Net: NetName=NetLEDDriver_Bat1_6 Pin=LEDDriver_Bat1-7
Added Pin To Net: NetName=NetLEDDriver_Bat1_8 Pin=LEDDriver_Bat1-8
Added Pin To Net: NetName=B+_Bat1 Pin=LEDDriver_Bat1-9
Added Pin To Net: NetName=NetD1_Bat1_18 Pin=LEDDriver_Bat1-10
Added Pin To Net: NetName=NetD1_Bat1_16 Pin=LEDDriver_Bat1-11
Added Pin To Net: NetName=NetD1_Bat1_14 Pin=LEDDriver_Bat1-12
Added Pin To Net: NetName=NetD1_Bat1_12 Pin=LEDDriver_Bat1-13
Added Pin To Net: NetName=NetD1_Bat1_10 Pin=LEDDriver_Bat1-14
Added Pin To Net: NetName=NetD1_Bat1_8 Pin=LEDDriver_Bat1-15
Added Pin To Net: NetName=NetD1_Bat1_6 Pin=LEDDriver_Bat1-16
Added Pin To Net: NetName=NetD1_Bat1_4 Pin=LEDDriver_Bat1-17
Added Pin To Net: NetName=NetD1_Bat1_2 Pin=LEDDriver_Bat1-18
Added Pin To Net: NetName=NetD1_Bat2_20 Pin=LEDDriver_Bat2-1
Added Pin To Net: NetName=B-_Bat2 Pin=LEDDriver_Bat2-2
Added Pin To Net: NetName=B+_Bat2 Pin=LEDDriver_Bat2-3
Added Pin To Net: NetName=NetLEDDriver_Bat2_4 Pin=LEDDriver_Bat2-4
Added Pin To Net: NetName=NetLEDDriver_Bat2_5 Pin=LEDDriver_Bat2-5
Added Pin To Net: NetName=NetLEDDriver_Bat2_6 Pin=LEDDriver_Bat2-6
Added Pin To Net: NetName=NetLEDDriver_Bat2_6 Pin=LEDDriver_Bat2-7
Added Pin To Net: NetName=NetLEDDriver_Bat2_8 Pin=LEDDriver_Bat2-8
Added Pin To Net: NetName=B+_Bat2 Pin=LEDDriver_Bat2-9
Added Pin To Net: NetName=NetD1_Bat2_18 Pin=LEDDriver_Bat2-10
Added Pin To Net: NetName=NetD1_Bat2_16 Pin=LEDDriver_Bat2-11
Added Pin To Net: NetName=NetD1_Bat2_14 Pin=LEDDriver_Bat2-12
Added Pin To Net: NetName=NetD1_Bat2_12 Pin=LEDDriver_Bat2-13
Added Pin To Net: NetName=NetD1_Bat2_10 Pin=LEDDriver_Bat2-14
Added Pin To Net: NetName=NetD1_Bat2_8 Pin=LEDDriver_Bat2-15
Added Pin To Net: NetName=NetD1_Bat2_6 Pin=LEDDriver_Bat2-16
Added Pin To Net: NetName=NetD1_Bat2_4 Pin=LEDDriver_Bat2-17
Added Pin To Net: NetName=NetD1_Bat2_2 Pin=LEDDriver_Bat2-18
Added Pin To Net: NetName=NetD1_Bat3_20 Pin=LEDDriver_Bat3-1
Added Pin To Net: NetName=B-_Bat3 Pin=LEDDriver_Bat3-2
Added Pin To Net: NetName=B+_Bat3 Pin=LEDDriver_Bat3-3
Added Pin To Net: NetName=NetLEDDriver_Bat3_4 Pin=LEDDriver_Bat3-4
Added Pin To Net: NetName=NetLEDDriver_Bat3_5 Pin=LEDDriver_Bat3-5
Added Pin To Net: NetName=NetLEDDriver_Bat3_6 Pin=LEDDriver_Bat3-6
Added Pin To Net: NetName=NetLEDDriver_Bat3_6 Pin=LEDDriver_Bat3-7
Added Pin To Net: NetName=NetLEDDriver_Bat3_8 Pin=LEDDriver_Bat3-8
Added Pin To Net: NetName=B+_Bat3 Pin=LEDDriver_Bat3-9
Added Pin To Net: NetName=NetD1_Bat3_18 Pin=LEDDriver_Bat3-10
Added Pin To Net: NetName=NetD1_Bat3_16 Pin=LEDDriver_Bat3-11
Added Pin To Net: NetName=NetD1_Bat3_14 Pin=LEDDriver_Bat3-12
Added Pin To Net: NetName=NetD1_Bat3_12 Pin=LEDDriver_Bat3-13
Added Pin To Net: NetName=NetD1_Bat3_10 Pin=LEDDriver_Bat3-14
Added Pin To Net: NetName=NetD1_Bat3_8 Pin=LEDDriver_Bat3-15
Added Pin To Net: NetName=NetD1_Bat3_6 Pin=LEDDriver_Bat3-16
Added Pin To Net: NetName=NetD1_Bat3_4 Pin=LEDDriver_Bat3-17
Added Pin To Net: NetName=NetD1_Bat3_2 Pin=LEDDriver_Bat3-18
Added Pin To Net: NetName=NetD1_Bat4_20 Pin=LEDDriver_Bat4-1
Added Pin To Net: NetName=B-_Bat4 Pin=LEDDriver_Bat4-2
Added Pin To Net: NetName=B+_Bat4 Pin=LEDDriver_Bat4-3
Added Pin To Net: NetName=NetLEDDriver_Bat4_4 Pin=LEDDriver_Bat4-4
Added Pin To Net: NetName=NetLEDDriver_Bat4_5 Pin=LEDDriver_Bat4-5
Added Pin To Net: NetName=NetLEDDriver_Bat4_6 Pin=LEDDriver_Bat4-6
Added Pin To Net: NetName=NetLEDDriver_Bat4_6 Pin=LEDDriver_Bat4-7
Added Pin To Net: NetName=NetLEDDriver_Bat4_8 Pin=LEDDriver_Bat4-8
Added Pin To Net: NetName=B+_Bat4 Pin=LEDDriver_Bat4-9
Added Pin To Net: NetName=NetD1_Bat4_18 Pin=LEDDriver_Bat4-10
Added Pin To Net: NetName=NetD1_Bat4_16 Pin=LEDDriver_Bat4-11
Added Pin To Net: NetName=NetD1_Bat4_14 Pin=LEDDriver_Bat4-12
Added Pin To Net: NetName=NetD1_Bat4_12 Pin=LEDDriver_Bat4-13
Added Pin To Net: NetName=NetD1_Bat4_10 Pin=LEDDriver_Bat4-14
Added Pin To Net: NetName=NetD1_Bat4_8 Pin=LEDDriver_Bat4-15
Added Pin To Net: NetName=NetD1_Bat4_6 Pin=LEDDriver_Bat4-16
Added Pin To Net: NetName=NetD1_Bat4_4 Pin=LEDDriver_Bat4-17
Added Pin To Net: NetName=NetD1_Bat4_2 Pin=LEDDriver_Bat4-18
Added Pin To Net: NetName=NetD1_Bat5_20 Pin=LEDDriver_Bat5-1
Added Pin To Net: NetName=B-_Bat5 Pin=LEDDriver_Bat5-2
Added Pin To Net: NetName=B+_Bat5 Pin=LEDDriver_Bat5-3
Added Pin To Net: NetName=NetLEDDriver_Bat5_4 Pin=LEDDriver_Bat5-4
Added Pin To Net: NetName=NetLEDDriver_Bat5_5 Pin=LEDDriver_Bat5-5
Added Pin To Net: NetName=NetLEDDriver_Bat5_6 Pin=LEDDriver_Bat5-6
Added Pin To Net: NetName=NetLEDDriver_Bat5_6 Pin=LEDDriver_Bat5-7
Added Pin To Net: NetName=NetLEDDriver_Bat5_8 Pin=LEDDriver_Bat5-8
Added Pin To Net: NetName=B+_Bat5 Pin=LEDDriver_Bat5-9
Added Pin To Net: NetName=NetD1_Bat5_18 Pin=LEDDriver_Bat5-10
Added Pin To Net: NetName=NetD1_Bat5_16 Pin=LEDDriver_Bat5-11
Added Pin To Net: NetName=NetD1_Bat5_14 Pin=LEDDriver_Bat5-12
Added Pin To Net: NetName=NetD1_Bat5_12 Pin=LEDDriver_Bat5-13
Added Pin To Net: NetName=NetD1_Bat5_10 Pin=LEDDriver_Bat5-14
Added Pin To Net: NetName=NetD1_Bat5_8 Pin=LEDDriver_Bat5-15
Added Pin To Net: NetName=NetD1_Bat5_6 Pin=LEDDriver_Bat5-16
Added Pin To Net: NetName=NetD1_Bat5_4 Pin=LEDDriver_Bat5-17
Added Pin To Net: NetName=NetD1_Bat5_2 Pin=LEDDriver_Bat5-18
Added Pin To Net: NetName=NetD1_Bat6_20 Pin=LEDDriver_Bat6-1
Added Pin To Net: NetName=B-_Bat6 Pin=LEDDriver_Bat6-2
Added Pin To Net: NetName=B+_Bat6 Pin=LEDDriver_Bat6-3
Added Pin To Net: NetName=NetLEDDriver_Bat6_4 Pin=LEDDriver_Bat6-4
Added Pin To Net: NetName=NetLEDDriver_Bat6_5 Pin=LEDDriver_Bat6-5
Added Pin To Net: NetName=NetLEDDriver_Bat6_6 Pin=LEDDriver_Bat6-6
Added Pin To Net: NetName=NetLEDDriver_Bat6_6 Pin=LEDDriver_Bat6-7
Added Pin To Net: NetName=NetLEDDriver_Bat6_8 Pin=LEDDriver_Bat6-8
Added Pin To Net: NetName=B+_Bat6 Pin=LEDDriver_Bat6-9
Added Pin To Net: NetName=NetD1_Bat6_18 Pin=LEDDriver_Bat6-10
Added Pin To Net: NetName=NetD1_Bat6_16 Pin=LEDDriver_Bat6-11
Added Pin To Net: NetName=NetD1_Bat6_14 Pin=LEDDriver_Bat6-12
Added Pin To Net: NetName=NetD1_Bat6_12 Pin=LEDDriver_Bat6-13
Added Pin To Net: NetName=NetD1_Bat6_10 Pin=LEDDriver_Bat6-14
Added Pin To Net: NetName=NetD1_Bat6_8 Pin=LEDDriver_Bat6-15
Added Pin To Net: NetName=NetD1_Bat6_6 Pin=LEDDriver_Bat6-16
Added Pin To Net: NetName=NetD1_Bat6_4 Pin=LEDDriver_Bat6-17
Added Pin To Net: NetName=NetD1_Bat6_2 Pin=LEDDriver_Bat6-18
Added Member To Class: ClassName=Bat1 Member=Component D1_Bat1 (D1) LED
Added Member To Class: ClassName=Bat2 Member=Component D1_Bat2 (D1) LED
Added Member To Class: ClassName=Bat3 Member=Component D1_Bat3 (D1) LED
Added Member To Class: ClassName=Bat4 Member=Component D1_Bat4 (D1) LED
Added Member To Class: ClassName=Bat5 Member=Component D1_Bat5 (D1) LED
Added Member To Class: ClassName=Bat6 Member=Component D1_Bat6 (D1) LED
Added Member To Class: ClassName=Bat1 Member=Component LEDDriver_Bat1 (LEDDriver) LM3914
Added Member To Class: ClassName=Bat2 Member=Component LEDDriver_Bat2 (LEDDriver) LM3914
Added Member To Class: ClassName=Bat3 Member=Component LEDDriver_Bat3 (LEDDriver) LM3914
Added Member To Class: ClassName=Bat4 Member=Component LEDDriver_Bat4 (LEDDriver) LM3914
Added Member To Class: ClassName=Bat5 Member=Component LEDDriver_Bat5 (LEDDriver) LM3914
Added Member To Class: ClassName=Bat6 Member=Component LEDDriver_Bat6 (LEDDriver) LM3914
