Removed Pin From Net: NetName=B-7 Pin=NMOS_Bat1-1
Removed Pin From Net: NetName=NetNMOS_Bat1_1 Pin=NMOS_Bat1-4
Removed Pin From Net: NetName=B-2 Pin=NMOS_Bat1-5
Removed Pin From Net: NetName=B-2 Pin=NMOS_Bat2-1
Removed Pin From Net: NetName=NetNMOS_Bat2_1 Pin=NMOS_Bat2-4
Removed Pin From Net: NetName=B-3 Pin=NMOS_Bat2-5
Removed Pin From Net: NetName=B-3 Pin=NMOS_Bat3-1
Removed Pin From Net: NetName=NetNMOS_Bat3_1 Pin=NMOS_Bat3-4
Removed Pin From Net: NetName=B-4 Pin=NMOS_Bat3-5
Removed Pin From Net: NetName=B-4 Pin=NMOS_Bat4-1
Removed Pin From Net: NetName=NetNMOS_Bat4_1 Pin=NMOS_Bat4-4
Removed Pin From Net: NetName=B-5 Pin=NMOS_Bat4-5
Removed Pin From Net: NetName=B-5 Pin=NMOS_Bat5-1
Removed Pin From Net: NetName=NetNMOS_Bat5_1 Pin=NMOS_Bat5-4
Removed Pin From Net: NetName=B-6 Pin=NMOS_Bat5-5
Removed Pin From Net: NetName=B-6 Pin=NMOS_Bat6-1
Removed Pin From Net: NetName=NetNMOS_Bat6_1 Pin=NMOS_Bat6-4
Removed Pin From Net: NetName=B+7 Pin=NMOS_Bat6-5
Change Component Footprint: Designator=NMOS_Bat1 Old Footprint=SOIC8 New Footprint=Mosfet
Change Component Footprint: Designator=NMOS_Bat2 Old Footprint=SOIC8 New Footprint=Mosfet
Change Component Footprint: Designator=NMOS_Bat3 Old Footprint=SOIC8 New Footprint=Mosfet
Change Component Footprint: Designator=NMOS_Bat4 Old Footprint=SOIC8 New Footprint=Mosfet
Change Component Footprint: Designator=NMOS_Bat5 Old Footprint=SOIC8 New Footprint=Mosfet
Change Component Footprint: Designator=NMOS_Bat6 Old Footprint=SOIC8 New Footprint=Mosfet
Added Pin To Net: NetName=B-2 Pin=NMOS_Bat1-2
Added Pin To Net: NetName=B-2 Pin=NMOS_Bat1-2
Added Pin To Net: NetName=B-2 Pin=NMOS_Bat1-2
Added Pin To Net: NetName=B-7 Pin=NMOS_Bat1-3
Added Pin To Net: NetName=B-7 Pin=NMOS_Bat1-3
Added Pin To Net: NetName=B-7 Pin=NMOS_Bat1-3
Added Pin To Net: NetName=B-7 Pin=NMOS_Bat1-3
Added Pin To Net: NetName=B-3 Pin=NMOS_Bat2-2
Added Pin To Net: NetName=B-3 Pin=NMOS_Bat2-2
Added Pin To Net: NetName=B-3 Pin=NMOS_Bat2-2
Added Pin To Net: NetName=B-2 Pin=NMOS_Bat2-3
Added Pin To Net: NetName=B-2 Pin=NMOS_Bat2-3
Added Pin To Net: NetName=B-2 Pin=NMOS_Bat2-3
Added Pin To Net: NetName=B-2 Pin=NMOS_Bat2-3
Added Pin To Net: NetName=B-4 Pin=NMOS_Bat3-2
Added Pin To Net: NetName=B-4 Pin=NMOS_Bat3-2
Added Pin To Net: NetName=B-4 Pin=NMOS_Bat3-2
Added Pin To Net: NetName=B-3 Pin=NMOS_Bat3-3
Added Pin To Net: NetName=B-3 Pin=NMOS_Bat3-3
Added Pin To Net: NetName=B-3 Pin=NMOS_Bat3-3
Added Pin To Net: NetName=B-3 Pin=NMOS_Bat3-3
Added Pin To Net: NetName=B-5 Pin=NMOS_Bat4-2
Added Pin To Net: NetName=B-5 Pin=NMOS_Bat4-2
Added Pin To Net: NetName=B-5 Pin=NMOS_Bat4-2
Added Pin To Net: NetName=B-4 Pin=NMOS_Bat4-3
Added Pin To Net: NetName=B-4 Pin=NMOS_Bat4-3
Added Pin To Net: NetName=B-4 Pin=NMOS_Bat4-3
Added Pin To Net: NetName=B-4 Pin=NMOS_Bat4-3
Added Pin To Net: NetName=B-6 Pin=NMOS_Bat5-2
Added Pin To Net: NetName=B-6 Pin=NMOS_Bat5-2
Added Pin To Net: NetName=B-6 Pin=NMOS_Bat5-2
Added Pin To Net: NetName=B-5 Pin=NMOS_Bat5-3
Added Pin To Net: NetName=B-5 Pin=NMOS_Bat5-3
Added Pin To Net: NetName=B-5 Pin=NMOS_Bat5-3
Added Pin To Net: NetName=B-5 Pin=NMOS_Bat5-3
Added Pin To Net: NetName=B+7 Pin=NMOS_Bat6-2
Added Pin To Net: NetName=B+7 Pin=NMOS_Bat6-2
Added Pin To Net: NetName=B+7 Pin=NMOS_Bat6-2
Added Pin To Net: NetName=B-6 Pin=NMOS_Bat6-3
Added Pin To Net: NetName=B-6 Pin=NMOS_Bat6-3
Added Pin To Net: NetName=B-6 Pin=NMOS_Bat6-3
Added Pin To Net: NetName=B-6 Pin=NMOS_Bat6-3
