Removed Pin From Net: NetName=B+_$ChannelName Pin=R9.B1-2
Removed Pin From Net: NetName=B+_$ChannelName Pin=R9.B2-2
Removed Pin From Net: NetName=B+_$ChannelName Pin=R9.B3-2
Removed Pin From Net: NetName=B+_$ChannelName Pin=R9.B4-2
Removed Pin From Net: NetName=B+_$ChannelName Pin=R9.B5-2
Removed Pin From Net: NetName=NetMP1_y6 Pin=R16-2
Removed Pin From Net: NetName=NetMP1_y6 Pin=R18-2
Added Pin To Net: NetName=NCTRL1 Pin=*1-2
Added Pin To Net: NetName=NCTRL2 Pin=*1-3
Added Pin To Net: NetName=NCTRL3 Pin=*1-4
Added Pin To Net: NetName=NCTRL4 Pin=*1-9
Added Pin To Net: NetName=NCTRL5 Pin=*1-10
Added Pin To Net: NetName=NCTRL6 Pin=*1-11
Added Pin To Net: NetName=PCTRL1 Pin=*1-12
Added Pin To Net: NetName=PCTRL2 Pin=*1-13
Added Pin To Net: NetName=PCTRL3 Pin=*1-14
Added Pin To Net: NetName=PCTRL4 Pin=*1-15
Added Pin To Net: NetName=PCTRL5 Pin=*1-16
Added Pin To Net: NetName=PCTRL6 Pin=*1-17
Added Pin To Net: NetName=B+_$ChannelName Pin=R9.B1-2
Added Pin To Net: NetName=B+_$ChannelName Pin=R9.B2-2
Added Pin To Net: NetName=B+_$ChannelName Pin=R9.B3-2
Added Pin To Net: NetName=B+_$ChannelName Pin=R9.B4-2
Added Pin To Net: NetName=B+_$ChannelName Pin=R9.B5-2
Added Pin To Net: NetName=NetR16_2 Pin=R16-2
Added Pin To Net: NetName=NetR16_2 Pin=R18-2
Added Net: Name=NetR16_2
