Remove Pin=*1-2 From Net=NCTRL
Remove Pin=*1-3 From Net=NCTRL
Remove Pin=*1-4 From Net=NCTRL
Remove Pin=*1-9 From Net=NCTRL
Remove Pin=*1-10 From Net=NCTRL
Remove Pin=*1-11 From Net=NCTRL
Remove Pin=*1-12 From Net=PCTRL
Remove Pin=*1-13 From Net=PCTRL
Remove Pin=*1-14 From Net=PCTRL
Remove Pin=*1-15 From Net=PCTRL
Remove Pin=*1-16 From Net=PCTRL
Remove Pin=*1-17 From Net=PCTRL
Remove Pin=LEDDriver-2 From Net=B-
Remove Pin=R6-2 From Net=B+
Remove Pin=R8-1 From Net=B-
Remove Pin=R11-1 From Net=B-
Remove Pin=R12-1 From Net=B-
Remove Pin=R15-1 From Net=B-
Remove Pin=R16-1 From Net=B+
Remove Pin=R17-1 From Net=B-
Remove Pin=R18-1 From Net=B+
Remove Pin=R19-1 From Net=B-
Remove Pin=R20-1 From Net=B+
Remove Pin=R21-1 From Net=B-
Remove Pin=R22-1 From Net=B+
Remove Pin=R23-1 From Net=B-
Remove Pin=R24-1 From Net=B+
Remove Pin=R25-1 From Net=B+
